[2026-03-03T08:06:33.727+0000] {taskinstance.py:1956} INFO - Dependencies all met for dep_context=non-requeueable deps ti=<TaskInstance: etl_pipeline.transform_timesheet manual__2026-03-03T08:06:04.255902+00:00 [queued]>
[2026-03-03T08:06:33.738+0000] {taskinstance.py:1956} INFO - Dependencies all met for dep_context=requeueable deps ti=<TaskInstance: etl_pipeline.transform_timesheet manual__2026-03-03T08:06:04.255902+00:00 [queued]>
[2026-03-03T08:06:33.739+0000] {taskinstance.py:2170} INFO - Starting attempt 1 of 2
[2026-03-03T08:06:33.750+0000] {taskinstance.py:2191} INFO - Executing <Task(PythonOperator): transform_timesheet> on 2026-03-03 08:06:04.255902+00:00
[2026-03-03T08:06:33.756+0000] {standard_task_runner.py:60} INFO - Started process 190 to run task
[2026-03-03T08:06:33.769+0000] {standard_task_runner.py:87} INFO - Running: ['airflow', 'tasks', 'run', 'etl_pipeline', 'transform_timesheet', 'manual__2026-03-03T08:06:04.255902+00:00', '--job-id', '67', '--raw', '--subdir', 'DAGS_FOLDER/etl_dag.py', '--cfg-path', '/tmp/tmpw0hf37n3']
[2026-03-03T08:06:33.772+0000] {standard_task_runner.py:88} INFO - Job 67: Subtask transform_timesheet
[2026-03-03T08:06:33.841+0000] {task_command.py:423} INFO - Running <TaskInstance: etl_pipeline.transform_timesheet manual__2026-03-03T08:06:04.255902+00:00 [running]> on host ad601963dc0b
[2026-03-03T08:06:34.173+0000] {taskinstance.py:2480} INFO - Exporting env vars: AIRFLOW_CTX_DAG_OWNER='etl_user' AIRFLOW_CTX_DAG_ID='etl_pipeline' AIRFLOW_CTX_TASK_ID='transform_timesheet' AIRFLOW_CTX_EXECUTION_DATE='2026-03-03T08:06:04.255902+00:00' AIRFLOW_CTX_TRY_NUMBER='1' AIRFLOW_CTX_DAG_RUN_ID='manual__2026-03-03T08:06:04.255902+00:00'
[2026-03-03T08:06:36.825+0000] {transform_silver.py:169} INFO - Inserted 8 rows
[2026-03-03T08:06:36.954+0000] {transform_silver.py:169} INFO - Inserted 36 rows
[2026-03-03T08:06:37.046+0000] {transform_silver.py:169} INFO - Inserted 12 rows
[2026-03-03T08:06:37.213+0000] {transform_silver.py:169} INFO - Inserted 9 rows
[2026-03-03T08:06:37.296+0000] {transform_silver.py:169} INFO - Inserted 33 rows
[2026-03-03T08:06:37.376+0000] {transform_silver.py:169} INFO - Inserted 10 rows
[2026-03-03T08:06:40.079+0000] {transform_silver.py:169} INFO - Inserted 62 rows
[2026-03-03T08:06:41.073+0000] {transform_silver.py:169} INFO - Inserted 2 rows
[2026-03-03T08:06:41.423+0000] {transform_silver.py:169} INFO - Inserted 28 rows
[2026-03-03T08:06:41.576+0000] {transform_silver.py:169} INFO - Inserted 34 rows
[2026-03-03T08:06:41.787+0000] {transform_silver.py:169} INFO - Inserted 15 rows
[2026-03-03T08:06:41.871+0000] {transform_silver.py:169} INFO - Inserted 6 rows
[2026-03-03T08:06:41.945+0000] {transform_silver.py:169} INFO - Inserted 8 rows
[2026-03-03T08:06:42.023+0000] {transform_silver.py:169} INFO - Inserted 31 rows
[2026-03-03T08:06:42.103+0000] {transform_silver.py:169} INFO - Inserted 23 rows
[2026-03-03T08:06:42.255+0000] {transform_silver.py:169} INFO - Inserted 25 rows
[2026-03-03T08:06:42.496+0000] {transform_silver.py:169} INFO - Inserted 38 rows
[2026-03-03T08:06:42.575+0000] {transform_silver.py:169} INFO - Inserted 22 rows
[2026-03-03T08:06:42.668+0000] {transform_silver.py:169} INFO - Inserted 21 rows
[2026-03-03T08:06:43.518+0000] {transform_silver.py:169} INFO - Inserted 7 rows
[2026-03-03T08:06:43.629+0000] {transform_silver.py:169} INFO - Inserted 60 rows
[2026-03-03T08:06:43.729+0000] {transform_silver.py:169} INFO - Inserted 36 rows
[2026-03-03T08:06:44.006+0000] {transform_silver.py:169} INFO - Inserted 9 rows
[2026-03-03T08:06:44.114+0000] {transform_silver.py:169} INFO - Inserted 45 rows
[2026-03-03T08:06:44.403+0000] {transform_silver.py:169} INFO - Inserted 30 rows
[2026-03-03T08:06:45.259+0000] {transform_silver.py:171} INFO - Total inserted: 610
[2026-03-03T08:06:45.260+0000] {transform_silver.py:172} WARNING - Total skipped (missing employee): 411961
[2026-03-03T08:06:45.261+0000] {python.py:201} INFO - Done. Returned value was: None
[2026-03-03T08:06:45.338+0000] {taskinstance.py:1138} INFO - Marking task as SUCCESS. dag_id=etl_pipeline, task_id=transform_timesheet, execution_date=20260303T080604, start_date=20260303T080633, end_date=20260303T080645
[2026-03-03T08:06:45.406+0000] {local_task_job_runner.py:234} INFO - Task exited with return code 0
[2026-03-03T08:06:45.473+0000] {taskinstance.py:3280} INFO - 1 downstream tasks scheduled from follow-on schedule check
