[2026-03-03T03:41:01.426+0000] {taskinstance.py:1956} INFO - Dependencies all met for dep_context=non-requeueable deps ti=<TaskInstance: etl_pipeline.extract_timesheets manual__2026-03-03T03:40:57.961355+00:00 [queued]>
[2026-03-03T03:41:01.443+0000] {taskinstance.py:1956} INFO - Dependencies all met for dep_context=requeueable deps ti=<TaskInstance: etl_pipeline.extract_timesheets manual__2026-03-03T03:40:57.961355+00:00 [queued]>
[2026-03-03T03:41:01.443+0000] {taskinstance.py:2170} INFO - Starting attempt 1 of 2
[2026-03-03T03:41:01.471+0000] {taskinstance.py:2191} INFO - Executing <Task(PythonOperator): extract_timesheets> on 2026-03-03 03:40:57.961355+00:00
[2026-03-03T03:41:01.530+0000] {standard_task_runner.py:60} INFO - Started process 182 to run task
[2026-03-03T03:41:01.551+0000] {standard_task_runner.py:87} INFO - Running: ['airflow', 'tasks', 'run', 'etl_pipeline', 'extract_timesheets', 'manual__2026-03-03T03:40:57.961355+00:00', '--job-id', '26', '--raw', '--subdir', 'DAGS_FOLDER/etl_dag.py', '--cfg-path', '/tmp/tmp33p9d92b']
[2026-03-03T03:41:01.568+0000] {standard_task_runner.py:88} INFO - Job 26: Subtask extract_timesheets
[2026-03-03T03:41:01.911+0000] {task_command.py:423} INFO - Running <TaskInstance: etl_pipeline.extract_timesheets manual__2026-03-03T03:40:57.961355+00:00 [running]> on host ad601963dc0b
[2026-03-03T03:41:02.286+0000] {taskinstance.py:2480} INFO - Exporting env vars: AIRFLOW_CTX_DAG_OWNER='etl_user' AIRFLOW_CTX_DAG_ID='etl_pipeline' AIRFLOW_CTX_TASK_ID='extract_timesheets' AIRFLOW_CTX_EXECUTION_DATE='2026-03-03T03:40:57.961355+00:00' AIRFLOW_CTX_TRY_NUMBER='1' AIRFLOW_CTX_DAG_RUN_ID='manual__2026-03-03T03:40:57.961355+00:00'
[2026-03-03T03:41:02.293+0000] {extract_bronze.py:40} INFO - Starting timesheet extraction from folder: /opt/airflow/data/timesheets
[2026-03-03T03:41:07.673+0000] {extract_bronze.py:57} INFO - Extracted 38957 rows from /opt/airflow/data/timesheets/timesheet_202510161124.csv
[2026-03-03T03:41:08.510+0000] {logging_mixin.py:188} WARNING - /opt/airflow/src/etl/extract_bronze.py:53 DtypeWarning: Columns (0) have mixed types. Specify dtype option on import or set low_memory=False.
[2026-03-03T03:41:31.679+0000] {extract_bronze.py:57} INFO - Extracted 269921 rows from /opt/airflow/data/timesheets/timesheet_202509151540.csv
[2026-03-03T03:41:36.368+0000] {extract_bronze.py:57} INFO - Extracted 55435 rows from /opt/airflow/data/timesheets/timesheet_202510161122.csv
[2026-03-03T03:41:39.927+0000] {extract_bronze.py:57} INFO - Extracted 48258 rows from /opt/airflow/data/timesheets/timesheet_202510161121.csv
[2026-03-03T03:41:39.937+0000] {extract_bronze.py:61} INFO - Total rows loaded into staging_timesheet: 412571
[2026-03-03T03:41:39.946+0000] {python.py:201} INFO - Done. Returned value was: None
[2026-03-03T03:41:40.003+0000] {taskinstance.py:1138} INFO - Marking task as SUCCESS. dag_id=etl_pipeline, task_id=extract_timesheets, execution_date=20260303T034057, start_date=20260303T034101, end_date=20260303T034140
[2026-03-03T03:41:40.214+0000] {local_task_job_runner.py:234} INFO - Task exited with return code 0
[2026-03-03T03:41:40.338+0000] {taskinstance.py:3280} INFO - 0 downstream tasks scheduled from follow-on schedule check
