[2026-03-04T00:08:14.147+0000] {processor.py:161} INFO - Started process (PID=6830) to work on /opt/airflow/dags/etl_dag.py
[2026-03-04T00:08:14.150+0000] {processor.py:830} INFO - Processing file /opt/airflow/dags/etl_dag.py for tasks to queue
[2026-03-04T00:08:14.154+0000] {logging_mixin.py:188} INFO - [2026-03-04T00:08:14.153+0000] {dagbag.py:538} INFO - Filling up the DagBag from /opt/airflow/dags/etl_dag.py
[2026-03-04T00:08:14.930+0000] {processor.py:840} INFO - DAG(s) 'etl_pipeline' retrieved from /opt/airflow/dags/etl_dag.py
[2026-03-04T00:08:14.957+0000] {logging_mixin.py:188} INFO - [2026-03-04T00:08:14.957+0000] {dag.py:3036} INFO - Sync 1 DAGs
[2026-03-04T00:08:14.972+0000] {logging_mixin.py:188} INFO - [2026-03-04T00:08:14.972+0000] {dag.py:3823} INFO - Setting next_dagrun for etl_pipeline to None, run_after=None
[2026-03-04T00:08:14.990+0000] {processor.py:183} INFO - Processing /opt/airflow/dags/etl_dag.py took 0.856 seconds
[2026-03-04T00:08:45.883+0000] {processor.py:161} INFO - Started process (PID=6836) to work on /opt/airflow/dags/etl_dag.py
[2026-03-04T00:08:45.885+0000] {processor.py:830} INFO - Processing file /opt/airflow/dags/etl_dag.py for tasks to queue
[2026-03-04T00:08:45.887+0000] {logging_mixin.py:188} INFO - [2026-03-04T00:08:45.886+0000] {dagbag.py:538} INFO - Filling up the DagBag from /opt/airflow/dags/etl_dag.py
[2026-03-04T00:08:46.669+0000] {processor.py:840} INFO - DAG(s) 'etl_pipeline' retrieved from /opt/airflow/dags/etl_dag.py
[2026-03-04T00:08:46.706+0000] {logging_mixin.py:188} INFO - [2026-03-04T00:08:46.706+0000] {dag.py:3036} INFO - Sync 1 DAGs
[2026-03-04T00:08:46.717+0000] {logging_mixin.py:188} INFO - [2026-03-04T00:08:46.717+0000] {dag.py:3823} INFO - Setting next_dagrun for etl_pipeline to None, run_after=None
[2026-03-04T00:08:46.731+0000] {processor.py:183} INFO - Processing /opt/airflow/dags/etl_dag.py took 0.863 seconds
[2026-03-04T00:09:17.257+0000] {processor.py:161} INFO - Started process (PID=6842) to work on /opt/airflow/dags/etl_dag.py
[2026-03-04T00:09:17.261+0000] {processor.py:830} INFO - Processing file /opt/airflow/dags/etl_dag.py for tasks to queue
[2026-03-04T00:09:17.263+0000] {logging_mixin.py:188} INFO - [2026-03-04T00:09:17.262+0000] {dagbag.py:538} INFO - Filling up the DagBag from /opt/airflow/dags/etl_dag.py
[2026-03-04T00:09:18.007+0000] {processor.py:840} INFO - DAG(s) 'etl_pipeline' retrieved from /opt/airflow/dags/etl_dag.py
[2026-03-04T00:09:18.050+0000] {logging_mixin.py:188} INFO - [2026-03-04T00:09:18.049+0000] {dag.py:3036} INFO - Sync 1 DAGs
[2026-03-04T00:09:18.062+0000] {logging_mixin.py:188} INFO - [2026-03-04T00:09:18.062+0000] {dag.py:3823} INFO - Setting next_dagrun for etl_pipeline to None, run_after=None
[2026-03-04T00:09:18.078+0000] {processor.py:183} INFO - Processing /opt/airflow/dags/etl_dag.py took 0.833 seconds
[2026-03-04T00:09:48.720+0000] {processor.py:161} INFO - Started process (PID=6848) to work on /opt/airflow/dags/etl_dag.py
[2026-03-04T00:09:48.723+0000] {processor.py:830} INFO - Processing file /opt/airflow/dags/etl_dag.py for tasks to queue
[2026-03-04T00:09:48.725+0000] {logging_mixin.py:188} INFO - [2026-03-04T00:09:48.724+0000] {dagbag.py:538} INFO - Filling up the DagBag from /opt/airflow/dags/etl_dag.py
[2026-03-04T00:09:49.595+0000] {processor.py:840} INFO - DAG(s) 'etl_pipeline' retrieved from /opt/airflow/dags/etl_dag.py
[2026-03-04T00:09:49.630+0000] {logging_mixin.py:188} INFO - [2026-03-04T00:09:49.630+0000] {dag.py:3036} INFO - Sync 1 DAGs
[2026-03-04T00:09:49.646+0000] {logging_mixin.py:188} INFO - [2026-03-04T00:09:49.645+0000] {dag.py:3823} INFO - Setting next_dagrun for etl_pipeline to None, run_after=None
[2026-03-04T00:09:49.660+0000] {processor.py:183} INFO - Processing /opt/airflow/dags/etl_dag.py took 0.952 seconds
[2026-03-04T00:10:20.211+0000] {processor.py:161} INFO - Started process (PID=6854) to work on /opt/airflow/dags/etl_dag.py
[2026-03-04T00:10:20.214+0000] {processor.py:830} INFO - Processing file /opt/airflow/dags/etl_dag.py for tasks to queue
[2026-03-04T00:10:20.216+0000] {logging_mixin.py:188} INFO - [2026-03-04T00:10:20.215+0000] {dagbag.py:538} INFO - Filling up the DagBag from /opt/airflow/dags/etl_dag.py
[2026-03-04T00:10:20.985+0000] {processor.py:840} INFO - DAG(s) 'etl_pipeline' retrieved from /opt/airflow/dags/etl_dag.py
[2026-03-04T00:10:21.020+0000] {logging_mixin.py:188} INFO - [2026-03-04T00:10:21.020+0000] {dag.py:3036} INFO - Sync 1 DAGs
[2026-03-04T00:10:21.030+0000] {logging_mixin.py:188} INFO - [2026-03-04T00:10:21.030+0000] {dag.py:3823} INFO - Setting next_dagrun for etl_pipeline to None, run_after=None
[2026-03-04T00:10:21.043+0000] {processor.py:183} INFO - Processing /opt/airflow/dags/etl_dag.py took 0.840 seconds
[2026-03-04T00:10:51.655+0000] {processor.py:161} INFO - Started process (PID=6860) to work on /opt/airflow/dags/etl_dag.py
[2026-03-04T00:10:51.659+0000] {processor.py:830} INFO - Processing file /opt/airflow/dags/etl_dag.py for tasks to queue
[2026-03-04T00:10:51.661+0000] {logging_mixin.py:188} INFO - [2026-03-04T00:10:51.660+0000] {dagbag.py:538} INFO - Filling up the DagBag from /opt/airflow/dags/etl_dag.py
[2026-03-04T00:10:52.430+0000] {processor.py:840} INFO - DAG(s) 'etl_pipeline' retrieved from /opt/airflow/dags/etl_dag.py
[2026-03-04T00:10:52.483+0000] {logging_mixin.py:188} INFO - [2026-03-04T00:10:52.482+0000] {dag.py:3036} INFO - Sync 1 DAGs
[2026-03-04T00:10:52.496+0000] {logging_mixin.py:188} INFO - [2026-03-04T00:10:52.496+0000] {dag.py:3823} INFO - Setting next_dagrun for etl_pipeline to None, run_after=None
[2026-03-04T00:10:52.513+0000] {processor.py:183} INFO - Processing /opt/airflow/dags/etl_dag.py took 0.876 seconds
[2026-03-04T00:11:38.680+0000] {processor.py:161} INFO - Started process (PID=6866) to work on /opt/airflow/dags/etl_dag.py
[2026-03-04T00:11:38.685+0000] {processor.py:830} INFO - Processing file /opt/airflow/dags/etl_dag.py for tasks to queue
[2026-03-04T00:11:38.690+0000] {logging_mixin.py:188} INFO - [2026-03-04T00:11:38.687+0000] {dagbag.py:538} INFO - Filling up the DagBag from /opt/airflow/dags/etl_dag.py
[2026-03-04T00:11:39.486+0000] {processor.py:840} INFO - DAG(s) 'etl_pipeline' retrieved from /opt/airflow/dags/etl_dag.py
[2026-03-04T00:11:39.515+0000] {logging_mixin.py:188} INFO - [2026-03-04T00:11:39.514+0000] {dag.py:3036} INFO - Sync 1 DAGs
[2026-03-04T00:11:39.525+0000] {logging_mixin.py:188} INFO - [2026-03-04T00:11:39.524+0000] {dag.py:3823} INFO - Setting next_dagrun for etl_pipeline to None, run_after=None
[2026-03-04T00:11:39.537+0000] {processor.py:183} INFO - Processing /opt/airflow/dags/etl_dag.py took 0.874 seconds
[2026-03-04T00:12:09.987+0000] {processor.py:161} INFO - Started process (PID=6872) to work on /opt/airflow/dags/etl_dag.py
[2026-03-04T00:12:09.989+0000] {processor.py:830} INFO - Processing file /opt/airflow/dags/etl_dag.py for tasks to queue
[2026-03-04T00:12:09.991+0000] {logging_mixin.py:188} INFO - [2026-03-04T00:12:09.990+0000] {dagbag.py:538} INFO - Filling up the DagBag from /opt/airflow/dags/etl_dag.py
[2026-03-04T00:12:10.776+0000] {processor.py:840} INFO - DAG(s) 'etl_pipeline' retrieved from /opt/airflow/dags/etl_dag.py
[2026-03-04T00:12:10.809+0000] {logging_mixin.py:188} INFO - [2026-03-04T00:12:10.809+0000] {dag.py:3036} INFO - Sync 1 DAGs
[2026-03-04T00:12:10.823+0000] {logging_mixin.py:188} INFO - [2026-03-04T00:12:10.822+0000] {dag.py:3823} INFO - Setting next_dagrun for etl_pipeline to None, run_after=None
[2026-03-04T00:12:10.837+0000] {processor.py:183} INFO - Processing /opt/airflow/dags/etl_dag.py took 0.856 seconds
[2026-03-04T00:29:28.865+0000] {processor.py:161} INFO - Started process (PID=6878) to work on /opt/airflow/dags/etl_dag.py
[2026-03-04T00:29:28.869+0000] {processor.py:830} INFO - Processing file /opt/airflow/dags/etl_dag.py for tasks to queue
[2026-03-04T00:29:28.873+0000] {logging_mixin.py:188} INFO - [2026-03-04T00:29:28.871+0000] {dagbag.py:538} INFO - Filling up the DagBag from /opt/airflow/dags/etl_dag.py
[2026-03-04T00:29:29.837+0000] {processor.py:840} INFO - DAG(s) 'etl_pipeline' retrieved from /opt/airflow/dags/etl_dag.py
[2026-03-04T00:29:29.869+0000] {logging_mixin.py:188} INFO - [2026-03-04T00:29:29.869+0000] {dag.py:3036} INFO - Sync 1 DAGs
[2026-03-04T00:29:29.878+0000] {logging_mixin.py:188} INFO - [2026-03-04T00:29:29.878+0000] {dag.py:3823} INFO - Setting next_dagrun for etl_pipeline to None, run_after=None
[2026-03-04T00:29:29.891+0000] {processor.py:183} INFO - Processing /opt/airflow/dags/etl_dag.py took 1.045 seconds
[2026-03-04T00:35:57.322+0000] {processor.py:161} INFO - Started process (PID=6886) to work on /opt/airflow/dags/etl_dag.py
[2026-03-04T00:35:57.326+0000] {processor.py:830} INFO - Processing file /opt/airflow/dags/etl_dag.py for tasks to queue
[2026-03-04T00:35:57.330+0000] {logging_mixin.py:188} INFO - [2026-03-04T00:35:57.329+0000] {dagbag.py:538} INFO - Filling up the DagBag from /opt/airflow/dags/etl_dag.py
[2026-03-04T00:35:58.235+0000] {processor.py:840} INFO - DAG(s) 'etl_pipeline' retrieved from /opt/airflow/dags/etl_dag.py
[2026-03-04T00:35:58.299+0000] {logging_mixin.py:188} INFO - [2026-03-04T00:35:58.298+0000] {dag.py:3036} INFO - Sync 1 DAGs
[2026-03-04T00:35:58.312+0000] {logging_mixin.py:188} INFO - [2026-03-04T00:35:58.312+0000] {dag.py:3823} INFO - Setting next_dagrun for etl_pipeline to None, run_after=None
[2026-03-04T00:35:58.329+0000] {processor.py:183} INFO - Processing /opt/airflow/dags/etl_dag.py took 1.016 seconds
[2026-03-04T00:36:28.968+0000] {processor.py:161} INFO - Started process (PID=6892) to work on /opt/airflow/dags/etl_dag.py
[2026-03-04T00:36:28.970+0000] {processor.py:830} INFO - Processing file /opt/airflow/dags/etl_dag.py for tasks to queue
[2026-03-04T00:36:28.971+0000] {logging_mixin.py:188} INFO - [2026-03-04T00:36:28.971+0000] {dagbag.py:538} INFO - Filling up the DagBag from /opt/airflow/dags/etl_dag.py
[2026-03-04T00:36:29.710+0000] {processor.py:840} INFO - DAG(s) 'etl_pipeline' retrieved from /opt/airflow/dags/etl_dag.py
[2026-03-04T00:36:29.740+0000] {logging_mixin.py:188} INFO - [2026-03-04T00:36:29.740+0000] {dag.py:3036} INFO - Sync 1 DAGs
[2026-03-04T00:36:29.750+0000] {logging_mixin.py:188} INFO - [2026-03-04T00:36:29.750+0000] {dag.py:3823} INFO - Setting next_dagrun for etl_pipeline to None, run_after=None
[2026-03-04T00:36:29.764+0000] {processor.py:183} INFO - Processing /opt/airflow/dags/etl_dag.py took 0.806 seconds
[2026-03-04T00:37:00.512+0000] {processor.py:161} INFO - Started process (PID=6898) to work on /opt/airflow/dags/etl_dag.py
[2026-03-04T00:37:00.522+0000] {processor.py:830} INFO - Processing file /opt/airflow/dags/etl_dag.py for tasks to queue
[2026-03-04T00:37:00.527+0000] {logging_mixin.py:188} INFO - [2026-03-04T00:37:00.525+0000] {dagbag.py:538} INFO - Filling up the DagBag from /opt/airflow/dags/etl_dag.py
[2026-03-04T00:37:02.428+0000] {processor.py:840} INFO - DAG(s) 'etl_pipeline' retrieved from /opt/airflow/dags/etl_dag.py
[2026-03-04T00:37:02.466+0000] {logging_mixin.py:188} INFO - [2026-03-04T00:37:02.466+0000] {dag.py:3036} INFO - Sync 1 DAGs
[2026-03-04T00:37:02.482+0000] {logging_mixin.py:188} INFO - [2026-03-04T00:37:02.482+0000] {dag.py:3823} INFO - Setting next_dagrun for etl_pipeline to None, run_after=None
[2026-03-04T00:37:02.498+0000] {processor.py:183} INFO - Processing /opt/airflow/dags/etl_dag.py took 2.020 seconds
[2026-03-04T00:37:33.231+0000] {processor.py:161} INFO - Started process (PID=6904) to work on /opt/airflow/dags/etl_dag.py
[2026-03-04T00:37:33.233+0000] {processor.py:830} INFO - Processing file /opt/airflow/dags/etl_dag.py for tasks to queue
[2026-03-04T00:37:33.235+0000] {logging_mixin.py:188} INFO - [2026-03-04T00:37:33.234+0000] {dagbag.py:538} INFO - Filling up the DagBag from /opt/airflow/dags/etl_dag.py
[2026-03-04T00:37:33.965+0000] {processor.py:840} INFO - DAG(s) 'etl_pipeline' retrieved from /opt/airflow/dags/etl_dag.py
[2026-03-04T00:37:33.996+0000] {logging_mixin.py:188} INFO - [2026-03-04T00:37:33.996+0000] {dag.py:3036} INFO - Sync 1 DAGs
[2026-03-04T00:37:34.007+0000] {logging_mixin.py:188} INFO - [2026-03-04T00:37:34.007+0000] {dag.py:3823} INFO - Setting next_dagrun for etl_pipeline to None, run_after=None
[2026-03-04T00:37:34.021+0000] {processor.py:183} INFO - Processing /opt/airflow/dags/etl_dag.py took 0.805 seconds
[2026-03-04T00:38:04.515+0000] {processor.py:161} INFO - Started process (PID=6910) to work on /opt/airflow/dags/etl_dag.py
[2026-03-04T00:38:04.518+0000] {processor.py:830} INFO - Processing file /opt/airflow/dags/etl_dag.py for tasks to queue
[2026-03-04T00:38:04.519+0000] {logging_mixin.py:188} INFO - [2026-03-04T00:38:04.519+0000] {dagbag.py:538} INFO - Filling up the DagBag from /opt/airflow/dags/etl_dag.py
[2026-03-04T00:38:05.273+0000] {processor.py:840} INFO - DAG(s) 'etl_pipeline' retrieved from /opt/airflow/dags/etl_dag.py
[2026-03-04T00:38:05.299+0000] {logging_mixin.py:188} INFO - [2026-03-04T00:38:05.299+0000] {dag.py:3036} INFO - Sync 1 DAGs
[2026-03-04T00:38:05.315+0000] {logging_mixin.py:188} INFO - [2026-03-04T00:38:05.315+0000] {dag.py:3823} INFO - Setting next_dagrun for etl_pipeline to None, run_after=None
[2026-03-04T00:38:05.328+0000] {processor.py:183} INFO - Processing /opt/airflow/dags/etl_dag.py took 0.830 seconds
[2026-03-04T00:38:35.865+0000] {processor.py:161} INFO - Started process (PID=6916) to work on /opt/airflow/dags/etl_dag.py
[2026-03-04T00:38:35.872+0000] {processor.py:830} INFO - Processing file /opt/airflow/dags/etl_dag.py for tasks to queue
[2026-03-04T00:38:35.873+0000] {logging_mixin.py:188} INFO - [2026-03-04T00:38:35.872+0000] {dagbag.py:538} INFO - Filling up the DagBag from /opt/airflow/dags/etl_dag.py
[2026-03-04T00:38:36.578+0000] {processor.py:840} INFO - DAG(s) 'etl_pipeline' retrieved from /opt/airflow/dags/etl_dag.py
[2026-03-04T00:38:36.604+0000] {logging_mixin.py:188} INFO - [2026-03-04T00:38:36.604+0000] {dag.py:3036} INFO - Sync 1 DAGs
[2026-03-04T00:38:36.613+0000] {logging_mixin.py:188} INFO - [2026-03-04T00:38:36.613+0000] {dag.py:3823} INFO - Setting next_dagrun for etl_pipeline to None, run_after=None
[2026-03-04T00:38:36.626+0000] {processor.py:183} INFO - Processing /opt/airflow/dags/etl_dag.py took 0.771 seconds
[2026-03-04T00:56:05.450+0000] {processor.py:161} INFO - Started process (PID=6924) to work on /opt/airflow/dags/etl_dag.py
[2026-03-04T00:56:05.453+0000] {processor.py:830} INFO - Processing file /opt/airflow/dags/etl_dag.py for tasks to queue
[2026-03-04T00:56:05.456+0000] {logging_mixin.py:188} INFO - [2026-03-04T00:56:05.454+0000] {dagbag.py:538} INFO - Filling up the DagBag from /opt/airflow/dags/etl_dag.py
[2026-03-04T00:56:06.224+0000] {processor.py:840} INFO - DAG(s) 'etl_pipeline' retrieved from /opt/airflow/dags/etl_dag.py
[2026-03-04T00:56:06.264+0000] {logging_mixin.py:188} INFO - [2026-03-04T00:56:06.264+0000] {dag.py:3036} INFO - Sync 1 DAGs
[2026-03-04T00:56:06.274+0000] {logging_mixin.py:188} INFO - [2026-03-04T00:56:06.274+0000] {dag.py:3823} INFO - Setting next_dagrun for etl_pipeline to None, run_after=None
[2026-03-04T00:56:06.288+0000] {processor.py:183} INFO - Processing /opt/airflow/dags/etl_dag.py took 0.853 seconds
[2026-03-04T00:56:36.837+0000] {processor.py:161} INFO - Started process (PID=6930) to work on /opt/airflow/dags/etl_dag.py
[2026-03-04T00:56:36.842+0000] {processor.py:830} INFO - Processing file /opt/airflow/dags/etl_dag.py for tasks to queue
[2026-03-04T00:56:36.845+0000] {logging_mixin.py:188} INFO - [2026-03-04T00:56:36.844+0000] {dagbag.py:538} INFO - Filling up the DagBag from /opt/airflow/dags/etl_dag.py
[2026-03-04T00:56:37.544+0000] {processor.py:840} INFO - DAG(s) 'etl_pipeline' retrieved from /opt/airflow/dags/etl_dag.py
[2026-03-04T00:56:37.570+0000] {logging_mixin.py:188} INFO - [2026-03-04T00:56:37.569+0000] {dag.py:3036} INFO - Sync 1 DAGs
[2026-03-04T00:56:37.579+0000] {logging_mixin.py:188} INFO - [2026-03-04T00:56:37.578+0000] {dag.py:3823} INFO - Setting next_dagrun for etl_pipeline to None, run_after=None
[2026-03-04T00:56:37.591+0000] {processor.py:183} INFO - Processing /opt/airflow/dags/etl_dag.py took 0.761 seconds
[2026-03-04T01:13:42.572+0000] {processor.py:161} INFO - Started process (PID=6936) to work on /opt/airflow/dags/etl_dag.py
[2026-03-04T01:13:42.573+0000] {processor.py:830} INFO - Processing file /opt/airflow/dags/etl_dag.py for tasks to queue
[2026-03-04T01:13:42.575+0000] {logging_mixin.py:188} INFO - [2026-03-04T01:13:42.574+0000] {dagbag.py:538} INFO - Filling up the DagBag from /opt/airflow/dags/etl_dag.py
[2026-03-04T01:13:43.567+0000] {processor.py:840} INFO - DAG(s) 'etl_pipeline' retrieved from /opt/airflow/dags/etl_dag.py
[2026-03-04T01:13:43.672+0000] {logging_mixin.py:188} INFO - [2026-03-04T01:13:43.671+0000] {dag.py:3036} INFO - Sync 1 DAGs
[2026-03-04T01:13:43.711+0000] {logging_mixin.py:188} INFO - [2026-03-04T01:13:43.711+0000] {dag.py:3823} INFO - Setting next_dagrun for etl_pipeline to None, run_after=None
[2026-03-04T01:13:43.762+0000] {processor.py:183} INFO - Processing /opt/airflow/dags/etl_dag.py took 1.204 seconds
[2026-03-04T01:14:14.295+0000] {processor.py:161} INFO - Started process (PID=6942) to work on /opt/airflow/dags/etl_dag.py
[2026-03-04T01:14:14.296+0000] {processor.py:830} INFO - Processing file /opt/airflow/dags/etl_dag.py for tasks to queue
[2026-03-04T01:14:14.298+0000] {logging_mixin.py:188} INFO - [2026-03-04T01:14:14.297+0000] {dagbag.py:538} INFO - Filling up the DagBag from /opt/airflow/dags/etl_dag.py
[2026-03-04T01:14:15.027+0000] {processor.py:840} INFO - DAG(s) 'etl_pipeline' retrieved from /opt/airflow/dags/etl_dag.py
[2026-03-04T01:14:15.062+0000] {logging_mixin.py:188} INFO - [2026-03-04T01:14:15.061+0000] {dag.py:3036} INFO - Sync 1 DAGs
[2026-03-04T01:14:15.073+0000] {logging_mixin.py:188} INFO - [2026-03-04T01:14:15.073+0000] {dag.py:3823} INFO - Setting next_dagrun for etl_pipeline to None, run_after=None
[2026-03-04T01:14:15.086+0000] {processor.py:183} INFO - Processing /opt/airflow/dags/etl_dag.py took 0.803 seconds
[2026-03-04T01:14:45.543+0000] {processor.py:161} INFO - Started process (PID=6948) to work on /opt/airflow/dags/etl_dag.py
[2026-03-04T01:14:45.547+0000] {processor.py:830} INFO - Processing file /opt/airflow/dags/etl_dag.py for tasks to queue
[2026-03-04T01:14:45.549+0000] {logging_mixin.py:188} INFO - [2026-03-04T01:14:45.548+0000] {dagbag.py:538} INFO - Filling up the DagBag from /opt/airflow/dags/etl_dag.py
[2026-03-04T01:14:46.547+0000] {processor.py:840} INFO - DAG(s) 'etl_pipeline' retrieved from /opt/airflow/dags/etl_dag.py
[2026-03-04T01:14:46.955+0000] {logging_mixin.py:188} INFO - [2026-03-04T01:14:46.951+0000] {dag.py:3036} INFO - Sync 1 DAGs
[2026-03-04T01:14:46.990+0000] {logging_mixin.py:188} INFO - [2026-03-04T01:14:46.989+0000] {dag.py:3823} INFO - Setting next_dagrun for etl_pipeline to None, run_after=None
[2026-03-04T01:14:47.025+0000] {processor.py:183} INFO - Processing /opt/airflow/dags/etl_dag.py took 1.492 seconds
[2026-03-04T01:15:17.300+0000] {processor.py:161} INFO - Started process (PID=6954) to work on /opt/airflow/dags/etl_dag.py
[2026-03-04T01:15:17.303+0000] {processor.py:830} INFO - Processing file /opt/airflow/dags/etl_dag.py for tasks to queue
[2026-03-04T01:15:17.305+0000] {logging_mixin.py:188} INFO - [2026-03-04T01:15:17.304+0000] {dagbag.py:538} INFO - Filling up the DagBag from /opt/airflow/dags/etl_dag.py
[2026-03-04T01:15:18.034+0000] {processor.py:840} INFO - DAG(s) 'etl_pipeline' retrieved from /opt/airflow/dags/etl_dag.py
[2026-03-04T01:15:18.067+0000] {logging_mixin.py:188} INFO - [2026-03-04T01:15:18.066+0000] {dag.py:3036} INFO - Sync 1 DAGs
[2026-03-04T01:15:18.077+0000] {logging_mixin.py:188} INFO - [2026-03-04T01:15:18.076+0000] {dag.py:3823} INFO - Setting next_dagrun for etl_pipeline to None, run_after=None
[2026-03-04T01:15:18.089+0000] {processor.py:183} INFO - Processing /opt/airflow/dags/etl_dag.py took 0.806 seconds
[2026-03-04T01:15:48.285+0000] {processor.py:161} INFO - Started process (PID=6960) to work on /opt/airflow/dags/etl_dag.py
[2026-03-04T01:15:48.290+0000] {processor.py:830} INFO - Processing file /opt/airflow/dags/etl_dag.py for tasks to queue
[2026-03-04T01:15:48.293+0000] {logging_mixin.py:188} INFO - [2026-03-04T01:15:48.292+0000] {dagbag.py:538} INFO - Filling up the DagBag from /opt/airflow/dags/etl_dag.py
[2026-03-04T01:15:49.094+0000] {processor.py:840} INFO - DAG(s) 'etl_pipeline' retrieved from /opt/airflow/dags/etl_dag.py
[2026-03-04T01:15:49.131+0000] {logging_mixin.py:188} INFO - [2026-03-04T01:15:49.130+0000] {dag.py:3036} INFO - Sync 1 DAGs
[2026-03-04T01:15:49.141+0000] {logging_mixin.py:188} INFO - [2026-03-04T01:15:49.141+0000] {dag.py:3823} INFO - Setting next_dagrun for etl_pipeline to None, run_after=None
[2026-03-04T01:15:49.154+0000] {processor.py:183} INFO - Processing /opt/airflow/dags/etl_dag.py took 0.883 seconds
[2026-03-04T01:16:19.660+0000] {processor.py:161} INFO - Started process (PID=6966) to work on /opt/airflow/dags/etl_dag.py
[2026-03-04T01:16:19.663+0000] {processor.py:830} INFO - Processing file /opt/airflow/dags/etl_dag.py for tasks to queue
[2026-03-04T01:16:19.665+0000] {logging_mixin.py:188} INFO - [2026-03-04T01:16:19.664+0000] {dagbag.py:538} INFO - Filling up the DagBag from /opt/airflow/dags/etl_dag.py
[2026-03-04T01:16:20.441+0000] {processor.py:840} INFO - DAG(s) 'etl_pipeline' retrieved from /opt/airflow/dags/etl_dag.py
[2026-03-04T01:16:20.470+0000] {logging_mixin.py:188} INFO - [2026-03-04T01:16:20.470+0000] {dag.py:3036} INFO - Sync 1 DAGs
[2026-03-04T01:16:20.480+0000] {logging_mixin.py:188} INFO - [2026-03-04T01:16:20.480+0000] {dag.py:3823} INFO - Setting next_dagrun for etl_pipeline to None, run_after=None
[2026-03-04T01:16:20.502+0000] {processor.py:183} INFO - Processing /opt/airflow/dags/etl_dag.py took 0.853 seconds
[2026-03-04T01:33:41.513+0000] {processor.py:161} INFO - Started process (PID=6972) to work on /opt/airflow/dags/etl_dag.py
[2026-03-04T01:33:41.516+0000] {processor.py:830} INFO - Processing file /opt/airflow/dags/etl_dag.py for tasks to queue
[2026-03-04T01:33:41.518+0000] {logging_mixin.py:188} INFO - [2026-03-04T01:33:41.517+0000] {dagbag.py:538} INFO - Filling up the DagBag from /opt/airflow/dags/etl_dag.py
[2026-03-04T01:33:42.845+0000] {processor.py:840} INFO - DAG(s) 'etl_pipeline' retrieved from /opt/airflow/dags/etl_dag.py
[2026-03-04T01:33:42.940+0000] {logging_mixin.py:188} INFO - [2026-03-04T01:33:42.939+0000] {dag.py:3036} INFO - Sync 1 DAGs
[2026-03-04T01:33:42.959+0000] {logging_mixin.py:188} INFO - [2026-03-04T01:33:42.959+0000] {dag.py:3823} INFO - Setting next_dagrun for etl_pipeline to None, run_after=None
[2026-03-04T01:33:42.976+0000] {processor.py:183} INFO - Processing /opt/airflow/dags/etl_dag.py took 1.477 seconds
[2026-03-04T01:36:53.313+0000] {processor.py:161} INFO - Started process (PID=6980) to work on /opt/airflow/dags/etl_dag.py
[2026-03-04T01:36:53.321+0000] {processor.py:830} INFO - Processing file /opt/airflow/dags/etl_dag.py for tasks to queue
[2026-03-04T01:36:53.327+0000] {logging_mixin.py:188} INFO - [2026-03-04T01:36:53.324+0000] {dagbag.py:538} INFO - Filling up the DagBag from /opt/airflow/dags/etl_dag.py
[2026-03-04T01:36:54.613+0000] {processor.py:840} INFO - DAG(s) 'etl_pipeline' retrieved from /opt/airflow/dags/etl_dag.py
[2026-03-04T01:36:54.650+0000] {logging_mixin.py:188} INFO - [2026-03-04T01:36:54.649+0000] {dag.py:3036} INFO - Sync 1 DAGs
[2026-03-04T01:36:54.662+0000] {logging_mixin.py:188} INFO - [2026-03-04T01:36:54.661+0000] {dag.py:3823} INFO - Setting next_dagrun for etl_pipeline to None, run_after=None
[2026-03-04T01:36:54.676+0000] {processor.py:183} INFO - Processing /opt/airflow/dags/etl_dag.py took 1.381 seconds
[2026-03-04T01:37:24.789+0000] {processor.py:161} INFO - Started process (PID=6986) to work on /opt/airflow/dags/etl_dag.py
[2026-03-04T01:37:24.791+0000] {processor.py:830} INFO - Processing file /opt/airflow/dags/etl_dag.py for tasks to queue
[2026-03-04T01:37:24.793+0000] {logging_mixin.py:188} INFO - [2026-03-04T01:37:24.792+0000] {dagbag.py:538} INFO - Filling up the DagBag from /opt/airflow/dags/etl_dag.py
[2026-03-04T01:37:25.526+0000] {processor.py:840} INFO - DAG(s) 'etl_pipeline' retrieved from /opt/airflow/dags/etl_dag.py
[2026-03-04T01:37:25.565+0000] {logging_mixin.py:188} INFO - [2026-03-04T01:37:25.564+0000] {dag.py:3036} INFO - Sync 1 DAGs
[2026-03-04T01:37:25.576+0000] {logging_mixin.py:188} INFO - [2026-03-04T01:37:25.576+0000] {dag.py:3823} INFO - Setting next_dagrun for etl_pipeline to None, run_after=None
[2026-03-04T01:37:25.590+0000] {processor.py:183} INFO - Processing /opt/airflow/dags/etl_dag.py took 0.815 seconds
[2026-03-04T01:52:58.028+0000] {processor.py:161} INFO - Started process (PID=6994) to work on /opt/airflow/dags/etl_dag.py
[2026-03-04T01:52:58.030+0000] {processor.py:830} INFO - Processing file /opt/airflow/dags/etl_dag.py for tasks to queue
[2026-03-04T01:52:58.032+0000] {logging_mixin.py:188} INFO - [2026-03-04T01:52:58.031+0000] {dagbag.py:538} INFO - Filling up the DagBag from /opt/airflow/dags/etl_dag.py
[2026-03-04T01:52:59.368+0000] {processor.py:840} INFO - DAG(s) 'etl_pipeline' retrieved from /opt/airflow/dags/etl_dag.py
[2026-03-04T01:52:59.432+0000] {logging_mixin.py:188} INFO - [2026-03-04T01:52:59.431+0000] {dag.py:3036} INFO - Sync 1 DAGs
[2026-03-04T01:52:59.445+0000] {logging_mixin.py:188} INFO - [2026-03-04T01:52:59.445+0000] {dag.py:3823} INFO - Setting next_dagrun for etl_pipeline to None, run_after=None
[2026-03-04T01:52:59.460+0000] {processor.py:183} INFO - Processing /opt/airflow/dags/etl_dag.py took 1.441 seconds
[2026-03-04T01:53:30.255+0000] {processor.py:161} INFO - Started process (PID=7000) to work on /opt/airflow/dags/etl_dag.py
[2026-03-04T01:53:30.256+0000] {processor.py:830} INFO - Processing file /opt/airflow/dags/etl_dag.py for tasks to queue
[2026-03-04T01:53:30.258+0000] {logging_mixin.py:188} INFO - [2026-03-04T01:53:30.257+0000] {dagbag.py:538} INFO - Filling up the DagBag from /opt/airflow/dags/etl_dag.py
[2026-03-04T01:53:31.482+0000] {processor.py:840} INFO - DAG(s) 'etl_pipeline' retrieved from /opt/airflow/dags/etl_dag.py
[2026-03-04T01:53:31.543+0000] {logging_mixin.py:188} INFO - [2026-03-04T01:53:31.542+0000] {dag.py:3036} INFO - Sync 1 DAGs
[2026-03-04T01:53:31.562+0000] {logging_mixin.py:188} INFO - [2026-03-04T01:53:31.562+0000] {dag.py:3823} INFO - Setting next_dagrun for etl_pipeline to None, run_after=None
[2026-03-04T01:53:31.598+0000] {processor.py:183} INFO - Processing /opt/airflow/dags/etl_dag.py took 1.358 seconds
[2026-03-04T01:54:02.045+0000] {processor.py:161} INFO - Started process (PID=7006) to work on /opt/airflow/dags/etl_dag.py
[2026-03-04T01:54:02.050+0000] {processor.py:830} INFO - Processing file /opt/airflow/dags/etl_dag.py for tasks to queue
[2026-03-04T01:54:02.052+0000] {logging_mixin.py:188} INFO - [2026-03-04T01:54:02.051+0000] {dagbag.py:538} INFO - Filling up the DagBag from /opt/airflow/dags/etl_dag.py
[2026-03-04T01:54:02.824+0000] {processor.py:840} INFO - DAG(s) 'etl_pipeline' retrieved from /opt/airflow/dags/etl_dag.py
[2026-03-04T01:54:02.855+0000] {logging_mixin.py:188} INFO - [2026-03-04T01:54:02.854+0000] {dag.py:3036} INFO - Sync 1 DAGs
[2026-03-04T01:54:02.864+0000] {logging_mixin.py:188} INFO - [2026-03-04T01:54:02.864+0000] {dag.py:3823} INFO - Setting next_dagrun for etl_pipeline to None, run_after=None
[2026-03-04T01:54:02.878+0000] {processor.py:183} INFO - Processing /opt/airflow/dags/etl_dag.py took 0.853 seconds
[2026-03-04T01:54:33.423+0000] {processor.py:161} INFO - Started process (PID=7012) to work on /opt/airflow/dags/etl_dag.py
[2026-03-04T01:54:33.427+0000] {processor.py:830} INFO - Processing file /opt/airflow/dags/etl_dag.py for tasks to queue
[2026-03-04T01:54:33.429+0000] {logging_mixin.py:188} INFO - [2026-03-04T01:54:33.429+0000] {dagbag.py:538} INFO - Filling up the DagBag from /opt/airflow/dags/etl_dag.py
[2026-03-04T01:54:34.175+0000] {processor.py:840} INFO - DAG(s) 'etl_pipeline' retrieved from /opt/airflow/dags/etl_dag.py
[2026-03-04T01:54:34.210+0000] {logging_mixin.py:188} INFO - [2026-03-04T01:54:34.210+0000] {dag.py:3036} INFO - Sync 1 DAGs
[2026-03-04T01:54:34.222+0000] {logging_mixin.py:188} INFO - [2026-03-04T01:54:34.221+0000] {dag.py:3823} INFO - Setting next_dagrun for etl_pipeline to None, run_after=None
[2026-03-04T01:54:34.236+0000] {processor.py:183} INFO - Processing /opt/airflow/dags/etl_dag.py took 0.828 seconds
[2026-03-04T01:55:04.753+0000] {processor.py:161} INFO - Started process (PID=7018) to work on /opt/airflow/dags/etl_dag.py
[2026-03-04T01:55:04.757+0000] {processor.py:830} INFO - Processing file /opt/airflow/dags/etl_dag.py for tasks to queue
[2026-03-04T01:55:04.759+0000] {logging_mixin.py:188} INFO - [2026-03-04T01:55:04.758+0000] {dagbag.py:538} INFO - Filling up the DagBag from /opt/airflow/dags/etl_dag.py
[2026-03-04T01:55:05.523+0000] {processor.py:840} INFO - DAG(s) 'etl_pipeline' retrieved from /opt/airflow/dags/etl_dag.py
[2026-03-04T01:55:05.562+0000] {logging_mixin.py:188} INFO - [2026-03-04T01:55:05.562+0000] {dag.py:3036} INFO - Sync 1 DAGs
[2026-03-04T01:55:05.578+0000] {logging_mixin.py:188} INFO - [2026-03-04T01:55:05.578+0000] {dag.py:3823} INFO - Setting next_dagrun for etl_pipeline to None, run_after=None
[2026-03-04T01:55:05.591+0000] {processor.py:183} INFO - Processing /opt/airflow/dags/etl_dag.py took 0.849 seconds
[2026-03-04T01:55:36.206+0000] {processor.py:161} INFO - Started process (PID=7024) to work on /opt/airflow/dags/etl_dag.py
[2026-03-04T01:55:36.208+0000] {processor.py:830} INFO - Processing file /opt/airflow/dags/etl_dag.py for tasks to queue
[2026-03-04T01:55:36.210+0000] {logging_mixin.py:188} INFO - [2026-03-04T01:55:36.209+0000] {dagbag.py:538} INFO - Filling up the DagBag from /opt/airflow/dags/etl_dag.py
[2026-03-04T01:55:36.955+0000] {processor.py:840} INFO - DAG(s) 'etl_pipeline' retrieved from /opt/airflow/dags/etl_dag.py
[2026-03-04T01:55:36.983+0000] {logging_mixin.py:188} INFO - [2026-03-04T01:55:36.982+0000] {dag.py:3036} INFO - Sync 1 DAGs
[2026-03-04T01:55:36.992+0000] {logging_mixin.py:188} INFO - [2026-03-04T01:55:36.992+0000] {dag.py:3823} INFO - Setting next_dagrun for etl_pipeline to None, run_after=None
[2026-03-04T01:55:37.004+0000] {processor.py:183} INFO - Processing /opt/airflow/dags/etl_dag.py took 0.809 seconds
[2026-03-04T01:56:07.577+0000] {processor.py:161} INFO - Started process (PID=7030) to work on /opt/airflow/dags/etl_dag.py
[2026-03-04T01:56:07.580+0000] {processor.py:830} INFO - Processing file /opt/airflow/dags/etl_dag.py for tasks to queue
[2026-03-04T01:56:07.582+0000] {logging_mixin.py:188} INFO - [2026-03-04T01:56:07.581+0000] {dagbag.py:538} INFO - Filling up the DagBag from /opt/airflow/dags/etl_dag.py
[2026-03-04T01:56:08.385+0000] {processor.py:840} INFO - DAG(s) 'etl_pipeline' retrieved from /opt/airflow/dags/etl_dag.py
[2026-03-04T01:56:08.417+0000] {logging_mixin.py:188} INFO - [2026-03-04T01:56:08.416+0000] {dag.py:3036} INFO - Sync 1 DAGs
[2026-03-04T01:56:08.428+0000] {logging_mixin.py:188} INFO - [2026-03-04T01:56:08.428+0000] {dag.py:3823} INFO - Setting next_dagrun for etl_pipeline to None, run_after=None
[2026-03-04T01:56:08.441+0000] {processor.py:183} INFO - Processing /opt/airflow/dags/etl_dag.py took 0.878 seconds
[2026-03-04T02:11:28.143+0000] {processor.py:161} INFO - Started process (PID=7036) to work on /opt/airflow/dags/etl_dag.py
[2026-03-04T02:11:28.146+0000] {processor.py:830} INFO - Processing file /opt/airflow/dags/etl_dag.py for tasks to queue
[2026-03-04T02:11:28.148+0000] {logging_mixin.py:188} INFO - [2026-03-04T02:11:28.146+0000] {dagbag.py:538} INFO - Filling up the DagBag from /opt/airflow/dags/etl_dag.py
[2026-03-04T02:11:29.611+0000] {processor.py:840} INFO - DAG(s) 'etl_pipeline' retrieved from /opt/airflow/dags/etl_dag.py
[2026-03-04T02:11:29.655+0000] {logging_mixin.py:188} INFO - [2026-03-04T02:11:29.654+0000] {dag.py:3036} INFO - Sync 1 DAGs
[2026-03-04T02:11:29.666+0000] {logging_mixin.py:188} INFO - [2026-03-04T02:11:29.666+0000] {dag.py:3823} INFO - Setting next_dagrun for etl_pipeline to None, run_after=None
[2026-03-04T02:11:29.682+0000] {processor.py:183} INFO - Processing /opt/airflow/dags/etl_dag.py took 1.546 seconds
[2026-03-04T02:19:44.374+0000] {processor.py:161} INFO - Started process (PID=7044) to work on /opt/airflow/dags/etl_dag.py
[2026-03-04T02:19:44.378+0000] {processor.py:830} INFO - Processing file /opt/airflow/dags/etl_dag.py for tasks to queue
[2026-03-04T02:19:44.380+0000] {logging_mixin.py:188} INFO - [2026-03-04T02:19:44.379+0000] {dagbag.py:538} INFO - Filling up the DagBag from /opt/airflow/dags/etl_dag.py
[2026-03-04T02:19:45.326+0000] {processor.py:840} INFO - DAG(s) 'etl_pipeline' retrieved from /opt/airflow/dags/etl_dag.py
[2026-03-04T02:19:45.426+0000] {logging_mixin.py:188} INFO - [2026-03-04T02:19:45.425+0000] {dag.py:3036} INFO - Sync 1 DAGs
[2026-03-04T02:19:45.456+0000] {logging_mixin.py:188} INFO - [2026-03-04T02:19:45.456+0000] {dag.py:3823} INFO - Setting next_dagrun for etl_pipeline to None, run_after=None
[2026-03-04T02:19:45.517+0000] {processor.py:183} INFO - Processing /opt/airflow/dags/etl_dag.py took 1.157 seconds
[2026-03-04T02:20:15.896+0000] {processor.py:161} INFO - Started process (PID=7050) to work on /opt/airflow/dags/etl_dag.py
[2026-03-04T02:20:15.898+0000] {processor.py:830} INFO - Processing file /opt/airflow/dags/etl_dag.py for tasks to queue
[2026-03-04T02:20:15.900+0000] {logging_mixin.py:188} INFO - [2026-03-04T02:20:15.899+0000] {dagbag.py:538} INFO - Filling up the DagBag from /opt/airflow/dags/etl_dag.py
[2026-03-04T02:20:16.639+0000] {processor.py:840} INFO - DAG(s) 'etl_pipeline' retrieved from /opt/airflow/dags/etl_dag.py
[2026-03-04T02:20:16.666+0000] {logging_mixin.py:188} INFO - [2026-03-04T02:20:16.666+0000] {dag.py:3036} INFO - Sync 1 DAGs
[2026-03-04T02:20:16.678+0000] {logging_mixin.py:188} INFO - [2026-03-04T02:20:16.678+0000] {dag.py:3823} INFO - Setting next_dagrun for etl_pipeline to None, run_after=None
[2026-03-04T02:20:16.692+0000] {processor.py:183} INFO - Processing /opt/airflow/dags/etl_dag.py took 0.805 seconds
[2026-03-04T02:20:47.841+0000] {processor.py:161} INFO - Started process (PID=7056) to work on /opt/airflow/dags/etl_dag.py
[2026-03-04T02:20:47.850+0000] {processor.py:830} INFO - Processing file /opt/airflow/dags/etl_dag.py for tasks to queue
[2026-03-04T02:20:47.862+0000] {logging_mixin.py:188} INFO - [2026-03-04T02:20:47.856+0000] {dagbag.py:538} INFO - Filling up the DagBag from /opt/airflow/dags/etl_dag.py
[2026-03-04T02:20:49.303+0000] {processor.py:840} INFO - DAG(s) 'etl_pipeline' retrieved from /opt/airflow/dags/etl_dag.py
[2026-03-04T02:20:49.364+0000] {logging_mixin.py:188} INFO - [2026-03-04T02:20:49.364+0000] {dag.py:3036} INFO - Sync 1 DAGs
[2026-03-04T02:20:49.382+0000] {logging_mixin.py:188} INFO - [2026-03-04T02:20:49.382+0000] {dag.py:3823} INFO - Setting next_dagrun for etl_pipeline to None, run_after=None
[2026-03-04T02:20:49.403+0000] {processor.py:183} INFO - Processing /opt/airflow/dags/etl_dag.py took 1.613 seconds
[2026-03-04T02:21:20.391+0000] {processor.py:161} INFO - Started process (PID=7062) to work on /opt/airflow/dags/etl_dag.py
[2026-03-04T02:21:20.394+0000] {processor.py:830} INFO - Processing file /opt/airflow/dags/etl_dag.py for tasks to queue
[2026-03-04T02:21:20.396+0000] {logging_mixin.py:188} INFO - [2026-03-04T02:21:20.395+0000] {dagbag.py:538} INFO - Filling up the DagBag from /opt/airflow/dags/etl_dag.py
[2026-03-04T02:21:22.748+0000] {processor.py:840} INFO - DAG(s) 'etl_pipeline' retrieved from /opt/airflow/dags/etl_dag.py
[2026-03-04T02:21:23.043+0000] {logging_mixin.py:188} INFO - [2026-03-04T02:21:23.038+0000] {dag.py:3036} INFO - Sync 1 DAGs
[2026-03-04T02:21:23.131+0000] {logging_mixin.py:188} INFO - [2026-03-04T02:21:23.130+0000] {dag.py:3823} INFO - Setting next_dagrun for etl_pipeline to None, run_after=None
[2026-03-04T02:21:23.205+0000] {processor.py:183} INFO - Processing /opt/airflow/dags/etl_dag.py took 2.831 seconds
[2026-03-04T02:21:53.963+0000] {processor.py:161} INFO - Started process (PID=7068) to work on /opt/airflow/dags/etl_dag.py
[2026-03-04T02:21:53.966+0000] {processor.py:830} INFO - Processing file /opt/airflow/dags/etl_dag.py for tasks to queue
[2026-03-04T02:21:53.967+0000] {logging_mixin.py:188} INFO - [2026-03-04T02:21:53.966+0000] {dagbag.py:538} INFO - Filling up the DagBag from /opt/airflow/dags/etl_dag.py
[2026-03-04T02:21:54.946+0000] {processor.py:840} INFO - DAG(s) 'etl_pipeline' retrieved from /opt/airflow/dags/etl_dag.py
[2026-03-04T02:21:55.010+0000] {logging_mixin.py:188} INFO - [2026-03-04T02:21:55.009+0000] {dag.py:3036} INFO - Sync 1 DAGs
[2026-03-04T02:21:55.032+0000] {logging_mixin.py:188} INFO - [2026-03-04T02:21:55.032+0000] {dag.py:3823} INFO - Setting next_dagrun for etl_pipeline to None, run_after=None
[2026-03-04T02:21:55.053+0000] {processor.py:183} INFO - Processing /opt/airflow/dags/etl_dag.py took 1.103 seconds
[2026-03-04T02:22:25.447+0000] {processor.py:161} INFO - Started process (PID=7074) to work on /opt/airflow/dags/etl_dag.py
[2026-03-04T02:22:25.451+0000] {processor.py:830} INFO - Processing file /opt/airflow/dags/etl_dag.py for tasks to queue
[2026-03-04T02:22:25.452+0000] {logging_mixin.py:188} INFO - [2026-03-04T02:22:25.452+0000] {dagbag.py:538} INFO - Filling up the DagBag from /opt/airflow/dags/etl_dag.py
[2026-03-04T02:22:26.951+0000] {processor.py:840} INFO - DAG(s) 'etl_pipeline' retrieved from /opt/airflow/dags/etl_dag.py
[2026-03-04T02:22:26.985+0000] {logging_mixin.py:188} INFO - [2026-03-04T02:22:26.984+0000] {dag.py:3036} INFO - Sync 1 DAGs
[2026-03-04T02:22:26.999+0000] {logging_mixin.py:188} INFO - [2026-03-04T02:22:26.998+0000] {dag.py:3823} INFO - Setting next_dagrun for etl_pipeline to None, run_after=None
[2026-03-04T02:22:27.018+0000] {processor.py:183} INFO - Processing /opt/airflow/dags/etl_dag.py took 1.579 seconds
[2026-03-04T02:22:57.530+0000] {processor.py:161} INFO - Started process (PID=7080) to work on /opt/airflow/dags/etl_dag.py
[2026-03-04T02:22:57.534+0000] {processor.py:830} INFO - Processing file /opt/airflow/dags/etl_dag.py for tasks to queue
[2026-03-04T02:22:57.538+0000] {logging_mixin.py:188} INFO - [2026-03-04T02:22:57.536+0000] {dagbag.py:538} INFO - Filling up the DagBag from /opt/airflow/dags/etl_dag.py
[2026-03-04T02:22:58.937+0000] {processor.py:840} INFO - DAG(s) 'etl_pipeline' retrieved from /opt/airflow/dags/etl_dag.py
[2026-03-04T02:22:58.983+0000] {logging_mixin.py:188} INFO - [2026-03-04T02:22:58.983+0000] {dag.py:3036} INFO - Sync 1 DAGs
[2026-03-04T02:22:59.002+0000] {logging_mixin.py:188} INFO - [2026-03-04T02:22:59.002+0000] {dag.py:3823} INFO - Setting next_dagrun for etl_pipeline to None, run_after=None
[2026-03-04T02:22:59.026+0000] {processor.py:183} INFO - Processing /opt/airflow/dags/etl_dag.py took 1.516 seconds
[2026-03-04T02:23:31.080+0000] {processor.py:161} INFO - Started process (PID=7086) to work on /opt/airflow/dags/etl_dag.py
[2026-03-04T02:23:31.087+0000] {processor.py:830} INFO - Processing file /opt/airflow/dags/etl_dag.py for tasks to queue
[2026-03-04T02:23:31.096+0000] {logging_mixin.py:188} INFO - [2026-03-04T02:23:31.092+0000] {dagbag.py:538} INFO - Filling up the DagBag from /opt/airflow/dags/etl_dag.py
[2026-03-04T02:23:32.299+0000] {processor.py:840} INFO - DAG(s) 'etl_pipeline' retrieved from /opt/airflow/dags/etl_dag.py
[2026-03-04T02:23:32.355+0000] {logging_mixin.py:188} INFO - [2026-03-04T02:23:32.354+0000] {dag.py:3036} INFO - Sync 1 DAGs
[2026-03-04T02:23:32.375+0000] {logging_mixin.py:188} INFO - [2026-03-04T02:23:32.374+0000] {dag.py:3823} INFO - Setting next_dagrun for etl_pipeline to None, run_after=None
[2026-03-04T02:23:32.404+0000] {processor.py:183} INFO - Processing /opt/airflow/dags/etl_dag.py took 1.392 seconds
[2026-03-04T02:24:03.339+0000] {processor.py:161} INFO - Started process (PID=7092) to work on /opt/airflow/dags/etl_dag.py
[2026-03-04T02:24:03.343+0000] {processor.py:830} INFO - Processing file /opt/airflow/dags/etl_dag.py for tasks to queue
[2026-03-04T02:24:03.346+0000] {logging_mixin.py:188} INFO - [2026-03-04T02:24:03.344+0000] {dagbag.py:538} INFO - Filling up the DagBag from /opt/airflow/dags/etl_dag.py
[2026-03-04T02:24:04.280+0000] {processor.py:840} INFO - DAG(s) 'etl_pipeline' retrieved from /opt/airflow/dags/etl_dag.py
[2026-03-04T02:24:04.316+0000] {logging_mixin.py:188} INFO - [2026-03-04T02:24:04.315+0000] {dag.py:3036} INFO - Sync 1 DAGs
[2026-03-04T02:24:04.330+0000] {logging_mixin.py:188} INFO - [2026-03-04T02:24:04.330+0000] {dag.py:3823} INFO - Setting next_dagrun for etl_pipeline to None, run_after=None
[2026-03-04T02:24:04.346+0000] {processor.py:183} INFO - Processing /opt/airflow/dags/etl_dag.py took 1.012 seconds
[2026-03-04T02:24:34.842+0000] {processor.py:161} INFO - Started process (PID=7098) to work on /opt/airflow/dags/etl_dag.py
[2026-03-04T02:24:34.845+0000] {processor.py:830} INFO - Processing file /opt/airflow/dags/etl_dag.py for tasks to queue
[2026-03-04T02:24:34.850+0000] {logging_mixin.py:188} INFO - [2026-03-04T02:24:34.846+0000] {dagbag.py:538} INFO - Filling up the DagBag from /opt/airflow/dags/etl_dag.py
[2026-03-04T02:24:35.618+0000] {processor.py:840} INFO - DAG(s) 'etl_pipeline' retrieved from /opt/airflow/dags/etl_dag.py
[2026-03-04T02:24:35.653+0000] {logging_mixin.py:188} INFO - [2026-03-04T02:24:35.653+0000] {dag.py:3036} INFO - Sync 1 DAGs
[2026-03-04T02:24:35.666+0000] {logging_mixin.py:188} INFO - [2026-03-04T02:24:35.665+0000] {dag.py:3823} INFO - Setting next_dagrun for etl_pipeline to None, run_after=None
[2026-03-04T02:24:35.685+0000] {processor.py:183} INFO - Processing /opt/airflow/dags/etl_dag.py took 0.859 seconds
[2026-03-04T02:25:06.788+0000] {processor.py:161} INFO - Started process (PID=7104) to work on /opt/airflow/dags/etl_dag.py
[2026-03-04T02:25:06.793+0000] {processor.py:830} INFO - Processing file /opt/airflow/dags/etl_dag.py for tasks to queue
[2026-03-04T02:25:06.795+0000] {logging_mixin.py:188} INFO - [2026-03-04T02:25:06.794+0000] {dagbag.py:538} INFO - Filling up the DagBag from /opt/airflow/dags/etl_dag.py
[2026-03-04T02:25:10.695+0000] {processor.py:840} INFO - DAG(s) 'etl_pipeline' retrieved from /opt/airflow/dags/etl_dag.py
[2026-03-04T02:25:10.860+0000] {logging_mixin.py:188} INFO - [2026-03-04T02:25:10.858+0000] {dag.py:3036} INFO - Sync 1 DAGs
[2026-03-04T02:25:10.897+0000] {logging_mixin.py:188} INFO - [2026-03-04T02:25:10.896+0000] {dag.py:3823} INFO - Setting next_dagrun for etl_pipeline to None, run_after=None
[2026-03-04T02:25:10.985+0000] {processor.py:183} INFO - Processing /opt/airflow/dags/etl_dag.py took 4.220 seconds
[2026-03-04T02:25:41.823+0000] {processor.py:161} INFO - Started process (PID=7110) to work on /opt/airflow/dags/etl_dag.py
[2026-03-04T02:25:41.828+0000] {processor.py:830} INFO - Processing file /opt/airflow/dags/etl_dag.py for tasks to queue
[2026-03-04T02:25:41.832+0000] {logging_mixin.py:188} INFO - [2026-03-04T02:25:41.829+0000] {dagbag.py:538} INFO - Filling up the DagBag from /opt/airflow/dags/etl_dag.py
[2026-03-04T02:25:42.820+0000] {processor.py:840} INFO - DAG(s) 'etl_pipeline' retrieved from /opt/airflow/dags/etl_dag.py
[2026-03-04T02:25:42.867+0000] {logging_mixin.py:188} INFO - [2026-03-04T02:25:42.866+0000] {dag.py:3036} INFO - Sync 1 DAGs
[2026-03-04T02:25:42.887+0000] {logging_mixin.py:188} INFO - [2026-03-04T02:25:42.887+0000] {dag.py:3823} INFO - Setting next_dagrun for etl_pipeline to None, run_after=None
[2026-03-04T02:25:42.921+0000] {processor.py:183} INFO - Processing /opt/airflow/dags/etl_dag.py took 1.112 seconds
[2026-03-04T02:26:13.373+0000] {processor.py:161} INFO - Started process (PID=7116) to work on /opt/airflow/dags/etl_dag.py
[2026-03-04T02:26:13.375+0000] {processor.py:830} INFO - Processing file /opt/airflow/dags/etl_dag.py for tasks to queue
[2026-03-04T02:26:13.376+0000] {logging_mixin.py:188} INFO - [2026-03-04T02:26:13.375+0000] {dagbag.py:538} INFO - Filling up the DagBag from /opt/airflow/dags/etl_dag.py
[2026-03-04T02:26:14.227+0000] {processor.py:840} INFO - DAG(s) 'etl_pipeline' retrieved from /opt/airflow/dags/etl_dag.py
[2026-03-04T02:26:14.264+0000] {logging_mixin.py:188} INFO - [2026-03-04T02:26:14.264+0000] {dag.py:3036} INFO - Sync 1 DAGs
[2026-03-04T02:26:14.275+0000] {logging_mixin.py:188} INFO - [2026-03-04T02:26:14.275+0000] {dag.py:3823} INFO - Setting next_dagrun for etl_pipeline to None, run_after=None
[2026-03-04T02:26:14.292+0000] {processor.py:183} INFO - Processing /opt/airflow/dags/etl_dag.py took 0.935 seconds
[2026-03-04T02:26:44.675+0000] {processor.py:161} INFO - Started process (PID=7122) to work on /opt/airflow/dags/etl_dag.py
[2026-03-04T02:26:44.679+0000] {processor.py:830} INFO - Processing file /opt/airflow/dags/etl_dag.py for tasks to queue
[2026-03-04T02:26:44.681+0000] {logging_mixin.py:188} INFO - [2026-03-04T02:26:44.680+0000] {dagbag.py:538} INFO - Filling up the DagBag from /opt/airflow/dags/etl_dag.py
[2026-03-04T02:26:45.438+0000] {processor.py:840} INFO - DAG(s) 'etl_pipeline' retrieved from /opt/airflow/dags/etl_dag.py
[2026-03-04T02:26:45.473+0000] {logging_mixin.py:188} INFO - [2026-03-04T02:26:45.473+0000] {dag.py:3036} INFO - Sync 1 DAGs
[2026-03-04T02:26:45.484+0000] {logging_mixin.py:188} INFO - [2026-03-04T02:26:45.483+0000] {dag.py:3823} INFO - Setting next_dagrun for etl_pipeline to None, run_after=None
[2026-03-04T02:26:45.497+0000] {processor.py:183} INFO - Processing /opt/airflow/dags/etl_dag.py took 0.830 seconds
[2026-03-04T02:27:15.900+0000] {processor.py:161} INFO - Started process (PID=7128) to work on /opt/airflow/dags/etl_dag.py
[2026-03-04T02:27:15.906+0000] {processor.py:830} INFO - Processing file /opt/airflow/dags/etl_dag.py for tasks to queue
[2026-03-04T02:27:15.909+0000] {logging_mixin.py:188} INFO - [2026-03-04T02:27:15.907+0000] {dagbag.py:538} INFO - Filling up the DagBag from /opt/airflow/dags/etl_dag.py
[2026-03-04T02:27:16.772+0000] {processor.py:840} INFO - DAG(s) 'etl_pipeline' retrieved from /opt/airflow/dags/etl_dag.py
[2026-03-04T02:27:16.808+0000] {logging_mixin.py:188} INFO - [2026-03-04T02:27:16.807+0000] {dag.py:3036} INFO - Sync 1 DAGs
[2026-03-04T02:27:16.820+0000] {logging_mixin.py:188} INFO - [2026-03-04T02:27:16.819+0000] {dag.py:3823} INFO - Setting next_dagrun for etl_pipeline to None, run_after=None
[2026-03-04T02:27:16.840+0000] {processor.py:183} INFO - Processing /opt/airflow/dags/etl_dag.py took 0.971 seconds
[2026-03-04T02:27:47.396+0000] {processor.py:161} INFO - Started process (PID=7134) to work on /opt/airflow/dags/etl_dag.py
[2026-03-04T02:27:47.400+0000] {processor.py:830} INFO - Processing file /opt/airflow/dags/etl_dag.py for tasks to queue
[2026-03-04T02:27:47.402+0000] {logging_mixin.py:188} INFO - [2026-03-04T02:27:47.401+0000] {dagbag.py:538} INFO - Filling up the DagBag from /opt/airflow/dags/etl_dag.py
[2026-03-04T02:27:48.286+0000] {processor.py:840} INFO - DAG(s) 'etl_pipeline' retrieved from /opt/airflow/dags/etl_dag.py
[2026-03-04T02:27:48.334+0000] {logging_mixin.py:188} INFO - [2026-03-04T02:27:48.333+0000] {dag.py:3036} INFO - Sync 1 DAGs
[2026-03-04T02:27:48.346+0000] {logging_mixin.py:188} INFO - [2026-03-04T02:27:48.345+0000] {dag.py:3823} INFO - Setting next_dagrun for etl_pipeline to None, run_after=None
[2026-03-04T02:27:48.362+0000] {processor.py:183} INFO - Processing /opt/airflow/dags/etl_dag.py took 0.976 seconds
[2026-03-04T02:28:18.834+0000] {processor.py:161} INFO - Started process (PID=7140) to work on /opt/airflow/dags/etl_dag.py
[2026-03-04T02:28:18.838+0000] {processor.py:830} INFO - Processing file /opt/airflow/dags/etl_dag.py for tasks to queue
[2026-03-04T02:28:18.845+0000] {logging_mixin.py:188} INFO - [2026-03-04T02:28:18.843+0000] {dagbag.py:538} INFO - Filling up the DagBag from /opt/airflow/dags/etl_dag.py
[2026-03-04T02:28:19.811+0000] {processor.py:840} INFO - DAG(s) 'etl_pipeline' retrieved from /opt/airflow/dags/etl_dag.py
[2026-03-04T02:28:19.855+0000] {logging_mixin.py:188} INFO - [2026-03-04T02:28:19.854+0000] {dag.py:3036} INFO - Sync 1 DAGs
[2026-03-04T02:28:19.866+0000] {logging_mixin.py:188} INFO - [2026-03-04T02:28:19.866+0000] {dag.py:3823} INFO - Setting next_dagrun for etl_pipeline to None, run_after=None
[2026-03-04T02:28:19.883+0000] {processor.py:183} INFO - Processing /opt/airflow/dags/etl_dag.py took 1.062 seconds
[2026-03-04T02:28:50.326+0000] {processor.py:161} INFO - Started process (PID=7146) to work on /opt/airflow/dags/etl_dag.py
[2026-03-04T02:28:50.332+0000] {processor.py:830} INFO - Processing file /opt/airflow/dags/etl_dag.py for tasks to queue
[2026-03-04T02:28:50.334+0000] {logging_mixin.py:188} INFO - [2026-03-04T02:28:50.333+0000] {dagbag.py:538} INFO - Filling up the DagBag from /opt/airflow/dags/etl_dag.py
[2026-03-04T02:28:51.276+0000] {processor.py:840} INFO - DAG(s) 'etl_pipeline' retrieved from /opt/airflow/dags/etl_dag.py
[2026-03-04T02:28:51.333+0000] {logging_mixin.py:188} INFO - [2026-03-04T02:28:51.332+0000] {dag.py:3036} INFO - Sync 1 DAGs
[2026-03-04T02:28:51.351+0000] {logging_mixin.py:188} INFO - [2026-03-04T02:28:51.351+0000] {dag.py:3823} INFO - Setting next_dagrun for etl_pipeline to None, run_after=None
[2026-03-04T02:28:51.369+0000] {processor.py:183} INFO - Processing /opt/airflow/dags/etl_dag.py took 1.052 seconds
[2026-03-04T02:29:21.724+0000] {processor.py:161} INFO - Started process (PID=7152) to work on /opt/airflow/dags/etl_dag.py
[2026-03-04T02:29:21.727+0000] {processor.py:830} INFO - Processing file /opt/airflow/dags/etl_dag.py for tasks to queue
[2026-03-04T02:29:21.729+0000] {logging_mixin.py:188} INFO - [2026-03-04T02:29:21.728+0000] {dagbag.py:538} INFO - Filling up the DagBag from /opt/airflow/dags/etl_dag.py
[2026-03-04T02:29:22.471+0000] {processor.py:840} INFO - DAG(s) 'etl_pipeline' retrieved from /opt/airflow/dags/etl_dag.py
[2026-03-04T02:29:22.508+0000] {logging_mixin.py:188} INFO - [2026-03-04T02:29:22.507+0000] {dag.py:3036} INFO - Sync 1 DAGs
[2026-03-04T02:29:22.521+0000] {logging_mixin.py:188} INFO - [2026-03-04T02:29:22.521+0000] {dag.py:3823} INFO - Setting next_dagrun for etl_pipeline to None, run_after=None
[2026-03-04T02:29:22.534+0000] {processor.py:183} INFO - Processing /opt/airflow/dags/etl_dag.py took 0.822 seconds
[2026-03-04T02:29:53.054+0000] {processor.py:161} INFO - Started process (PID=7158) to work on /opt/airflow/dags/etl_dag.py
[2026-03-04T02:29:53.057+0000] {processor.py:830} INFO - Processing file /opt/airflow/dags/etl_dag.py for tasks to queue
[2026-03-04T02:29:53.058+0000] {logging_mixin.py:188} INFO - [2026-03-04T02:29:53.058+0000] {dagbag.py:538} INFO - Filling up the DagBag from /opt/airflow/dags/etl_dag.py
[2026-03-04T02:29:53.922+0000] {processor.py:840} INFO - DAG(s) 'etl_pipeline' retrieved from /opt/airflow/dags/etl_dag.py
[2026-03-04T02:29:53.971+0000] {logging_mixin.py:188} INFO - [2026-03-04T02:29:53.967+0000] {dag.py:3036} INFO - Sync 1 DAGs
[2026-03-04T02:29:53.994+0000] {logging_mixin.py:188} INFO - [2026-03-04T02:29:53.994+0000] {dag.py:3823} INFO - Setting next_dagrun for etl_pipeline to None, run_after=None
[2026-03-04T02:29:54.019+0000] {processor.py:183} INFO - Processing /opt/airflow/dags/etl_dag.py took 0.974 seconds
[2026-03-04T02:30:25.010+0000] {processor.py:161} INFO - Started process (PID=7164) to work on /opt/airflow/dags/etl_dag.py
[2026-03-04T02:30:25.044+0000] {processor.py:830} INFO - Processing file /opt/airflow/dags/etl_dag.py for tasks to queue
[2026-03-04T02:30:25.050+0000] {logging_mixin.py:188} INFO - [2026-03-04T02:30:25.048+0000] {dagbag.py:538} INFO - Filling up the DagBag from /opt/airflow/dags/etl_dag.py
[2026-03-04T02:30:28.827+0000] {processor.py:840} INFO - DAG(s) 'etl_pipeline' retrieved from /opt/airflow/dags/etl_dag.py
[2026-03-04T02:30:28.910+0000] {logging_mixin.py:188} INFO - [2026-03-04T02:30:28.909+0000] {dag.py:3036} INFO - Sync 1 DAGs
[2026-03-04T02:30:28.938+0000] {logging_mixin.py:188} INFO - [2026-03-04T02:30:28.938+0000] {dag.py:3823} INFO - Setting next_dagrun for etl_pipeline to None, run_after=None
[2026-03-04T02:30:28.985+0000] {processor.py:183} INFO - Processing /opt/airflow/dags/etl_dag.py took 4.058 seconds
[2026-03-04T02:30:59.957+0000] {processor.py:161} INFO - Started process (PID=7170) to work on /opt/airflow/dags/etl_dag.py
[2026-03-04T02:30:59.966+0000] {processor.py:830} INFO - Processing file /opt/airflow/dags/etl_dag.py for tasks to queue
[2026-03-04T02:30:59.975+0000] {logging_mixin.py:188} INFO - [2026-03-04T02:30:59.968+0000] {dagbag.py:538} INFO - Filling up the DagBag from /opt/airflow/dags/etl_dag.py
[2026-03-04T02:31:02.816+0000] {processor.py:840} INFO - DAG(s) 'etl_pipeline' retrieved from /opt/airflow/dags/etl_dag.py
[2026-03-04T02:31:03.189+0000] {logging_mixin.py:188} INFO - [2026-03-04T02:31:03.187+0000] {dag.py:3036} INFO - Sync 1 DAGs
[2026-03-04T02:31:03.244+0000] {logging_mixin.py:188} INFO - [2026-03-04T02:31:03.243+0000] {dag.py:3823} INFO - Setting next_dagrun for etl_pipeline to None, run_after=None
[2026-03-04T02:31:03.333+0000] {processor.py:183} INFO - Processing /opt/airflow/dags/etl_dag.py took 3.423 seconds
[2026-03-04T02:31:33.756+0000] {processor.py:161} INFO - Started process (PID=7176) to work on /opt/airflow/dags/etl_dag.py
[2026-03-04T02:31:33.765+0000] {processor.py:830} INFO - Processing file /opt/airflow/dags/etl_dag.py for tasks to queue
[2026-03-04T02:31:33.768+0000] {logging_mixin.py:188} INFO - [2026-03-04T02:31:33.767+0000] {dagbag.py:538} INFO - Filling up the DagBag from /opt/airflow/dags/etl_dag.py
[2026-03-04T02:31:35.188+0000] {processor.py:840} INFO - DAG(s) 'etl_pipeline' retrieved from /opt/airflow/dags/etl_dag.py
[2026-03-04T02:31:35.310+0000] {logging_mixin.py:188} INFO - [2026-03-04T02:31:35.305+0000] {dag.py:3036} INFO - Sync 1 DAGs
[2026-03-04T02:31:35.363+0000] {logging_mixin.py:188} INFO - [2026-03-04T02:31:35.363+0000] {dag.py:3823} INFO - Setting next_dagrun for etl_pipeline to None, run_after=None
[2026-03-04T02:31:35.418+0000] {processor.py:183} INFO - Processing /opt/airflow/dags/etl_dag.py took 1.673 seconds
[2026-03-04T02:32:06.039+0000] {processor.py:161} INFO - Started process (PID=7182) to work on /opt/airflow/dags/etl_dag.py
[2026-03-04T02:32:06.042+0000] {processor.py:830} INFO - Processing file /opt/airflow/dags/etl_dag.py for tasks to queue
[2026-03-04T02:32:06.045+0000] {logging_mixin.py:188} INFO - [2026-03-04T02:32:06.044+0000] {dagbag.py:538} INFO - Filling up the DagBag from /opt/airflow/dags/etl_dag.py
[2026-03-04T02:32:07.659+0000] {processor.py:840} INFO - DAG(s) 'etl_pipeline' retrieved from /opt/airflow/dags/etl_dag.py
[2026-03-04T02:32:07.757+0000] {logging_mixin.py:188} INFO - [2026-03-04T02:32:07.754+0000] {dag.py:3036} INFO - Sync 1 DAGs
[2026-03-04T02:32:07.784+0000] {logging_mixin.py:188} INFO - [2026-03-04T02:32:07.784+0000] {dag.py:3823} INFO - Setting next_dagrun for etl_pipeline to None, run_after=None
[2026-03-04T02:32:07.812+0000] {processor.py:183} INFO - Processing /opt/airflow/dags/etl_dag.py took 1.787 seconds
[2026-03-04T02:32:38.194+0000] {processor.py:161} INFO - Started process (PID=7188) to work on /opt/airflow/dags/etl_dag.py
[2026-03-04T02:32:38.196+0000] {processor.py:830} INFO - Processing file /opt/airflow/dags/etl_dag.py for tasks to queue
[2026-03-04T02:32:38.199+0000] {logging_mixin.py:188} INFO - [2026-03-04T02:32:38.197+0000] {dagbag.py:538} INFO - Filling up the DagBag from /opt/airflow/dags/etl_dag.py
[2026-03-04T02:32:38.991+0000] {processor.py:840} INFO - DAG(s) 'etl_pipeline' retrieved from /opt/airflow/dags/etl_dag.py
[2026-03-04T02:32:39.027+0000] {logging_mixin.py:188} INFO - [2026-03-04T02:32:39.027+0000] {dag.py:3036} INFO - Sync 1 DAGs
[2026-03-04T02:32:39.037+0000] {logging_mixin.py:188} INFO - [2026-03-04T02:32:39.036+0000] {dag.py:3823} INFO - Setting next_dagrun for etl_pipeline to None, run_after=None
[2026-03-04T02:32:39.050+0000] {processor.py:183} INFO - Processing /opt/airflow/dags/etl_dag.py took 0.871 seconds
[2026-03-04T02:33:09.452+0000] {processor.py:161} INFO - Started process (PID=7194) to work on /opt/airflow/dags/etl_dag.py
[2026-03-04T02:33:09.455+0000] {processor.py:830} INFO - Processing file /opt/airflow/dags/etl_dag.py for tasks to queue
[2026-03-04T02:33:09.456+0000] {logging_mixin.py:188} INFO - [2026-03-04T02:33:09.456+0000] {dagbag.py:538} INFO - Filling up the DagBag from /opt/airflow/dags/etl_dag.py
[2026-03-04T02:33:10.267+0000] {processor.py:840} INFO - DAG(s) 'etl_pipeline' retrieved from /opt/airflow/dags/etl_dag.py
[2026-03-04T02:33:10.305+0000] {logging_mixin.py:188} INFO - [2026-03-04T02:33:10.304+0000] {dag.py:3036} INFO - Sync 1 DAGs
[2026-03-04T02:33:10.317+0000] {logging_mixin.py:188} INFO - [2026-03-04T02:33:10.317+0000] {dag.py:3823} INFO - Setting next_dagrun for etl_pipeline to None, run_after=None
[2026-03-04T02:33:10.333+0000] {processor.py:183} INFO - Processing /opt/airflow/dags/etl_dag.py took 0.890 seconds
[2026-03-04T02:33:40.573+0000] {processor.py:161} INFO - Started process (PID=7200) to work on /opt/airflow/dags/etl_dag.py
[2026-03-04T02:33:40.575+0000] {processor.py:830} INFO - Processing file /opt/airflow/dags/etl_dag.py for tasks to queue
[2026-03-04T02:33:40.576+0000] {logging_mixin.py:188} INFO - [2026-03-04T02:33:40.575+0000] {dagbag.py:538} INFO - Filling up the DagBag from /opt/airflow/dags/etl_dag.py
[2026-03-04T02:33:41.331+0000] {processor.py:840} INFO - DAG(s) 'etl_pipeline' retrieved from /opt/airflow/dags/etl_dag.py
[2026-03-04T02:33:41.374+0000] {logging_mixin.py:188} INFO - [2026-03-04T02:33:41.374+0000] {dag.py:3036} INFO - Sync 1 DAGs
[2026-03-04T02:33:41.392+0000] {logging_mixin.py:188} INFO - [2026-03-04T02:33:41.391+0000] {dag.py:3823} INFO - Setting next_dagrun for etl_pipeline to None, run_after=None
[2026-03-04T02:33:41.410+0000] {processor.py:183} INFO - Processing /opt/airflow/dags/etl_dag.py took 0.844 seconds
[2026-03-04T02:34:11.799+0000] {processor.py:161} INFO - Started process (PID=7206) to work on /opt/airflow/dags/etl_dag.py
[2026-03-04T02:34:11.801+0000] {processor.py:830} INFO - Processing file /opt/airflow/dags/etl_dag.py for tasks to queue
[2026-03-04T02:34:11.803+0000] {logging_mixin.py:188} INFO - [2026-03-04T02:34:11.802+0000] {dagbag.py:538} INFO - Filling up the DagBag from /opt/airflow/dags/etl_dag.py
[2026-03-04T02:34:12.687+0000] {processor.py:840} INFO - DAG(s) 'etl_pipeline' retrieved from /opt/airflow/dags/etl_dag.py
[2026-03-04T02:34:12.747+0000] {logging_mixin.py:188} INFO - [2026-03-04T02:34:12.747+0000] {dag.py:3036} INFO - Sync 1 DAGs
[2026-03-04T02:34:12.769+0000] {logging_mixin.py:188} INFO - [2026-03-04T02:34:12.769+0000] {dag.py:3823} INFO - Setting next_dagrun for etl_pipeline to None, run_after=None
[2026-03-04T02:34:12.794+0000] {processor.py:183} INFO - Processing /opt/airflow/dags/etl_dag.py took 1.001 seconds
[2026-03-04T02:34:43.003+0000] {processor.py:161} INFO - Started process (PID=7212) to work on /opt/airflow/dags/etl_dag.py
[2026-03-04T02:34:43.009+0000] {processor.py:830} INFO - Processing file /opt/airflow/dags/etl_dag.py for tasks to queue
[2026-03-04T02:34:43.013+0000] {logging_mixin.py:188} INFO - [2026-03-04T02:34:43.012+0000] {dagbag.py:538} INFO - Filling up the DagBag from /opt/airflow/dags/etl_dag.py
[2026-03-04T02:34:45.589+0000] {processor.py:840} INFO - DAG(s) 'etl_pipeline' retrieved from /opt/airflow/dags/etl_dag.py
[2026-03-04T02:34:46.144+0000] {logging_mixin.py:188} INFO - [2026-03-04T02:34:46.143+0000] {dag.py:3036} INFO - Sync 1 DAGs
[2026-03-04T02:34:46.279+0000] {logging_mixin.py:188} INFO - [2026-03-04T02:34:46.279+0000] {dag.py:3823} INFO - Setting next_dagrun for etl_pipeline to None, run_after=None
[2026-03-04T02:34:46.344+0000] {processor.py:183} INFO - Processing /opt/airflow/dags/etl_dag.py took 3.372 seconds
[2026-03-04T02:35:16.757+0000] {processor.py:161} INFO - Started process (PID=7218) to work on /opt/airflow/dags/etl_dag.py
[2026-03-04T02:35:16.760+0000] {processor.py:830} INFO - Processing file /opt/airflow/dags/etl_dag.py for tasks to queue
[2026-03-04T02:35:16.762+0000] {logging_mixin.py:188} INFO - [2026-03-04T02:35:16.761+0000] {dagbag.py:538} INFO - Filling up the DagBag from /opt/airflow/dags/etl_dag.py
[2026-03-04T02:35:19.054+0000] {processor.py:840} INFO - DAG(s) 'etl_pipeline' retrieved from /opt/airflow/dags/etl_dag.py
[2026-03-04T02:35:19.108+0000] {logging_mixin.py:188} INFO - [2026-03-04T02:35:19.107+0000] {dag.py:3036} INFO - Sync 1 DAGs
[2026-03-04T02:35:19.123+0000] {logging_mixin.py:188} INFO - [2026-03-04T02:35:19.123+0000] {dag.py:3823} INFO - Setting next_dagrun for etl_pipeline to None, run_after=None
[2026-03-04T02:35:19.143+0000] {processor.py:183} INFO - Processing /opt/airflow/dags/etl_dag.py took 2.401 seconds
[2026-03-04T02:35:49.253+0000] {processor.py:161} INFO - Started process (PID=7224) to work on /opt/airflow/dags/etl_dag.py
[2026-03-04T02:35:49.256+0000] {processor.py:830} INFO - Processing file /opt/airflow/dags/etl_dag.py for tasks to queue
[2026-03-04T02:35:49.258+0000] {logging_mixin.py:188} INFO - [2026-03-04T02:35:49.257+0000] {dagbag.py:538} INFO - Filling up the DagBag from /opt/airflow/dags/etl_dag.py
[2026-03-04T02:35:49.989+0000] {processor.py:840} INFO - DAG(s) 'etl_pipeline' retrieved from /opt/airflow/dags/etl_dag.py
[2026-03-04T02:35:50.023+0000] {logging_mixin.py:188} INFO - [2026-03-04T02:35:50.022+0000] {dag.py:3036} INFO - Sync 1 DAGs
[2026-03-04T02:35:50.032+0000] {logging_mixin.py:188} INFO - [2026-03-04T02:35:50.032+0000] {dag.py:3823} INFO - Setting next_dagrun for etl_pipeline to None, run_after=None
[2026-03-04T02:35:50.045+0000] {processor.py:183} INFO - Processing /opt/airflow/dags/etl_dag.py took 0.803 seconds
[2026-03-04T02:36:20.479+0000] {processor.py:161} INFO - Started process (PID=7230) to work on /opt/airflow/dags/etl_dag.py
[2026-03-04T02:36:20.482+0000] {processor.py:830} INFO - Processing file /opt/airflow/dags/etl_dag.py for tasks to queue
[2026-03-04T02:36:20.484+0000] {logging_mixin.py:188} INFO - [2026-03-04T02:36:20.483+0000] {dagbag.py:538} INFO - Filling up the DagBag from /opt/airflow/dags/etl_dag.py
[2026-03-04T02:36:21.307+0000] {processor.py:840} INFO - DAG(s) 'etl_pipeline' retrieved from /opt/airflow/dags/etl_dag.py
[2026-03-04T02:36:21.351+0000] {logging_mixin.py:188} INFO - [2026-03-04T02:36:21.351+0000] {dag.py:3036} INFO - Sync 1 DAGs
[2026-03-04T02:36:21.367+0000] {logging_mixin.py:188} INFO - [2026-03-04T02:36:21.367+0000] {dag.py:3823} INFO - Setting next_dagrun for etl_pipeline to None, run_after=None
[2026-03-04T02:36:21.385+0000] {processor.py:183} INFO - Processing /opt/airflow/dags/etl_dag.py took 0.921 seconds
[2026-03-04T02:36:52.394+0000] {processor.py:161} INFO - Started process (PID=7236) to work on /opt/airflow/dags/etl_dag.py
[2026-03-04T02:36:52.397+0000] {processor.py:830} INFO - Processing file /opt/airflow/dags/etl_dag.py for tasks to queue
[2026-03-04T02:36:52.399+0000] {logging_mixin.py:188} INFO - [2026-03-04T02:36:52.398+0000] {dagbag.py:538} INFO - Filling up the DagBag from /opt/airflow/dags/etl_dag.py
[2026-03-04T02:36:53.223+0000] {processor.py:840} INFO - DAG(s) 'etl_pipeline' retrieved from /opt/airflow/dags/etl_dag.py
[2026-03-04T02:36:53.288+0000] {logging_mixin.py:188} INFO - [2026-03-04T02:36:53.285+0000] {dag.py:3036} INFO - Sync 1 DAGs
[2026-03-04T02:36:53.302+0000] {logging_mixin.py:188} INFO - [2026-03-04T02:36:53.301+0000] {dag.py:3823} INFO - Setting next_dagrun for etl_pipeline to None, run_after=None
[2026-03-04T02:36:53.320+0000] {processor.py:183} INFO - Processing /opt/airflow/dags/etl_dag.py took 0.934 seconds
[2026-03-04T02:37:23.799+0000] {processor.py:161} INFO - Started process (PID=7242) to work on /opt/airflow/dags/etl_dag.py
[2026-03-04T02:37:23.802+0000] {processor.py:830} INFO - Processing file /opt/airflow/dags/etl_dag.py for tasks to queue
[2026-03-04T02:37:23.803+0000] {logging_mixin.py:188} INFO - [2026-03-04T02:37:23.803+0000] {dagbag.py:538} INFO - Filling up the DagBag from /opt/airflow/dags/etl_dag.py
[2026-03-04T02:37:24.536+0000] {processor.py:840} INFO - DAG(s) 'etl_pipeline' retrieved from /opt/airflow/dags/etl_dag.py
[2026-03-04T02:37:24.578+0000] {logging_mixin.py:188} INFO - [2026-03-04T02:37:24.577+0000] {dag.py:3036} INFO - Sync 1 DAGs
[2026-03-04T02:37:24.588+0000] {logging_mixin.py:188} INFO - [2026-03-04T02:37:24.588+0000] {dag.py:3823} INFO - Setting next_dagrun for etl_pipeline to None, run_after=None
[2026-03-04T02:37:24.603+0000] {processor.py:183} INFO - Processing /opt/airflow/dags/etl_dag.py took 0.812 seconds
[2026-03-04T02:37:55.178+0000] {processor.py:161} INFO - Started process (PID=7248) to work on /opt/airflow/dags/etl_dag.py
[2026-03-04T02:37:55.181+0000] {processor.py:830} INFO - Processing file /opt/airflow/dags/etl_dag.py for tasks to queue
[2026-03-04T02:37:55.182+0000] {logging_mixin.py:188} INFO - [2026-03-04T02:37:55.182+0000] {dagbag.py:538} INFO - Filling up the DagBag from /opt/airflow/dags/etl_dag.py
[2026-03-04T02:37:56.080+0000] {processor.py:840} INFO - DAG(s) 'etl_pipeline' retrieved from /opt/airflow/dags/etl_dag.py
[2026-03-04T02:37:56.114+0000] {logging_mixin.py:188} INFO - [2026-03-04T02:37:56.113+0000] {dag.py:3036} INFO - Sync 1 DAGs
[2026-03-04T02:37:56.125+0000] {logging_mixin.py:188} INFO - [2026-03-04T02:37:56.125+0000] {dag.py:3823} INFO - Setting next_dagrun for etl_pipeline to None, run_after=None
[2026-03-04T02:37:56.144+0000] {processor.py:183} INFO - Processing /opt/airflow/dags/etl_dag.py took 0.980 seconds
[2026-03-04T02:38:26.718+0000] {processor.py:161} INFO - Started process (PID=7254) to work on /opt/airflow/dags/etl_dag.py
[2026-03-04T02:38:26.721+0000] {processor.py:830} INFO - Processing file /opt/airflow/dags/etl_dag.py for tasks to queue
[2026-03-04T02:38:26.723+0000] {logging_mixin.py:188} INFO - [2026-03-04T02:38:26.722+0000] {dagbag.py:538} INFO - Filling up the DagBag from /opt/airflow/dags/etl_dag.py
[2026-03-04T02:38:27.537+0000] {processor.py:840} INFO - DAG(s) 'etl_pipeline' retrieved from /opt/airflow/dags/etl_dag.py
[2026-03-04T02:38:27.589+0000] {logging_mixin.py:188} INFO - [2026-03-04T02:38:27.588+0000] {dag.py:3036} INFO - Sync 1 DAGs
[2026-03-04T02:38:27.601+0000] {logging_mixin.py:188} INFO - [2026-03-04T02:38:27.601+0000] {dag.py:3823} INFO - Setting next_dagrun for etl_pipeline to None, run_after=None
[2026-03-04T02:38:27.624+0000] {processor.py:183} INFO - Processing /opt/airflow/dags/etl_dag.py took 0.918 seconds
[2026-03-04T02:38:58.377+0000] {processor.py:161} INFO - Started process (PID=7260) to work on /opt/airflow/dags/etl_dag.py
[2026-03-04T02:38:58.384+0000] {processor.py:830} INFO - Processing file /opt/airflow/dags/etl_dag.py for tasks to queue
[2026-03-04T02:38:58.396+0000] {logging_mixin.py:188} INFO - [2026-03-04T02:38:58.386+0000] {dagbag.py:538} INFO - Filling up the DagBag from /opt/airflow/dags/etl_dag.py
[2026-03-04T02:39:02.468+0000] {processor.py:840} INFO - DAG(s) 'etl_pipeline' retrieved from /opt/airflow/dags/etl_dag.py
[2026-03-04T02:39:02.542+0000] {logging_mixin.py:188} INFO - [2026-03-04T02:39:02.541+0000] {dag.py:3036} INFO - Sync 1 DAGs
[2026-03-04T02:39:02.557+0000] {logging_mixin.py:188} INFO - [2026-03-04T02:39:02.557+0000] {dag.py:3823} INFO - Setting next_dagrun for etl_pipeline to None, run_after=None
[2026-03-04T02:39:02.578+0000] {processor.py:183} INFO - Processing /opt/airflow/dags/etl_dag.py took 4.218 seconds
[2026-03-04T02:39:33.189+0000] {processor.py:161} INFO - Started process (PID=7266) to work on /opt/airflow/dags/etl_dag.py
[2026-03-04T02:39:33.196+0000] {processor.py:830} INFO - Processing file /opt/airflow/dags/etl_dag.py for tasks to queue
[2026-03-04T02:39:33.199+0000] {logging_mixin.py:188} INFO - [2026-03-04T02:39:33.198+0000] {dagbag.py:538} INFO - Filling up the DagBag from /opt/airflow/dags/etl_dag.py
[2026-03-04T02:39:34.691+0000] {processor.py:840} INFO - DAG(s) 'etl_pipeline' retrieved from /opt/airflow/dags/etl_dag.py
[2026-03-04T02:39:34.761+0000] {logging_mixin.py:188} INFO - [2026-03-04T02:39:34.760+0000] {dag.py:3036} INFO - Sync 1 DAGs
[2026-03-04T02:39:34.789+0000] {logging_mixin.py:188} INFO - [2026-03-04T02:39:34.789+0000] {dag.py:3823} INFO - Setting next_dagrun for etl_pipeline to None, run_after=None
[2026-03-04T02:39:34.814+0000] {processor.py:183} INFO - Processing /opt/airflow/dags/etl_dag.py took 1.638 seconds
