[2026-03-03T14:10:39.968+0000] {taskinstance.py:1956} INFO - Dependencies all met for dep_context=non-requeueable deps ti=<TaskInstance: etl_pipeline.transform_timesheet manual__2026-03-03T14:09:52.641765+00:00 [queued]>
[2026-03-03T14:10:39.979+0000] {taskinstance.py:1956} INFO - Dependencies all met for dep_context=requeueable deps ti=<TaskInstance: etl_pipeline.transform_timesheet manual__2026-03-03T14:09:52.641765+00:00 [queued]>
[2026-03-03T14:10:39.980+0000] {taskinstance.py:2170} INFO - Starting attempt 1 of 2
[2026-03-03T14:10:39.994+0000] {taskinstance.py:2191} INFO - Executing <Task(PythonOperator): transform_timesheet> on 2026-03-03 14:09:52.641765+00:00
[2026-03-03T14:10:40.007+0000] {standard_task_runner.py:60} INFO - Started process 2377 to run task
[2026-03-03T14:10:40.017+0000] {standard_task_runner.py:87} INFO - Running: ['airflow', 'tasks', 'run', 'etl_pipeline', 'transform_timesheet', 'manual__2026-03-03T14:09:52.641765+00:00', '--job-id', '83', '--raw', '--subdir', 'DAGS_FOLDER/etl_dag.py', '--cfg-path', '/tmp/tmp6_9jbmer']
[2026-03-03T14:10:40.022+0000] {standard_task_runner.py:88} INFO - Job 83: Subtask transform_timesheet
[2026-03-03T14:10:40.119+0000] {task_command.py:423} INFO - Running <TaskInstance: etl_pipeline.transform_timesheet manual__2026-03-03T14:09:52.641765+00:00 [running]> on host ad601963dc0b
[2026-03-03T14:10:40.686+0000] {taskinstance.py:2480} INFO - Exporting env vars: AIRFLOW_CTX_DAG_OWNER='etl_user' AIRFLOW_CTX_DAG_ID='etl_pipeline' AIRFLOW_CTX_TASK_ID='transform_timesheet' AIRFLOW_CTX_EXECUTION_DATE='2026-03-03T14:09:52.641765+00:00' AIRFLOW_CTX_TRY_NUMBER='1' AIRFLOW_CTX_DAG_RUN_ID='manual__2026-03-03T14:09:52.641765+00:00'
[2026-03-03T14:10:42.385+0000] {transform_silver.py:179} INFO - Inserted 8 timesheet rows
[2026-03-03T14:10:42.975+0000] {transform_silver.py:179} INFO - Inserted 36 timesheet rows
[2026-03-03T14:10:43.053+0000] {transform_silver.py:179} INFO - Inserted 12 timesheet rows
[2026-03-03T14:10:43.184+0000] {transform_silver.py:179} INFO - Inserted 9 timesheet rows
[2026-03-03T14:10:43.257+0000] {transform_silver.py:179} INFO - Inserted 33 timesheet rows
[2026-03-03T14:10:43.322+0000] {transform_silver.py:179} INFO - Inserted 10 timesheet rows
[2026-03-03T14:10:49.353+0000] {transform_silver.py:179} INFO - Inserted 62 timesheet rows
[2026-03-03T14:10:50.463+0000] {transform_silver.py:179} INFO - Inserted 2 timesheet rows
[2026-03-03T14:10:50.908+0000] {transform_silver.py:179} INFO - Inserted 28 timesheet rows
[2026-03-03T14:10:51.080+0000] {transform_silver.py:179} INFO - Inserted 34 timesheet rows
[2026-03-03T14:10:51.294+0000] {transform_silver.py:179} INFO - Inserted 15 timesheet rows
[2026-03-03T14:10:51.374+0000] {transform_silver.py:179} INFO - Inserted 6 timesheet rows
[2026-03-03T14:10:51.447+0000] {transform_silver.py:179} INFO - Inserted 8 timesheet rows
[2026-03-03T14:10:51.519+0000] {transform_silver.py:179} INFO - Inserted 31 timesheet rows
[2026-03-03T14:10:51.654+0000] {transform_silver.py:179} INFO - Inserted 23 timesheet rows
[2026-03-03T14:10:51.864+0000] {transform_silver.py:179} INFO - Inserted 25 timesheet rows
[2026-03-03T14:10:52.068+0000] {transform_silver.py:179} INFO - Inserted 38 timesheet rows
[2026-03-03T14:10:52.137+0000] {transform_silver.py:179} INFO - Inserted 22 timesheet rows
[2026-03-03T14:10:52.207+0000] {transform_silver.py:179} INFO - Inserted 21 timesheet rows
[2026-03-03T14:10:52.399+0000] {transform_silver.py:179} INFO - Inserted 7 timesheet rows
[2026-03-03T14:10:52.663+0000] {transform_silver.py:179} INFO - Inserted 60 timesheet rows
[2026-03-03T14:10:52.744+0000] {transform_silver.py:179} INFO - Inserted 36 timesheet rows
[2026-03-03T14:10:52.955+0000] {transform_silver.py:179} INFO - Inserted 9 timesheet rows
[2026-03-03T14:10:53.033+0000] {transform_silver.py:179} INFO - Inserted 45 timesheet rows
[2026-03-03T14:10:53.109+0000] {transform_silver.py:179} INFO - Inserted 30 timesheet rows
[2026-03-03T14:10:53.427+0000] {transform_silver.py:181} INFO - Total inserted: 610
[2026-03-03T14:10:53.428+0000] {transform_silver.py:182} WARNING - Total skipped (missing employee): 411961
[2026-03-03T14:10:53.428+0000] {python.py:201} INFO - Done. Returned value was: None
[2026-03-03T14:10:53.471+0000] {taskinstance.py:1138} INFO - Marking task as SUCCESS. dag_id=etl_pipeline, task_id=transform_timesheet, execution_date=20260303T140952, start_date=20260303T141039, end_date=20260303T141053
[2026-03-03T14:10:53.530+0000] {local_task_job_runner.py:234} INFO - Task exited with return code 0
[2026-03-03T14:10:53.587+0000] {taskinstance.py:3280} INFO - 1 downstream tasks scheduled from follow-on schedule check
