[2026-03-03T03:25:56.715+0000] {taskinstance.py:1956} INFO - Dependencies all met for dep_context=non-requeueable deps ti=<TaskInstance: etl_pipeline.transform_timesheet manual__2026-03-03T03:25:18.026348+00:00 [queued]>
[2026-03-03T03:25:56.721+0000] {taskinstance.py:1956} INFO - Dependencies all met for dep_context=requeueable deps ti=<TaskInstance: etl_pipeline.transform_timesheet manual__2026-03-03T03:25:18.026348+00:00 [queued]>
[2026-03-03T03:25:56.722+0000] {taskinstance.py:2170} INFO - Starting attempt 1 of 2
[2026-03-03T03:25:56.731+0000] {taskinstance.py:2191} INFO - Executing <Task(PythonOperator): transform_timesheet> on 2026-03-03 03:25:18.026348+00:00
[2026-03-03T03:25:56.736+0000] {standard_task_runner.py:60} INFO - Started process 2855 to run task
[2026-03-03T03:25:56.740+0000] {standard_task_runner.py:87} INFO - Running: ['airflow', 'tasks', 'run', 'etl_pipeline', 'transform_timesheet', 'manual__2026-03-03T03:25:18.026348+00:00', '--job-id', '18', '--raw', '--subdir', 'DAGS_FOLDER/etl_dag.py', '--cfg-path', '/tmp/tmpx3njx4pd']
[2026-03-03T03:25:56.741+0000] {standard_task_runner.py:88} INFO - Job 18: Subtask transform_timesheet
[2026-03-03T03:25:56.784+0000] {task_command.py:423} INFO - Running <TaskInstance: etl_pipeline.transform_timesheet manual__2026-03-03T03:25:18.026348+00:00 [running]> on host ad601963dc0b
[2026-03-03T03:25:57.084+0000] {taskinstance.py:2480} INFO - Exporting env vars: AIRFLOW_CTX_DAG_OWNER='etl_user' AIRFLOW_CTX_DAG_ID='etl_pipeline' AIRFLOW_CTX_TASK_ID='transform_timesheet' AIRFLOW_CTX_EXECUTION_DATE='2026-03-03T03:25:18.026348+00:00' AIRFLOW_CTX_TRY_NUMBER='1' AIRFLOW_CTX_DAG_RUN_ID='manual__2026-03-03T03:25:18.026348+00:00'
[2026-03-03T03:26:55.777+0000] {logging_mixin.py:188} INFO -   client_employee_id  ... scheduled_end_datetime
0             100715  ...                    NaT
1             100801  ...                    NaT
2             100801  ...                    NaT
3             100715  ...                    NaT
4             100715  ...                    NaT

[5 rows x 14 columns]
[2026-03-03T03:27:37.896+0000] {transform_silver.py:83} INFO - Transformed timesheet loaded -> timesheet (381732 rows)
[2026-03-03T03:27:38.133+0000] {python.py:201} INFO - Done. Returned value was: None
[2026-03-03T03:27:38.196+0000] {taskinstance.py:1138} INFO - Marking task as SUCCESS. dag_id=etl_pipeline, task_id=transform_timesheet, execution_date=20260303T032518, start_date=20260303T032556, end_date=20260303T032738
[2026-03-03T03:27:38.310+0000] {local_task_job_runner.py:234} INFO - Task exited with return code 0
[2026-03-03T03:27:38.399+0000] {taskinstance.py:3280} INFO - 1 downstream tasks scheduled from follow-on schedule check
