[2026-03-03T07:40:11.362+0000] {taskinstance.py:1956} INFO - Dependencies all met for dep_context=non-requeueable deps ti=<TaskInstance: etl_pipeline.extract_timesheets manual__2026-03-03T07:40:07.841464+00:00 [queued]>
[2026-03-03T07:40:11.388+0000] {taskinstance.py:1956} INFO - Dependencies all met for dep_context=requeueable deps ti=<TaskInstance: etl_pipeline.extract_timesheets manual__2026-03-03T07:40:07.841464+00:00 [queued]>
[2026-03-03T07:40:11.389+0000] {taskinstance.py:2170} INFO - Starting attempt 1 of 2
[2026-03-03T07:40:11.448+0000] {taskinstance.py:2191} INFO - Executing <Task(PythonOperator): extract_timesheets> on 2026-03-03 07:40:07.841464+00:00
[2026-03-03T07:40:11.473+0000] {standard_task_runner.py:60} INFO - Started process 1702 to run task
[2026-03-03T07:40:11.516+0000] {standard_task_runner.py:87} INFO - Running: ['airflow', 'tasks', 'run', 'etl_pipeline', 'extract_timesheets', 'manual__2026-03-03T07:40:07.841464+00:00', '--job-id', '53', '--raw', '--subdir', 'DAGS_FOLDER/etl_dag.py', '--cfg-path', '/tmp/tmp0k47jcrn']
[2026-03-03T07:40:11.529+0000] {standard_task_runner.py:88} INFO - Job 53: Subtask extract_timesheets
[2026-03-03T07:40:11.777+0000] {task_command.py:423} INFO - Running <TaskInstance: etl_pipeline.extract_timesheets manual__2026-03-03T07:40:07.841464+00:00 [running]> on host ad601963dc0b
[2026-03-03T07:40:13.269+0000] {taskinstance.py:2480} INFO - Exporting env vars: AIRFLOW_CTX_DAG_OWNER='etl_user' AIRFLOW_CTX_DAG_ID='etl_pipeline' AIRFLOW_CTX_TASK_ID='extract_timesheets' AIRFLOW_CTX_EXECUTION_DATE='2026-03-03T07:40:07.841464+00:00' AIRFLOW_CTX_TRY_NUMBER='1' AIRFLOW_CTX_DAG_RUN_ID='manual__2026-03-03T07:40:07.841464+00:00'
[2026-03-03T07:40:13.273+0000] {extract_bronze.py:66} INFO - Starting timesheet extraction from folder: /opt/airflow/data/timesheets
[2026-03-03T07:40:13.437+0000] {extract_bronze.py:91} ERROR - Failed to extract /opt/airflow/data/timesheets/timesheet_202510161124.csv: (psycopg2.errors.UndefinedColumn) column "client_employee_id|"department_id"|"department_name"|"home_depa" of relation "staging_timesheet" does not exist
LINE 1: INSERT INTO staging_timesheet ("client_employee_id|""departm...
                                       ^

[SQL: INSERT INTO staging_timesheet ("client_employee_id|""department_id""|""department_name""|""home_department_id""|""home_department_name""|""pay_code""|""punch_in_comment""|""punch_out_comment""|""hours_worked""|""punch_apply_date""|""punch_in_datetime""|""punch_out_datetime""|""scheduled_start_datetime""|""scheduled_end_datetime""") VALUES (%(client_employee_id|"department_id"|"department_name"|"home_department_id"|"home_department_name"|"pay_code"|"punch_in_comment"|"punch_out_comment"|"hours_worked"|"punch_apply_date"|"punch_in_datetime"|"punch_out_datetime"|"scheduled_start_datetime"|"scheduled_end_datetime")s)]
[parameters: ({'client_employee_id|"department_id"|"department_name"|"home_department_id"|"home_department_name"|"pay_code"|"punch_in_comment"|"punch_out_comment"|"hours_worked"|"punch_apply_date"|"punch_in_datetime"|"punch_out_datetime"|"scheduled_start_datetime"|"scheduled_end_datetime"': '100715|||||Hourly|[NULL]|[NULL]|12.50|"2025-10-14"|2025-10-14 19:00:00.000|2025-10-15 07:30:00.000||'}, {'client_employee_id|"department_id"|"department_name"|"home_department_id"|"home_department_name"|"pay_code"|"punch_in_comment"|"punch_out_comment"|"hours_worked"|"punch_apply_date"|"punch_in_datetime"|"punch_out_datetime"|"scheduled_start_datetime"|"scheduled_end_datetime"': '100801|||||Hourly|[NULL]|[NULL]|8.50|"2025-10-09"|2025-10-09 07:30:00.000|2025-10-09 16:00:00.000||'}, {'client_employee_id|"department_id"|"department_name"|"home_department_id"|"home_department_name"|"pay_code"|"punch_in_comment"|"punch_out_comment"|"hours_worked"|"punch_apply_date"|"punch_in_datetime"|"punch_out_datetime"|"scheduled_start_datetime"|"scheduled_end_datetime"': '100801|||||Hourly|[NULL]|[NULL]|8.50|"2025-10-10"|2025-10-10 07:00:00.000|2025-10-10 15:30:00.000||'}, {'client_employee_id|"department_id"|"department_name"|"home_department_id"|"home_department_name"|"pay_code"|"punch_in_comment"|"punch_out_comment"|"hours_worked"|"punch_apply_date"|"punch_in_datetime"|"punch_out_datetime"|"scheduled_start_datetime"|"scheduled_end_datetime"': '100715|||||Hourly|[NULL]|[NULL]|12.50|"2025-10-04"|2025-10-04 07:00:00.000|2025-10-04 19:30:00.000||'}, {'client_employee_id|"department_id"|"department_name"|"home_department_id"|"home_department_name"|"pay_code"|"punch_in_comment"|"punch_out_comment"|"hours_worked"|"punch_apply_date"|"punch_in_datetime"|"punch_out_datetime"|"scheduled_start_datetime"|"scheduled_end_datetime"': '100715|||||Hourly|[NULL]|[NULL]|12.50|"2025-10-10"|2025-10-10 07:00:00.000|2025-10-10 19:30:00.000||'}, {'client_employee_id|"department_id"|"department_name"|"home_department_id"|"home_department_name"|"pay_code"|"punch_in_comment"|"punch_out_comment"|"hours_worked"|"punch_apply_date"|"punch_in_datetime"|"punch_out_datetime"|"scheduled_start_datetime"|"scheduled_end_datetime"': '100715|||||Hourly|[NULL]|[NULL]|12.50|"2025-10-11"|2025-10-11 19:00:00.000|2025-10-12 07:30:00.000||'}, {'client_employee_id|"department_id"|"department_name"|"home_department_id"|"home_department_name"|"pay_code"|"punch_in_comment"|"punch_out_comment"|"hours_worked"|"punch_apply_date"|"punch_in_datetime"|"punch_out_datetime"|"scheduled_start_datetime"|"scheduled_end_datetime"': '100715|||||Hourly|[NULL]|[NULL]|6.00|"2025-10-07"|2025-10-07 23:00:00.000|2025-10-08 05:00:00.000||'}, {'client_employee_id|"department_id"|"department_name"|"home_department_id"|"home_department_name"|"pay_code"|"punch_in_comment"|"punch_out_comment"|"hours_worked"|"punch_apply_date"|"punch_in_datetime"|"punch_out_datetime"|"scheduled_start_datetime"|"scheduled_end_datetime"': '100715|||||Hourly|[NULL]|[NULL]|8.00|"2025-10-13"|2025-10-13 19:00:00.000|2025-10-14 03:00:00.000||'}  ... displaying 10 of 5000 total bound parameter sets ...  {'client_employee_id|"department_id"|"department_name"|"home_department_id"|"home_department_name"|"pay_code"|"punch_in_comment"|"punch_out_comment"|"hours_worked"|"punch_apply_date"|"punch_in_datetime"|"punch_out_datetime"|"scheduled_start_datetime"|"scheduled_end_datetime"': '507301|||||Hourly|[NULL]|[NULL]|8.50|"2025-10-13"|2025-10-13 07:00:00.000|2025-10-13 15:30:00.000||'}, {'client_employee_id|"department_id"|"department_name"|"home_department_id"|"home_department_name"|"pay_code"|"punch_in_comment"|"punch_out_comment"|"hours_worked"|"punch_apply_date"|"punch_in_datetime"|"punch_out_datetime"|"scheduled_start_datetime"|"scheduled_end_datetime"': '507301|||||Hourly|[NULL]|[NULL]|8.50|"2025-10-15"|2025-10-15 07:00:00.000|2025-10-15 15:30:00.000||'})]
(Background on this error at: https://sqlalche.me/e/14/f405)
Traceback (most recent call last):
  File "/home/airflow/.local/lib/python3.8/site-packages/sqlalchemy/engine/base.py", line 1890, in _execute_context
    self.dialect.do_executemany(
  File "/home/airflow/.local/lib/python3.8/site-packages/sqlalchemy/dialects/postgresql/psycopg2.py", line 982, in do_executemany
    context._psycopg2_fetched_rows = xtras.execute_values(
  File "/home/airflow/.local/lib/python3.8/site-packages/psycopg2/extras.py", line 1299, in execute_values
    cur.execute(b''.join(parts))
psycopg2.errors.UndefinedColumn: column "client_employee_id|"department_id"|"department_name"|"home_depa" of relation "staging_timesheet" does not exist
LINE 1: INSERT INTO staging_timesheet ("client_employee_id|""departm...
                                       ^


The above exception was the direct cause of the following exception:

Traceback (most recent call last):
  File "/opt/airflow/src/etl/extract_bronze.py", line 85, in extract_timesheets
    chunk.to_sql("staging_timesheet", engine,
  File "/home/airflow/.local/lib/python3.8/site-packages/pandas/core/generic.py", line 2878, in to_sql
    return sql.to_sql(
  File "/home/airflow/.local/lib/python3.8/site-packages/pandas/io/sql.py", line 769, in to_sql
    return pandas_sql.to_sql(
  File "/home/airflow/.local/lib/python3.8/site-packages/pandas/io/sql.py", line 1920, in to_sql
    total_inserted = sql_engine.insert_records(
  File "/home/airflow/.local/lib/python3.8/site-packages/pandas/io/sql.py", line 1470, in insert_records
    raise err
  File "/home/airflow/.local/lib/python3.8/site-packages/pandas/io/sql.py", line 1461, in insert_records
    return table.insert(chunksize=chunksize, method=method)
  File "/home/airflow/.local/lib/python3.8/site-packages/pandas/io/sql.py", line 1023, in insert
    num_inserted = exec_insert(conn, keys, chunk_iter)
  File "/home/airflow/.local/lib/python3.8/site-packages/pandas/io/sql.py", line 929, in _execute_insert
    result = conn.execute(self.table.insert(), data)
  File "/home/airflow/.local/lib/python3.8/site-packages/sqlalchemy/engine/base.py", line 1385, in execute
    return meth(self, multiparams, params, _EMPTY_EXECUTION_OPTS)
  File "/home/airflow/.local/lib/python3.8/site-packages/sqlalchemy/sql/elements.py", line 334, in _execute_on_connection
    return connection._execute_clauseelement(
  File "/home/airflow/.local/lib/python3.8/site-packages/sqlalchemy/engine/base.py", line 1577, in _execute_clauseelement
    ret = self._execute_context(
  File "/home/airflow/.local/lib/python3.8/site-packages/sqlalchemy/engine/base.py", line 1953, in _execute_context
    self._handle_dbapi_exception(
  File "/home/airflow/.local/lib/python3.8/site-packages/sqlalchemy/engine/base.py", line 2134, in _handle_dbapi_exception
    util.raise_(
  File "/home/airflow/.local/lib/python3.8/site-packages/sqlalchemy/util/compat.py", line 211, in raise_
    raise exception
  File "/home/airflow/.local/lib/python3.8/site-packages/sqlalchemy/engine/base.py", line 1890, in _execute_context
    self.dialect.do_executemany(
  File "/home/airflow/.local/lib/python3.8/site-packages/sqlalchemy/dialects/postgresql/psycopg2.py", line 982, in do_executemany
    context._psycopg2_fetched_rows = xtras.execute_values(
  File "/home/airflow/.local/lib/python3.8/site-packages/psycopg2/extras.py", line 1299, in execute_values
    cur.execute(b''.join(parts))
sqlalchemy.exc.ProgrammingError: (psycopg2.errors.UndefinedColumn) column "client_employee_id|"department_id"|"department_name"|"home_depa" of relation "staging_timesheet" does not exist
LINE 1: INSERT INTO staging_timesheet ("client_employee_id|""departm...
                                       ^

[SQL: INSERT INTO staging_timesheet ("client_employee_id|""department_id""|""department_name""|""home_department_id""|""home_department_name""|""pay_code""|""punch_in_comment""|""punch_out_comment""|""hours_worked""|""punch_apply_date""|""punch_in_datetime""|""punch_out_datetime""|""scheduled_start_datetime""|""scheduled_end_datetime""") VALUES (%(client_employee_id|"department_id"|"department_name"|"home_department_id"|"home_department_name"|"pay_code"|"punch_in_comment"|"punch_out_comment"|"hours_worked"|"punch_apply_date"|"punch_in_datetime"|"punch_out_datetime"|"scheduled_start_datetime"|"scheduled_end_datetime")s)]
[parameters: ({'client_employee_id|"department_id"|"department_name"|"home_department_id"|"home_department_name"|"pay_code"|"punch_in_comment"|"punch_out_comment"|"hours_worked"|"punch_apply_date"|"punch_in_datetime"|"punch_out_datetime"|"scheduled_start_datetime"|"scheduled_end_datetime"': '100715|||||Hourly|[NULL]|[NULL]|12.50|"2025-10-14"|2025-10-14 19:00:00.000|2025-10-15 07:30:00.000||'}, {'client_employee_id|"department_id"|"department_name"|"home_department_id"|"home_department_name"|"pay_code"|"punch_in_comment"|"punch_out_comment"|"hours_worked"|"punch_apply_date"|"punch_in_datetime"|"punch_out_datetime"|"scheduled_start_datetime"|"scheduled_end_datetime"': '100801|||||Hourly|[NULL]|[NULL]|8.50|"2025-10-09"|2025-10-09 07:30:00.000|2025-10-09 16:00:00.000||'}, {'client_employee_id|"department_id"|"department_name"|"home_department_id"|"home_department_name"|"pay_code"|"punch_in_comment"|"punch_out_comment"|"hours_worked"|"punch_apply_date"|"punch_in_datetime"|"punch_out_datetime"|"scheduled_start_datetime"|"scheduled_end_datetime"': '100801|||||Hourly|[NULL]|[NULL]|8.50|"2025-10-10"|2025-10-10 07:00:00.000|2025-10-10 15:30:00.000||'}, {'client_employee_id|"department_id"|"department_name"|"home_department_id"|"home_department_name"|"pay_code"|"punch_in_comment"|"punch_out_comment"|"hours_worked"|"punch_apply_date"|"punch_in_datetime"|"punch_out_datetime"|"scheduled_start_datetime"|"scheduled_end_datetime"': '100715|||||Hourly|[NULL]|[NULL]|12.50|"2025-10-04"|2025-10-04 07:00:00.000|2025-10-04 19:30:00.000||'}, {'client_employee_id|"department_id"|"department_name"|"home_department_id"|"home_department_name"|"pay_code"|"punch_in_comment"|"punch_out_comment"|"hours_worked"|"punch_apply_date"|"punch_in_datetime"|"punch_out_datetime"|"scheduled_start_datetime"|"scheduled_end_datetime"': '100715|||||Hourly|[NULL]|[NULL]|12.50|"2025-10-10"|2025-10-10 07:00:00.000|2025-10-10 19:30:00.000||'}, {'client_employee_id|"department_id"|"department_name"|"home_department_id"|"home_department_name"|"pay_code"|"punch_in_comment"|"punch_out_comment"|"hours_worked"|"punch_apply_date"|"punch_in_datetime"|"punch_out_datetime"|"scheduled_start_datetime"|"scheduled_end_datetime"': '100715|||||Hourly|[NULL]|[NULL]|12.50|"2025-10-11"|2025-10-11 19:00:00.000|2025-10-12 07:30:00.000||'}, {'client_employee_id|"department_id"|"department_name"|"home_department_id"|"home_department_name"|"pay_code"|"punch_in_comment"|"punch_out_comment"|"hours_worked"|"punch_apply_date"|"punch_in_datetime"|"punch_out_datetime"|"scheduled_start_datetime"|"scheduled_end_datetime"': '100715|||||Hourly|[NULL]|[NULL]|6.00|"2025-10-07"|2025-10-07 23:00:00.000|2025-10-08 05:00:00.000||'}, {'client_employee_id|"department_id"|"department_name"|"home_department_id"|"home_department_name"|"pay_code"|"punch_in_comment"|"punch_out_comment"|"hours_worked"|"punch_apply_date"|"punch_in_datetime"|"punch_out_datetime"|"scheduled_start_datetime"|"scheduled_end_datetime"': '100715|||||Hourly|[NULL]|[NULL]|8.00|"2025-10-13"|2025-10-13 19:00:00.000|2025-10-14 03:00:00.000||'}  ... displaying 10 of 5000 total bound parameter sets ...  {'client_employee_id|"department_id"|"department_name"|"home_department_id"|"home_department_name"|"pay_code"|"punch_in_comment"|"punch_out_comment"|"hours_worked"|"punch_apply_date"|"punch_in_datetime"|"punch_out_datetime"|"scheduled_start_datetime"|"scheduled_end_datetime"': '507301|||||Hourly|[NULL]|[NULL]|8.50|"2025-10-13"|2025-10-13 07:00:00.000|2025-10-13 15:30:00.000||'}, {'client_employee_id|"department_id"|"department_name"|"home_department_id"|"home_department_name"|"pay_code"|"punch_in_comment"|"punch_out_comment"|"hours_worked"|"punch_apply_date"|"punch_in_datetime"|"punch_out_datetime"|"scheduled_start_datetime"|"scheduled_end_datetime"': '507301|||||Hourly|[NULL]|[NULL]|8.50|"2025-10-15"|2025-10-15 07:00:00.000|2025-10-15 15:30:00.000||'})]
(Background on this error at: https://sqlalche.me/e/14/f405)
[2026-03-03T07:40:13.519+0000] {extract_bronze.py:91} ERROR - Failed to extract /opt/airflow/data/timesheets/timesheet_202509151540.csv: (psycopg2.errors.UndefinedColumn) column "client_employee_id|"department_id"|"department_name"|"home_depa" of relation "staging_timesheet" does not exist
LINE 1: INSERT INTO staging_timesheet ("client_employee_id|""departm...
                                       ^

[SQL: INSERT INTO staging_timesheet ("client_employee_id|""department_id""|""department_name""|""home_department_id""|""home_department_name""|""pay_code""|""punch_in_comment""|""punch_out_comment""|""hours_worked""|""punch_apply_date""|""punch_in_datetime""|""punch_out_datetime""|""scheduled_start_datetime""|""scheduled_end_datetime""") VALUES (%(client_employee_id|"department_id"|"department_name"|"home_department_id"|"home_department_name"|"pay_code"|"punch_in_comment"|"punch_out_comment"|"hours_worked"|"punch_apply_date"|"punch_in_datetime"|"punch_out_datetime"|"scheduled_start_datetime"|"scheduled_end_datetime")s)]
[parameters: ({'client_employee_id|"department_id"|"department_name"|"home_department_id"|"home_department_name"|"pay_code"|"punch_in_comment"|"punch_out_comment"|"hours_worked"|"punch_apply_date"|"punch_in_datetime"|"punch_out_datetime"|"scheduled_start_datetime"|"scheduled_end_datetime"': '101005|"1100-10013"|Nursing Labor and Delivery|"1100-10013"|Nursing Labor and Delivery|normal_worked|[NULL]|"EARLY"|8.50|"2025-05-28"|2025-05-28 10:53:00.000|2025-05-28 19:23:00.000||'}, {'client_employee_id|"department_id"|"department_name"|"home_department_id"|"home_department_name"|"pay_code"|"punch_in_comment"|"punch_out_comment"|"hours_worked"|"punch_apply_date"|"punch_in_datetime"|"punch_out_datetime"|"scheduled_start_datetime"|"scheduled_end_datetime"': '101031|||"1100-10012"|Nursing Mother/Infant|HH-Meeting|[NULL]|[NULL]|1.00|"2025-05-08"|2025-05-08 00:00:00.000|2025-05-08 01:00:00.000||'}, {'client_employee_id|"department_id"|"department_name"|"home_department_id"|"home_department_name"|"pay_code"|"punch_in_comment"|"punch_out_comment"|"hours_worked"|"punch_apply_date"|"punch_in_datetime"|"punch_out_datetime"|"scheduled_start_datetime"|"scheduled_end_datetime"': '101069|||"1100-13621"|MICU - MWH|HH-PTO sick|[NULL]|[NULL]|12.00|"2025-05-25"|2025-05-25 00:00:00.000|2025-05-25 12:00:00.000||'}, {'client_employee_id|"department_id"|"department_name"|"home_department_id"|"home_department_name"|"pay_code"|"punch_in_comment"|"punch_out_comment"|"hours_worked"|"punch_apply_date"|"punch_in_datetime"|"punch_out_datetime"|"scheduled_start_datetime"|"scheduled_end_datetime"': '101069|||"1100-13621"|MICU - MWH|HH-PTO sick|[NULL]|[NULL]|12.00|"2025-06-30"|2025-06-30 00:00:00.000|2025-06-30 12:00:00.000||'}, {'client_employee_id|"department_id"|"department_name"|"home_department_id"|"home_department_name"|"pay_code"|"punch_in_comment"|"punch_out_comment"|"hours_worked"|"punch_apply_date"|"punch_in_datetime"|"punch_out_datetime"|"scheduled_start_datetime"|"scheduled_end_datetime"': '101073|"1100-13621"|MICU - MWH|"1100-13621"|MICU - MWH|normal_worked|[NULL]|"LATE"|12.82|"2025-06-22"|2025-06-22 06:54:00.000|2025-06-22 19:43:00.000|2025-06-22 07:00:00.000|2025-06-22 19:30:00.000'}, {'client_employee_id|"department_id"|"department_name"|"home_department_id"|"home_department_name"|"pay_code"|"punch_in_comment"|"punch_out_comment"|"hours_worked"|"punch_apply_date"|"punch_in_datetime"|"punch_out_datetime"|"scheduled_start_datetime"|"scheduled_end_datetime"': '101131|"1100-10017"|General Surgery|"1100-10017"|Operating Room|normal_worked|"UNSCHEDULED"|[NULL]|8.53|"2025-06-30"|2025-06-30 07:51:00.000|2025-06-30 16:23:00.000||'}, {'client_employee_id|"department_id"|"department_name"|"home_department_id"|"home_department_name"|"pay_code"|"punch_in_comment"|"punch_out_comment"|"hours_worked"|"punch_apply_date"|"punch_in_datetime"|"punch_out_datetime"|"scheduled_start_datetime"|"scheduled_end_datetime"': '100801|||"1100-10056"|Adult Endoscopy|HH-PTO Scheduled|[NULL]|[NULL]|8.00|"2025-05-26"|2025-05-26 00:00:00.000|2025-05-26 08:00:00.000||'}, {'client_employee_id|"department_id"|"department_name"|"home_department_id"|"home_department_name"|"pay_code"|"punch_in_comment"|"punch_out_comment"|"hours_worked"|"punch_apply_date"|"punch_in_datetime"|"punch_out_datetime"|"scheduled_start_datetime"|"scheduled_end_datetime"': '100801|||"1100-10056"|Adult Endoscopy|HH-PTO Scheduled|[NULL]|[NULL]|8.00|"2025-06-23"|2025-06-23 00:00:00.000|2025-06-23 08:00:00.000||'}  ... displaying 10 of 5000 total bound parameter sets ...  {'client_employee_id|"department_id"|"department_name"|"home_department_id"|"home_department_name"|"pay_code"|"punch_in_comment"|"punch_out_comment"|"hours_worked"|"punch_apply_date"|"punch_in_datetime"|"punch_out_datetime"|"scheduled_start_datetime"|"scheduled_end_datetime"': '101115|"1100-13644"|URGENT CARE - LMH|"1100-13644"|URGENT CARE - LMH|normal_worked|"EARLY"|"CANCELED_DEDUCT"|8.43|"2025-04-22"|2025-04-22 06:52:00.000|2025-04-22 15:18:00.000|2025-04-22 07:00:00.000|2025-04-22 15:30:00.000'}, {'client_employee_id|"department_id"|"department_name"|"home_department_id"|"home_department_name"|"pay_code"|"punch_in_comment"|"punch_out_comment"|"hours_worked"|"punch_apply_date"|"punch_in_datetime"|"punch_out_datetime"|"scheduled_start_datetime"|"scheduled_end_datetime"': '101115|"1100-13644"|URGENT CARE - LMH|"1100-13644"|URGENT CARE - LMH|normal_worked|"EARLY"|"CANCELED_DEDUCT"|8.47|"2025-06-01"|2025-06-01 06:52:00.000|2025-06-01 15:20:00.000|2025-06-01 07:00:00.000|2025-06-01 15:30:00.000'})]
(Background on this error at: https://sqlalche.me/e/14/f405)
Traceback (most recent call last):
  File "/home/airflow/.local/lib/python3.8/site-packages/sqlalchemy/engine/base.py", line 1890, in _execute_context
    self.dialect.do_executemany(
  File "/home/airflow/.local/lib/python3.8/site-packages/sqlalchemy/dialects/postgresql/psycopg2.py", line 982, in do_executemany
    context._psycopg2_fetched_rows = xtras.execute_values(
  File "/home/airflow/.local/lib/python3.8/site-packages/psycopg2/extras.py", line 1299, in execute_values
    cur.execute(b''.join(parts))
psycopg2.errors.UndefinedColumn: column "client_employee_id|"department_id"|"department_name"|"home_depa" of relation "staging_timesheet" does not exist
LINE 1: INSERT INTO staging_timesheet ("client_employee_id|""departm...
                                       ^


The above exception was the direct cause of the following exception:

Traceback (most recent call last):
  File "/opt/airflow/src/etl/extract_bronze.py", line 85, in extract_timesheets
    chunk.to_sql("staging_timesheet", engine,
  File "/home/airflow/.local/lib/python3.8/site-packages/pandas/core/generic.py", line 2878, in to_sql
    return sql.to_sql(
  File "/home/airflow/.local/lib/python3.8/site-packages/pandas/io/sql.py", line 769, in to_sql
    return pandas_sql.to_sql(
  File "/home/airflow/.local/lib/python3.8/site-packages/pandas/io/sql.py", line 1920, in to_sql
    total_inserted = sql_engine.insert_records(
  File "/home/airflow/.local/lib/python3.8/site-packages/pandas/io/sql.py", line 1470, in insert_records
    raise err
  File "/home/airflow/.local/lib/python3.8/site-packages/pandas/io/sql.py", line 1461, in insert_records
    return table.insert(chunksize=chunksize, method=method)
  File "/home/airflow/.local/lib/python3.8/site-packages/pandas/io/sql.py", line 1023, in insert
    num_inserted = exec_insert(conn, keys, chunk_iter)
  File "/home/airflow/.local/lib/python3.8/site-packages/pandas/io/sql.py", line 929, in _execute_insert
    result = conn.execute(self.table.insert(), data)
  File "/home/airflow/.local/lib/python3.8/site-packages/sqlalchemy/engine/base.py", line 1385, in execute
    return meth(self, multiparams, params, _EMPTY_EXECUTION_OPTS)
  File "/home/airflow/.local/lib/python3.8/site-packages/sqlalchemy/sql/elements.py", line 334, in _execute_on_connection
    return connection._execute_clauseelement(
  File "/home/airflow/.local/lib/python3.8/site-packages/sqlalchemy/engine/base.py", line 1577, in _execute_clauseelement
    ret = self._execute_context(
  File "/home/airflow/.local/lib/python3.8/site-packages/sqlalchemy/engine/base.py", line 1953, in _execute_context
    self._handle_dbapi_exception(
  File "/home/airflow/.local/lib/python3.8/site-packages/sqlalchemy/engine/base.py", line 2134, in _handle_dbapi_exception
    util.raise_(
  File "/home/airflow/.local/lib/python3.8/site-packages/sqlalchemy/util/compat.py", line 211, in raise_
    raise exception
  File "/home/airflow/.local/lib/python3.8/site-packages/sqlalchemy/engine/base.py", line 1890, in _execute_context
    self.dialect.do_executemany(
  File "/home/airflow/.local/lib/python3.8/site-packages/sqlalchemy/dialects/postgresql/psycopg2.py", line 982, in do_executemany
    context._psycopg2_fetched_rows = xtras.execute_values(
  File "/home/airflow/.local/lib/python3.8/site-packages/psycopg2/extras.py", line 1299, in execute_values
    cur.execute(b''.join(parts))
sqlalchemy.exc.ProgrammingError: (psycopg2.errors.UndefinedColumn) column "client_employee_id|"department_id"|"department_name"|"home_depa" of relation "staging_timesheet" does not exist
LINE 1: INSERT INTO staging_timesheet ("client_employee_id|""departm...
                                       ^

[SQL: INSERT INTO staging_timesheet ("client_employee_id|""department_id""|""department_name""|""home_department_id""|""home_department_name""|""pay_code""|""punch_in_comment""|""punch_out_comment""|""hours_worked""|""punch_apply_date""|""punch_in_datetime""|""punch_out_datetime""|""scheduled_start_datetime""|""scheduled_end_datetime""") VALUES (%(client_employee_id|"department_id"|"department_name"|"home_department_id"|"home_department_name"|"pay_code"|"punch_in_comment"|"punch_out_comment"|"hours_worked"|"punch_apply_date"|"punch_in_datetime"|"punch_out_datetime"|"scheduled_start_datetime"|"scheduled_end_datetime")s)]
[parameters: ({'client_employee_id|"department_id"|"department_name"|"home_department_id"|"home_department_name"|"pay_code"|"punch_in_comment"|"punch_out_comment"|"hours_worked"|"punch_apply_date"|"punch_in_datetime"|"punch_out_datetime"|"scheduled_start_datetime"|"scheduled_end_datetime"': '101005|"1100-10013"|Nursing Labor and Delivery|"1100-10013"|Nursing Labor and Delivery|normal_worked|[NULL]|"EARLY"|8.50|"2025-05-28"|2025-05-28 10:53:00.000|2025-05-28 19:23:00.000||'}, {'client_employee_id|"department_id"|"department_name"|"home_department_id"|"home_department_name"|"pay_code"|"punch_in_comment"|"punch_out_comment"|"hours_worked"|"punch_apply_date"|"punch_in_datetime"|"punch_out_datetime"|"scheduled_start_datetime"|"scheduled_end_datetime"': '101031|||"1100-10012"|Nursing Mother/Infant|HH-Meeting|[NULL]|[NULL]|1.00|"2025-05-08"|2025-05-08 00:00:00.000|2025-05-08 01:00:00.000||'}, {'client_employee_id|"department_id"|"department_name"|"home_department_id"|"home_department_name"|"pay_code"|"punch_in_comment"|"punch_out_comment"|"hours_worked"|"punch_apply_date"|"punch_in_datetime"|"punch_out_datetime"|"scheduled_start_datetime"|"scheduled_end_datetime"': '101069|||"1100-13621"|MICU - MWH|HH-PTO sick|[NULL]|[NULL]|12.00|"2025-05-25"|2025-05-25 00:00:00.000|2025-05-25 12:00:00.000||'}, {'client_employee_id|"department_id"|"department_name"|"home_department_id"|"home_department_name"|"pay_code"|"punch_in_comment"|"punch_out_comment"|"hours_worked"|"punch_apply_date"|"punch_in_datetime"|"punch_out_datetime"|"scheduled_start_datetime"|"scheduled_end_datetime"': '101069|||"1100-13621"|MICU - MWH|HH-PTO sick|[NULL]|[NULL]|12.00|"2025-06-30"|2025-06-30 00:00:00.000|2025-06-30 12:00:00.000||'}, {'client_employee_id|"department_id"|"department_name"|"home_department_id"|"home_department_name"|"pay_code"|"punch_in_comment"|"punch_out_comment"|"hours_worked"|"punch_apply_date"|"punch_in_datetime"|"punch_out_datetime"|"scheduled_start_datetime"|"scheduled_end_datetime"': '101073|"1100-13621"|MICU - MWH|"1100-13621"|MICU - MWH|normal_worked|[NULL]|"LATE"|12.82|"2025-06-22"|2025-06-22 06:54:00.000|2025-06-22 19:43:00.000|2025-06-22 07:00:00.000|2025-06-22 19:30:00.000'}, {'client_employee_id|"department_id"|"department_name"|"home_department_id"|"home_department_name"|"pay_code"|"punch_in_comment"|"punch_out_comment"|"hours_worked"|"punch_apply_date"|"punch_in_datetime"|"punch_out_datetime"|"scheduled_start_datetime"|"scheduled_end_datetime"': '101131|"1100-10017"|General Surgery|"1100-10017"|Operating Room|normal_worked|"UNSCHEDULED"|[NULL]|8.53|"2025-06-30"|2025-06-30 07:51:00.000|2025-06-30 16:23:00.000||'}, {'client_employee_id|"department_id"|"department_name"|"home_department_id"|"home_department_name"|"pay_code"|"punch_in_comment"|"punch_out_comment"|"hours_worked"|"punch_apply_date"|"punch_in_datetime"|"punch_out_datetime"|"scheduled_start_datetime"|"scheduled_end_datetime"': '100801|||"1100-10056"|Adult Endoscopy|HH-PTO Scheduled|[NULL]|[NULL]|8.00|"2025-05-26"|2025-05-26 00:00:00.000|2025-05-26 08:00:00.000||'}, {'client_employee_id|"department_id"|"department_name"|"home_department_id"|"home_department_name"|"pay_code"|"punch_in_comment"|"punch_out_comment"|"hours_worked"|"punch_apply_date"|"punch_in_datetime"|"punch_out_datetime"|"scheduled_start_datetime"|"scheduled_end_datetime"': '100801|||"1100-10056"|Adult Endoscopy|HH-PTO Scheduled|[NULL]|[NULL]|8.00|"2025-06-23"|2025-06-23 00:00:00.000|2025-06-23 08:00:00.000||'}  ... displaying 10 of 5000 total bound parameter sets ...  {'client_employee_id|"department_id"|"department_name"|"home_department_id"|"home_department_name"|"pay_code"|"punch_in_comment"|"punch_out_comment"|"hours_worked"|"punch_apply_date"|"punch_in_datetime"|"punch_out_datetime"|"scheduled_start_datetime"|"scheduled_end_datetime"': '101115|"1100-13644"|URGENT CARE - LMH|"1100-13644"|URGENT CARE - LMH|normal_worked|"EARLY"|"CANCELED_DEDUCT"|8.43|"2025-04-22"|2025-04-22 06:52:00.000|2025-04-22 15:18:00.000|2025-04-22 07:00:00.000|2025-04-22 15:30:00.000'}, {'client_employee_id|"department_id"|"department_name"|"home_department_id"|"home_department_name"|"pay_code"|"punch_in_comment"|"punch_out_comment"|"hours_worked"|"punch_apply_date"|"punch_in_datetime"|"punch_out_datetime"|"scheduled_start_datetime"|"scheduled_end_datetime"': '101115|"1100-13644"|URGENT CARE - LMH|"1100-13644"|URGENT CARE - LMH|normal_worked|"EARLY"|"CANCELED_DEDUCT"|8.47|"2025-06-01"|2025-06-01 06:52:00.000|2025-06-01 15:20:00.000|2025-06-01 07:00:00.000|2025-06-01 15:30:00.000'})]
(Background on this error at: https://sqlalche.me/e/14/f405)
[2026-03-03T07:40:13.580+0000] {extract_bronze.py:91} ERROR - Failed to extract /opt/airflow/data/timesheets/timesheet_202510161122.csv: (psycopg2.errors.UndefinedColumn) column "client_employee_id|"department_id"|"department_name"|"home_depa" of relation "staging_timesheet" does not exist
LINE 1: INSERT INTO staging_timesheet ("client_employee_id|""departm...
                                       ^

[SQL: INSERT INTO staging_timesheet ("client_employee_id|""department_id""|""department_name""|""home_department_id""|""home_department_name""|""pay_code""|""punch_in_comment""|""punch_out_comment""|""hours_worked""|""punch_apply_date""|""punch_in_datetime""|""punch_out_datetime""|""scheduled_start_datetime""|""scheduled_end_datetime""") VALUES (%(client_employee_id|"department_id"|"department_name"|"home_department_id"|"home_department_name"|"pay_code"|"punch_in_comment"|"punch_out_comment"|"hours_worked"|"punch_apply_date"|"punch_in_datetime"|"punch_out_datetime"|"scheduled_start_datetime"|"scheduled_end_datetime")s)]
[parameters: ({'client_employee_id|"department_id"|"department_name"|"home_department_id"|"home_department_name"|"pay_code"|"punch_in_comment"|"punch_out_comment"|"hours_worked"|"punch_apply_date"|"punch_in_datetime"|"punch_out_datetime"|"scheduled_start_datetime"|"scheduled_end_datetime"': '100715||Nursing MaternalSpecial Care|||Hourly|"VERY_EARLY_IN"|"EARLY_OUT"|12.23|"2025-09-22"|2025-09-22 17:56:00.000|2025-09-23 06:10:00.000|2025-09-22 19:00:00.000|2025-09-23 07:30:00.000'}, {'client_employee_id|"department_id"|"department_name"|"home_department_id"|"home_department_name"|"pay_code"|"punch_in_comment"|"punch_out_comment"|"hours_worked"|"punch_apply_date"|"punch_in_datetime"|"punch_out_datetime"|"scheduled_start_datetime"|"scheduled_end_datetime"': '100801|||||DNU_Hourly Call Back|[NULL]|[NULL]|24.00|"2025-09-27"|2025-09-27 07:00:00.000|2025-09-28 07:00:00.000||'}, {'client_employee_id|"department_id"|"department_name"|"home_department_id"|"home_department_name"|"pay_code"|"punch_in_comment"|"punch_out_comment"|"hours_worked"|"punch_apply_date"|"punch_in_datetime"|"punch_out_datetime"|"scheduled_start_datetime"|"scheduled_end_datetime"': '100801|||||DNU_Hourly Call Back|[NULL]|[NULL]|24.00|"2025-09-28"|2025-09-28 07:00:00.000|2025-09-29 07:00:00.000||'}, {'client_employee_id|"department_id"|"department_name"|"home_department_id"|"home_department_name"|"pay_code"|"punch_in_comment"|"punch_out_comment"|"hours_worked"|"punch_apply_date"|"punch_in_datetime"|"punch_out_datetime"|"scheduled_start_datetime"|"scheduled_end_datetime"': '100801|||||Hourly|[NULL]|[NULL]|8.50|"2025-10-03"|2025-10-03 07:30:00.000|2025-10-03 16:00:00.000||'}, {'client_employee_id|"department_id"|"department_name"|"home_department_id"|"home_department_name"|"pay_code"|"punch_in_comment"|"punch_out_comment"|"hours_worked"|"punch_apply_date"|"punch_in_datetime"|"punch_out_datetime"|"scheduled_start_datetime"|"scheduled_end_datetime"': '100801||Adult Endoscopy|||Hourly|[NULL]|[NULL]|8.57|"2025-09-23"|2025-09-23 06:56:00.000|2025-09-23 15:30:00.000|2025-09-23 07:00:00.000|2025-09-23 15:30:00.000'}, {'client_employee_id|"department_id"|"department_name"|"home_department_id"|"home_department_name"|"pay_code"|"punch_in_comment"|"punch_out_comment"|"hours_worked"|"punch_apply_date"|"punch_in_datetime"|"punch_out_datetime"|"scheduled_start_datetime"|"scheduled_end_datetime"': '100801||Adult Endoscopy|||Hourly|[NULL]|[NULL]|8.63|"2025-09-24"|2025-09-24 06:53:00.000|2025-09-24 15:31:00.000|2025-09-24 07:00:00.000|2025-09-24 15:30:00.000'}, {'client_employee_id|"department_id"|"department_name"|"home_department_id"|"home_department_name"|"pay_code"|"punch_in_comment"|"punch_out_comment"|"hours_worked"|"punch_apply_date"|"punch_in_datetime"|"punch_out_datetime"|"scheduled_start_datetime"|"scheduled_end_datetime"': '101001||Operating Room|||Per Diem|"UNSCHEDULED"|[NULL]|8.38|"2025-09-22"|2025-09-22 08:03:00.000|2025-09-22 16:26:00.000||'}, {'client_employee_id|"department_id"|"department_name"|"home_department_id"|"home_department_name"|"pay_code"|"punch_in_comment"|"punch_out_comment"|"hours_worked"|"punch_apply_date"|"punch_in_datetime"|"punch_out_datetime"|"scheduled_start_datetime"|"scheduled_end_datetime"': '100715|||||Hourly|[NULL]|[NULL]|12.50|"2025-10-02"|2025-10-02 19:00:00.000|2025-10-03 07:30:00.000||'}  ... displaying 10 of 5000 total bound parameter sets ...  {'client_employee_id|"department_id"|"department_name"|"home_department_id"|"home_department_name"|"pay_code"|"punch_in_comment"|"punch_out_comment"|"hours_worked"|"punch_apply_date"|"punch_in_datetime"|"punch_out_datetime"|"scheduled_start_datetime"|"scheduled_end_datetime"': '505848|"201-10089"|Pharmacy|||Hourly|[NULL]|[NULL]|8.45|"2025-09-23"|2025-09-23 14:01:00.000|2025-09-23 22:28:00.000|2025-09-23 14:00:00.000|2025-09-23 22:30:00.000'}, {'client_employee_id|"department_id"|"department_name"|"home_department_id"|"home_department_name"|"pay_code"|"punch_in_comment"|"punch_out_comment"|"hours_worked"|"punch_apply_date"|"punch_in_datetime"|"punch_out_datetime"|"scheduled_start_datetime"|"scheduled_end_datetime"': '505892|||||Hourly|[NULL]|[NULL]|8.50|"2025-09-29"|2025-09-29 08:00:00.000|2025-09-29 16:30:00.000||'})]
(Background on this error at: https://sqlalche.me/e/14/f405)
Traceback (most recent call last):
  File "/home/airflow/.local/lib/python3.8/site-packages/sqlalchemy/engine/base.py", line 1890, in _execute_context
    self.dialect.do_executemany(
  File "/home/airflow/.local/lib/python3.8/site-packages/sqlalchemy/dialects/postgresql/psycopg2.py", line 982, in do_executemany
    context._psycopg2_fetched_rows = xtras.execute_values(
  File "/home/airflow/.local/lib/python3.8/site-packages/psycopg2/extras.py", line 1299, in execute_values
    cur.execute(b''.join(parts))
psycopg2.errors.UndefinedColumn: column "client_employee_id|"department_id"|"department_name"|"home_depa" of relation "staging_timesheet" does not exist
LINE 1: INSERT INTO staging_timesheet ("client_employee_id|""departm...
                                       ^


The above exception was the direct cause of the following exception:

Traceback (most recent call last):
  File "/opt/airflow/src/etl/extract_bronze.py", line 85, in extract_timesheets
    chunk.to_sql("staging_timesheet", engine,
  File "/home/airflow/.local/lib/python3.8/site-packages/pandas/core/generic.py", line 2878, in to_sql
    return sql.to_sql(
  File "/home/airflow/.local/lib/python3.8/site-packages/pandas/io/sql.py", line 769, in to_sql
    return pandas_sql.to_sql(
  File "/home/airflow/.local/lib/python3.8/site-packages/pandas/io/sql.py", line 1920, in to_sql
    total_inserted = sql_engine.insert_records(
  File "/home/airflow/.local/lib/python3.8/site-packages/pandas/io/sql.py", line 1470, in insert_records
    raise err
  File "/home/airflow/.local/lib/python3.8/site-packages/pandas/io/sql.py", line 1461, in insert_records
    return table.insert(chunksize=chunksize, method=method)
  File "/home/airflow/.local/lib/python3.8/site-packages/pandas/io/sql.py", line 1023, in insert
    num_inserted = exec_insert(conn, keys, chunk_iter)
  File "/home/airflow/.local/lib/python3.8/site-packages/pandas/io/sql.py", line 929, in _execute_insert
    result = conn.execute(self.table.insert(), data)
  File "/home/airflow/.local/lib/python3.8/site-packages/sqlalchemy/engine/base.py", line 1385, in execute
    return meth(self, multiparams, params, _EMPTY_EXECUTION_OPTS)
  File "/home/airflow/.local/lib/python3.8/site-packages/sqlalchemy/sql/elements.py", line 334, in _execute_on_connection
    return connection._execute_clauseelement(
  File "/home/airflow/.local/lib/python3.8/site-packages/sqlalchemy/engine/base.py", line 1577, in _execute_clauseelement
    ret = self._execute_context(
  File "/home/airflow/.local/lib/python3.8/site-packages/sqlalchemy/engine/base.py", line 1953, in _execute_context
    self._handle_dbapi_exception(
  File "/home/airflow/.local/lib/python3.8/site-packages/sqlalchemy/engine/base.py", line 2134, in _handle_dbapi_exception
    util.raise_(
  File "/home/airflow/.local/lib/python3.8/site-packages/sqlalchemy/util/compat.py", line 211, in raise_
    raise exception
  File "/home/airflow/.local/lib/python3.8/site-packages/sqlalchemy/engine/base.py", line 1890, in _execute_context
    self.dialect.do_executemany(
  File "/home/airflow/.local/lib/python3.8/site-packages/sqlalchemy/dialects/postgresql/psycopg2.py", line 982, in do_executemany
    context._psycopg2_fetched_rows = xtras.execute_values(
  File "/home/airflow/.local/lib/python3.8/site-packages/psycopg2/extras.py", line 1299, in execute_values
    cur.execute(b''.join(parts))
sqlalchemy.exc.ProgrammingError: (psycopg2.errors.UndefinedColumn) column "client_employee_id|"department_id"|"department_name"|"home_depa" of relation "staging_timesheet" does not exist
LINE 1: INSERT INTO staging_timesheet ("client_employee_id|""departm...
                                       ^

[SQL: INSERT INTO staging_timesheet ("client_employee_id|""department_id""|""department_name""|""home_department_id""|""home_department_name""|""pay_code""|""punch_in_comment""|""punch_out_comment""|""hours_worked""|""punch_apply_date""|""punch_in_datetime""|""punch_out_datetime""|""scheduled_start_datetime""|""scheduled_end_datetime""") VALUES (%(client_employee_id|"department_id"|"department_name"|"home_department_id"|"home_department_name"|"pay_code"|"punch_in_comment"|"punch_out_comment"|"hours_worked"|"punch_apply_date"|"punch_in_datetime"|"punch_out_datetime"|"scheduled_start_datetime"|"scheduled_end_datetime")s)]
[parameters: ({'client_employee_id|"department_id"|"department_name"|"home_department_id"|"home_department_name"|"pay_code"|"punch_in_comment"|"punch_out_comment"|"hours_worked"|"punch_apply_date"|"punch_in_datetime"|"punch_out_datetime"|"scheduled_start_datetime"|"scheduled_end_datetime"': '100715||Nursing MaternalSpecial Care|||Hourly|"VERY_EARLY_IN"|"EARLY_OUT"|12.23|"2025-09-22"|2025-09-22 17:56:00.000|2025-09-23 06:10:00.000|2025-09-22 19:00:00.000|2025-09-23 07:30:00.000'}, {'client_employee_id|"department_id"|"department_name"|"home_department_id"|"home_department_name"|"pay_code"|"punch_in_comment"|"punch_out_comment"|"hours_worked"|"punch_apply_date"|"punch_in_datetime"|"punch_out_datetime"|"scheduled_start_datetime"|"scheduled_end_datetime"': '100801|||||DNU_Hourly Call Back|[NULL]|[NULL]|24.00|"2025-09-27"|2025-09-27 07:00:00.000|2025-09-28 07:00:00.000||'}, {'client_employee_id|"department_id"|"department_name"|"home_department_id"|"home_department_name"|"pay_code"|"punch_in_comment"|"punch_out_comment"|"hours_worked"|"punch_apply_date"|"punch_in_datetime"|"punch_out_datetime"|"scheduled_start_datetime"|"scheduled_end_datetime"': '100801|||||DNU_Hourly Call Back|[NULL]|[NULL]|24.00|"2025-09-28"|2025-09-28 07:00:00.000|2025-09-29 07:00:00.000||'}, {'client_employee_id|"department_id"|"department_name"|"home_department_id"|"home_department_name"|"pay_code"|"punch_in_comment"|"punch_out_comment"|"hours_worked"|"punch_apply_date"|"punch_in_datetime"|"punch_out_datetime"|"scheduled_start_datetime"|"scheduled_end_datetime"': '100801|||||Hourly|[NULL]|[NULL]|8.50|"2025-10-03"|2025-10-03 07:30:00.000|2025-10-03 16:00:00.000||'}, {'client_employee_id|"department_id"|"department_name"|"home_department_id"|"home_department_name"|"pay_code"|"punch_in_comment"|"punch_out_comment"|"hours_worked"|"punch_apply_date"|"punch_in_datetime"|"punch_out_datetime"|"scheduled_start_datetime"|"scheduled_end_datetime"': '100801||Adult Endoscopy|||Hourly|[NULL]|[NULL]|8.57|"2025-09-23"|2025-09-23 06:56:00.000|2025-09-23 15:30:00.000|2025-09-23 07:00:00.000|2025-09-23 15:30:00.000'}, {'client_employee_id|"department_id"|"department_name"|"home_department_id"|"home_department_name"|"pay_code"|"punch_in_comment"|"punch_out_comment"|"hours_worked"|"punch_apply_date"|"punch_in_datetime"|"punch_out_datetime"|"scheduled_start_datetime"|"scheduled_end_datetime"': '100801||Adult Endoscopy|||Hourly|[NULL]|[NULL]|8.63|"2025-09-24"|2025-09-24 06:53:00.000|2025-09-24 15:31:00.000|2025-09-24 07:00:00.000|2025-09-24 15:30:00.000'}, {'client_employee_id|"department_id"|"department_name"|"home_department_id"|"home_department_name"|"pay_code"|"punch_in_comment"|"punch_out_comment"|"hours_worked"|"punch_apply_date"|"punch_in_datetime"|"punch_out_datetime"|"scheduled_start_datetime"|"scheduled_end_datetime"': '101001||Operating Room|||Per Diem|"UNSCHEDULED"|[NULL]|8.38|"2025-09-22"|2025-09-22 08:03:00.000|2025-09-22 16:26:00.000||'}, {'client_employee_id|"department_id"|"department_name"|"home_department_id"|"home_department_name"|"pay_code"|"punch_in_comment"|"punch_out_comment"|"hours_worked"|"punch_apply_date"|"punch_in_datetime"|"punch_out_datetime"|"scheduled_start_datetime"|"scheduled_end_datetime"': '100715|||||Hourly|[NULL]|[NULL]|12.50|"2025-10-02"|2025-10-02 19:00:00.000|2025-10-03 07:30:00.000||'}  ... displaying 10 of 5000 total bound parameter sets ...  {'client_employee_id|"department_id"|"department_name"|"home_department_id"|"home_department_name"|"pay_code"|"punch_in_comment"|"punch_out_comment"|"hours_worked"|"punch_apply_date"|"punch_in_datetime"|"punch_out_datetime"|"scheduled_start_datetime"|"scheduled_end_datetime"': '505848|"201-10089"|Pharmacy|||Hourly|[NULL]|[NULL]|8.45|"2025-09-23"|2025-09-23 14:01:00.000|2025-09-23 22:28:00.000|2025-09-23 14:00:00.000|2025-09-23 22:30:00.000'}, {'client_employee_id|"department_id"|"department_name"|"home_department_id"|"home_department_name"|"pay_code"|"punch_in_comment"|"punch_out_comment"|"hours_worked"|"punch_apply_date"|"punch_in_datetime"|"punch_out_datetime"|"scheduled_start_datetime"|"scheduled_end_datetime"': '505892|||||Hourly|[NULL]|[NULL]|8.50|"2025-09-29"|2025-09-29 08:00:00.000|2025-09-29 16:30:00.000||'})]
(Background on this error at: https://sqlalche.me/e/14/f405)
[2026-03-03T07:40:13.589+0000] {extract_bronze.py:91} ERROR - Failed to extract /opt/airflow/data/timesheets/timesheet_202510161121.csv: Error tokenizing data. C error: Expected 1 fields in line 2917, saw 2
Traceback (most recent call last):
  File "/opt/airflow/src/etl/extract_bronze.py", line 84, in extract_timesheets
    for chunk in pd.read_csv(file, chunksize=CHUNKSIZE):
  File "/home/airflow/.local/lib/python3.8/site-packages/pandas/io/parsers/readers.py", line 1624, in __next__
    return self.get_chunk()
  File "/home/airflow/.local/lib/python3.8/site-packages/pandas/io/parsers/readers.py", line 1733, in get_chunk
    return self.read(nrows=size)
  File "/home/airflow/.local/lib/python3.8/site-packages/pandas/io/parsers/readers.py", line 1704, in read
    ) = self._engine.read(  # type: ignore[attr-defined]
  File "/home/airflow/.local/lib/python3.8/site-packages/pandas/io/parsers/c_parser_wrapper.py", line 234, in read
    chunks = self._reader.read_low_memory(nrows)
  File "pandas/_libs/parsers.pyx", line 826, in pandas._libs.parsers.TextReader.read_low_memory
  File "pandas/_libs/parsers.pyx", line 875, in pandas._libs.parsers.TextReader._read_rows
  File "pandas/_libs/parsers.pyx", line 850, in pandas._libs.parsers.TextReader._tokenize_rows
  File "pandas/_libs/parsers.pyx", line 861, in pandas._libs.parsers.TextReader._check_tokenize_status
  File "pandas/_libs/parsers.pyx", line 2029, in pandas._libs.parsers.raise_parser_error
pandas.errors.ParserError: Error tokenizing data. C error: Expected 1 fields in line 2917, saw 2

[2026-03-03T07:40:13.593+0000] {extract_bronze.py:93} INFO - Total timesheet rows loaded: 0
[2026-03-03T07:40:13.593+0000] {python.py:201} INFO - Done. Returned value was: None
[2026-03-03T07:40:13.609+0000] {taskinstance.py:1138} INFO - Marking task as SUCCESS. dag_id=etl_pipeline, task_id=extract_timesheets, execution_date=20260303T074007, start_date=20260303T074011, end_date=20260303T074013
[2026-03-03T07:40:13.674+0000] {local_task_job_runner.py:234} INFO - Task exited with return code 0
[2026-03-03T07:40:13.737+0000] {taskinstance.py:3280} INFO - 1 downstream tasks scheduled from follow-on schedule check
