[2026-03-03T07:40:11.364+0000] {taskinstance.py:1956} INFO - Dependencies all met for dep_context=non-requeueable deps ti=<TaskInstance: etl_pipeline.extract_employee manual__2026-03-03T07:40:07.841464+00:00 [queued]>
[2026-03-03T07:40:11.388+0000] {taskinstance.py:1956} INFO - Dependencies all met for dep_context=requeueable deps ti=<TaskInstance: etl_pipeline.extract_employee manual__2026-03-03T07:40:07.841464+00:00 [queued]>
[2026-03-03T07:40:11.389+0000] {taskinstance.py:2170} INFO - Starting attempt 1 of 2
[2026-03-03T07:40:11.425+0000] {taskinstance.py:2191} INFO - Executing <Task(PythonOperator): extract_employee> on 2026-03-03 07:40:07.841464+00:00
[2026-03-03T07:40:11.475+0000] {standard_task_runner.py:60} INFO - Started process 1701 to run task
[2026-03-03T07:40:11.502+0000] {standard_task_runner.py:87} INFO - Running: ['airflow', 'tasks', 'run', 'etl_pipeline', 'extract_employee', 'manual__2026-03-03T07:40:07.841464+00:00', '--job-id', '54', '--raw', '--subdir', 'DAGS_FOLDER/etl_dag.py', '--cfg-path', '/tmp/tmpjoaeabva']
[2026-03-03T07:40:11.518+0000] {standard_task_runner.py:88} INFO - Job 54: Subtask extract_employee
[2026-03-03T07:40:11.750+0000] {task_command.py:423} INFO - Running <TaskInstance: etl_pipeline.extract_employee manual__2026-03-03T07:40:07.841464+00:00 [running]> on host ad601963dc0b
[2026-03-03T07:40:13.268+0000] {taskinstance.py:2480} INFO - Exporting env vars: AIRFLOW_CTX_DAG_OWNER='etl_user' AIRFLOW_CTX_DAG_ID='etl_pipeline' AIRFLOW_CTX_TASK_ID='extract_employee' AIRFLOW_CTX_EXECUTION_DATE='2026-03-03T07:40:07.841464+00:00' AIRFLOW_CTX_TRY_NUMBER='1' AIRFLOW_CTX_DAG_RUN_ID='manual__2026-03-03T07:40:07.841464+00:00'
[2026-03-03T07:40:13.274+0000] {extract_bronze.py:38} INFO - Starting employee extraction from: /opt/airflow/data/employee_202510161125.csv
[2026-03-03T07:40:13.380+0000] {extract_bronze.py:59} ERROR - Failed to extract employee: (psycopg2.errors.UndefinedColumn) column "client_employee_id|"first_name"|"middle_name"|"last_name"|"pref" of relation "staging_employee" does not exist
LINE 1: INSERT INTO staging_employee ("client_employee_id|""first_na...
                                      ^

[SQL: INSERT INTO staging_employee ("client_employee_id|""first_name""|""middle_name""|""last_name""|""preferred_name""|""job_code""|""job_title""|""job_start_date""|""organization_id""|""organization_name""|""department_id""|""department_name""|""dob""|""hire_date""|""recent_hire_date""|""anniversary_date""|""term_date""|""years_of_experience""|""work_email""|""address""|""city""|""state""|""zip""|""country""|""manager_employee_id""|""manager_employee_name""|""fte_status""|""is_per_deim""|""cell_phone""|""work_phone""|""scheduled_weekly_hour""|""active_status""|""termination_reason""|""clinical_level""") VALUES (%(client_employee_id|"first_name"|"middle_name"|"last_name"|"preferred_name"|"job_code"|"job_title"|"job_start_date"|"organization_id"|"organization_name"|"department_id"|"department_name"|"dob"|"hire_date"|"recent_hire_date"|"anniversary_date"|"term_date"|"years_of_experience"|"work_email"|"address"|"city"|"state"|"zip"|"country"|"manager_employee_id"|"manager_employee_name"|"fte_status"|"is_per_deim"|"cell_phone"|"work_phone"|"scheduled_weekly_hour"|"active_status"|"termination_reason"|"clinical_level")s)]
[parameters: ({'client_employee_id|"first_name"|"middle_name"|"last_name"|"preferred_name"|"job_code"|"job_title"|"job_start_date"|"organization_id"|"organization_name"|"department_id"|"department_name"|"dob"|"hire_date"|"recent_hire_date"|"anniversary_date"|"term_date"|"years_of_experience"|"work_email"|"address"|"city"|"state"|"zip"|"country"|"manager_employee_id"|"manager_employee_name"|"fte_status"|"is_per_deim"|"cell_phone"|"work_phone"|"scheduled_weekly_hour"|"active_status"|"termination_reason"|"clinical_level"': ' CT Scan|"1998-06-01"|Lowell General Hospital|Lowell General Hospital|"72800"|"72800-CT Scan"|"1970-08-07"|"1998-06-01"|"1998-06-01"|"1998-06-01"|||nurse+00037@laudio.com|XXXXXXX|XXXXXXX|XXXXXXX||XXXXXXX|"09569"||Full_time||"978xxxxxxx"||"40"|"1"||'}, {'client_employee_id|"first_name"|"middle_name"|"last_name"|"preferred_name"|"job_code"|"job_title"|"job_start_date"|"organization_id"|"organization_name"|"department_id"|"department_name"|"dob"|"hire_date"|"recent_hire_date"|"anniversary_date"|"term_date"|"years_of_experience"|"work_email"|"address"|"city"|"state"|"zip"|"country"|"manager_employee_id"|"manager_employee_name"|"fte_status"|"is_per_deim"|"cell_phone"|"work_phone"|"scheduled_weekly_hour"|"active_status"|"termination_reason"|"clinical_level"': None}, {'client_employee_id|"first_name"|"middle_name"|"last_name"|"preferred_name"|"job_code"|"job_title"|"job_start_date"|"organization_id"|"organization_name"|"department_id"|"department_name"|"dob"|"hire_date"|"recent_hire_date"|"anniversary_date"|"term_date"|"years_of_experience"|"work_email"|"address"|"city"|"state"|"zip"|"country"|"manager_employee_id"|"manager_employee_name"|"fte_status"|"is_per_deim"|"cell_phone"|"work_phone"|"scheduled_weekly_hour"|"active_status"|"termination_reason"|"clinical_level"': None}, {'client_employee_id|"first_name"|"middle_name"|"last_name"|"preferred_name"|"job_code"|"job_title"|"job_start_date"|"organization_id"|"organization_name"|"department_id"|"department_name"|"dob"|"hire_date"|"recent_hire_date"|"anniversary_date"|"term_date"|"years_of_experience"|"work_email"|"address"|"city"|"state"|"zip"|"country"|"manager_employee_id"|"manager_employee_name"|"fte_status"|"is_per_deim"|"cell_phone"|"work_phone"|"scheduled_weekly_hour"|"active_status"|"termination_reason"|"clinical_level"': None}, {'client_employee_id|"first_name"|"middle_name"|"last_name"|"preferred_name"|"job_code"|"job_title"|"job_start_date"|"organization_id"|"organization_name"|"department_id"|"department_name"|"dob"|"hire_date"|"recent_hire_date"|"anniversary_date"|"term_date"|"years_of_experience"|"work_email"|"address"|"city"|"state"|"zip"|"country"|"manager_employee_id"|"manager_employee_name"|"fte_status"|"is_per_deim"|"cell_phone"|"work_phone"|"scheduled_weekly_hour"|"active_status"|"termination_reason"|"clinical_level"': None}, {'client_employee_id|"first_name"|"middle_name"|"last_name"|"preferred_name"|"job_code"|"job_title"|"job_start_date"|"organization_id"|"organization_name"|"department_id"|"department_name"|"dob"|"hire_date"|"recent_hire_date"|"anniversary_date"|"term_date"|"years_of_experience"|"work_email"|"address"|"city"|"state"|"zip"|"country"|"manager_employee_id"|"manager_employee_name"|"fte_status"|"is_per_deim"|"cell_phone"|"work_phone"|"scheduled_weekly_hour"|"active_status"|"termination_reason"|"clinical_level"': None}, {'client_employee_id|"first_name"|"middle_name"|"last_name"|"preferred_name"|"job_code"|"job_title"|"job_start_date"|"organization_id"|"organization_name"|"department_id"|"department_name"|"dob"|"hire_date"|"recent_hire_date"|"anniversary_date"|"term_date"|"years_of_experience"|"work_email"|"address"|"city"|"state"|"zip"|"country"|"manager_employee_id"|"manager_employee_name"|"fte_status"|"is_per_deim"|"cell_phone"|"work_phone"|"scheduled_weekly_hour"|"active_status"|"termination_reason"|"clinical_level"': None}, {'client_employee_id|"first_name"|"middle_name"|"last_name"|"preferred_name"|"job_code"|"job_title"|"job_start_date"|"organization_id"|"organization_name"|"department_id"|"department_name"|"dob"|"hire_date"|"recent_hire_date"|"anniversary_date"|"term_date"|"years_of_experience"|"work_email"|"address"|"city"|"state"|"zip"|"country"|"manager_employee_id"|"manager_employee_name"|"fte_status"|"is_per_deim"|"cell_phone"|"work_phone"|"scheduled_weekly_hour"|"active_status"|"termination_reason"|"clinical_level"': None}  ... displaying 10 of 50 total bound parameter sets ...  {'client_employee_id|"first_name"|"middle_name"|"last_name"|"preferred_name"|"job_code"|"job_title"|"job_start_date"|"organization_id"|"organization_name"|"department_id"|"department_name"|"dob"|"hire_date"|"recent_hire_date"|"anniversary_date"|"term_date"|"years_of_experience"|"work_email"|"address"|"city"|"state"|"zip"|"country"|"manager_employee_id"|"manager_employee_name"|"fte_status"|"is_per_deim"|"cell_phone"|"work_phone"|"scheduled_weekly_hour"|"active_status"|"termination_reason"|"clinical_level"': None}, {'client_employee_id|"first_name"|"middle_name"|"last_name"|"preferred_name"|"job_code"|"job_title"|"job_start_date"|"organization_id"|"organization_name"|"department_id"|"department_name"|"dob"|"hire_date"|"recent_hire_date"|"anniversary_date"|"term_date"|"years_of_experience"|"work_email"|"address"|"city"|"state"|"zip"|"country"|"manager_employee_id"|"manager_employee_name"|"fte_status"|"is_per_deim"|"cell_phone"|"work_phone"|"scheduled_weekly_hour"|"active_status"|"termination_reason"|"clinical_level"': None})]
(Background on this error at: https://sqlalche.me/e/14/f405)
Traceback (most recent call last):
  File "/home/airflow/.local/lib/python3.8/site-packages/sqlalchemy/engine/base.py", line 1890, in _execute_context
    self.dialect.do_executemany(
  File "/home/airflow/.local/lib/python3.8/site-packages/sqlalchemy/dialects/postgresql/psycopg2.py", line 982, in do_executemany
    context._psycopg2_fetched_rows = xtras.execute_values(
  File "/home/airflow/.local/lib/python3.8/site-packages/psycopg2/extras.py", line 1299, in execute_values
    cur.execute(b''.join(parts))
psycopg2.errors.UndefinedColumn: column "client_employee_id|"first_name"|"middle_name"|"last_name"|"pref" of relation "staging_employee" does not exist
LINE 1: INSERT INTO staging_employee ("client_employee_id|""first_na...
                                      ^


The above exception was the direct cause of the following exception:

Traceback (most recent call last):
  File "/opt/airflow/src/etl/extract_bronze.py", line 51, in extract_employee
    chunk.to_sql("staging_employee", engine,
  File "/home/airflow/.local/lib/python3.8/site-packages/pandas/core/generic.py", line 2878, in to_sql
    return sql.to_sql(
  File "/home/airflow/.local/lib/python3.8/site-packages/pandas/io/sql.py", line 769, in to_sql
    return pandas_sql.to_sql(
  File "/home/airflow/.local/lib/python3.8/site-packages/pandas/io/sql.py", line 1920, in to_sql
    total_inserted = sql_engine.insert_records(
  File "/home/airflow/.local/lib/python3.8/site-packages/pandas/io/sql.py", line 1470, in insert_records
    raise err
  File "/home/airflow/.local/lib/python3.8/site-packages/pandas/io/sql.py", line 1461, in insert_records
    return table.insert(chunksize=chunksize, method=method)
  File "/home/airflow/.local/lib/python3.8/site-packages/pandas/io/sql.py", line 1023, in insert
    num_inserted = exec_insert(conn, keys, chunk_iter)
  File "/home/airflow/.local/lib/python3.8/site-packages/pandas/io/sql.py", line 929, in _execute_insert
    result = conn.execute(self.table.insert(), data)
  File "/home/airflow/.local/lib/python3.8/site-packages/sqlalchemy/engine/base.py", line 1385, in execute
    return meth(self, multiparams, params, _EMPTY_EXECUTION_OPTS)
  File "/home/airflow/.local/lib/python3.8/site-packages/sqlalchemy/sql/elements.py", line 334, in _execute_on_connection
    return connection._execute_clauseelement(
  File "/home/airflow/.local/lib/python3.8/site-packages/sqlalchemy/engine/base.py", line 1577, in _execute_clauseelement
    ret = self._execute_context(
  File "/home/airflow/.local/lib/python3.8/site-packages/sqlalchemy/engine/base.py", line 1953, in _execute_context
    self._handle_dbapi_exception(
  File "/home/airflow/.local/lib/python3.8/site-packages/sqlalchemy/engine/base.py", line 2134, in _handle_dbapi_exception
    util.raise_(
  File "/home/airflow/.local/lib/python3.8/site-packages/sqlalchemy/util/compat.py", line 211, in raise_
    raise exception
  File "/home/airflow/.local/lib/python3.8/site-packages/sqlalchemy/engine/base.py", line 1890, in _execute_context
    self.dialect.do_executemany(
  File "/home/airflow/.local/lib/python3.8/site-packages/sqlalchemy/dialects/postgresql/psycopg2.py", line 982, in do_executemany
    context._psycopg2_fetched_rows = xtras.execute_values(
  File "/home/airflow/.local/lib/python3.8/site-packages/psycopg2/extras.py", line 1299, in execute_values
    cur.execute(b''.join(parts))
sqlalchemy.exc.ProgrammingError: (psycopg2.errors.UndefinedColumn) column "client_employee_id|"first_name"|"middle_name"|"last_name"|"pref" of relation "staging_employee" does not exist
LINE 1: INSERT INTO staging_employee ("client_employee_id|""first_na...
                                      ^

[SQL: INSERT INTO staging_employee ("client_employee_id|""first_name""|""middle_name""|""last_name""|""preferred_name""|""job_code""|""job_title""|""job_start_date""|""organization_id""|""organization_name""|""department_id""|""department_name""|""dob""|""hire_date""|""recent_hire_date""|""anniversary_date""|""term_date""|""years_of_experience""|""work_email""|""address""|""city""|""state""|""zip""|""country""|""manager_employee_id""|""manager_employee_name""|""fte_status""|""is_per_deim""|""cell_phone""|""work_phone""|""scheduled_weekly_hour""|""active_status""|""termination_reason""|""clinical_level""") VALUES (%(client_employee_id|"first_name"|"middle_name"|"last_name"|"preferred_name"|"job_code"|"job_title"|"job_start_date"|"organization_id"|"organization_name"|"department_id"|"department_name"|"dob"|"hire_date"|"recent_hire_date"|"anniversary_date"|"term_date"|"years_of_experience"|"work_email"|"address"|"city"|"state"|"zip"|"country"|"manager_employee_id"|"manager_employee_name"|"fte_status"|"is_per_deim"|"cell_phone"|"work_phone"|"scheduled_weekly_hour"|"active_status"|"termination_reason"|"clinical_level")s)]
[parameters: ({'client_employee_id|"first_name"|"middle_name"|"last_name"|"preferred_name"|"job_code"|"job_title"|"job_start_date"|"organization_id"|"organization_name"|"department_id"|"department_name"|"dob"|"hire_date"|"recent_hire_date"|"anniversary_date"|"term_date"|"years_of_experience"|"work_email"|"address"|"city"|"state"|"zip"|"country"|"manager_employee_id"|"manager_employee_name"|"fte_status"|"is_per_deim"|"cell_phone"|"work_phone"|"scheduled_weekly_hour"|"active_status"|"termination_reason"|"clinical_level"': ' CT Scan|"1998-06-01"|Lowell General Hospital|Lowell General Hospital|"72800"|"72800-CT Scan"|"1970-08-07"|"1998-06-01"|"1998-06-01"|"1998-06-01"|||nurse+00037@laudio.com|XXXXXXX|XXXXXXX|XXXXXXX||XXXXXXX|"09569"||Full_time||"978xxxxxxx"||"40"|"1"||'}, {'client_employee_id|"first_name"|"middle_name"|"last_name"|"preferred_name"|"job_code"|"job_title"|"job_start_date"|"organization_id"|"organization_name"|"department_id"|"department_name"|"dob"|"hire_date"|"recent_hire_date"|"anniversary_date"|"term_date"|"years_of_experience"|"work_email"|"address"|"city"|"state"|"zip"|"country"|"manager_employee_id"|"manager_employee_name"|"fte_status"|"is_per_deim"|"cell_phone"|"work_phone"|"scheduled_weekly_hour"|"active_status"|"termination_reason"|"clinical_level"': None}, {'client_employee_id|"first_name"|"middle_name"|"last_name"|"preferred_name"|"job_code"|"job_title"|"job_start_date"|"organization_id"|"organization_name"|"department_id"|"department_name"|"dob"|"hire_date"|"recent_hire_date"|"anniversary_date"|"term_date"|"years_of_experience"|"work_email"|"address"|"city"|"state"|"zip"|"country"|"manager_employee_id"|"manager_employee_name"|"fte_status"|"is_per_deim"|"cell_phone"|"work_phone"|"scheduled_weekly_hour"|"active_status"|"termination_reason"|"clinical_level"': None}, {'client_employee_id|"first_name"|"middle_name"|"last_name"|"preferred_name"|"job_code"|"job_title"|"job_start_date"|"organization_id"|"organization_name"|"department_id"|"department_name"|"dob"|"hire_date"|"recent_hire_date"|"anniversary_date"|"term_date"|"years_of_experience"|"work_email"|"address"|"city"|"state"|"zip"|"country"|"manager_employee_id"|"manager_employee_name"|"fte_status"|"is_per_deim"|"cell_phone"|"work_phone"|"scheduled_weekly_hour"|"active_status"|"termination_reason"|"clinical_level"': None}, {'client_employee_id|"first_name"|"middle_name"|"last_name"|"preferred_name"|"job_code"|"job_title"|"job_start_date"|"organization_id"|"organization_name"|"department_id"|"department_name"|"dob"|"hire_date"|"recent_hire_date"|"anniversary_date"|"term_date"|"years_of_experience"|"work_email"|"address"|"city"|"state"|"zip"|"country"|"manager_employee_id"|"manager_employee_name"|"fte_status"|"is_per_deim"|"cell_phone"|"work_phone"|"scheduled_weekly_hour"|"active_status"|"termination_reason"|"clinical_level"': None}, {'client_employee_id|"first_name"|"middle_name"|"last_name"|"preferred_name"|"job_code"|"job_title"|"job_start_date"|"organization_id"|"organization_name"|"department_id"|"department_name"|"dob"|"hire_date"|"recent_hire_date"|"anniversary_date"|"term_date"|"years_of_experience"|"work_email"|"address"|"city"|"state"|"zip"|"country"|"manager_employee_id"|"manager_employee_name"|"fte_status"|"is_per_deim"|"cell_phone"|"work_phone"|"scheduled_weekly_hour"|"active_status"|"termination_reason"|"clinical_level"': None}, {'client_employee_id|"first_name"|"middle_name"|"last_name"|"preferred_name"|"job_code"|"job_title"|"job_start_date"|"organization_id"|"organization_name"|"department_id"|"department_name"|"dob"|"hire_date"|"recent_hire_date"|"anniversary_date"|"term_date"|"years_of_experience"|"work_email"|"address"|"city"|"state"|"zip"|"country"|"manager_employee_id"|"manager_employee_name"|"fte_status"|"is_per_deim"|"cell_phone"|"work_phone"|"scheduled_weekly_hour"|"active_status"|"termination_reason"|"clinical_level"': None}, {'client_employee_id|"first_name"|"middle_name"|"last_name"|"preferred_name"|"job_code"|"job_title"|"job_start_date"|"organization_id"|"organization_name"|"department_id"|"department_name"|"dob"|"hire_date"|"recent_hire_date"|"anniversary_date"|"term_date"|"years_of_experience"|"work_email"|"address"|"city"|"state"|"zip"|"country"|"manager_employee_id"|"manager_employee_name"|"fte_status"|"is_per_deim"|"cell_phone"|"work_phone"|"scheduled_weekly_hour"|"active_status"|"termination_reason"|"clinical_level"': None}  ... displaying 10 of 50 total bound parameter sets ...  {'client_employee_id|"first_name"|"middle_name"|"last_name"|"preferred_name"|"job_code"|"job_title"|"job_start_date"|"organization_id"|"organization_name"|"department_id"|"department_name"|"dob"|"hire_date"|"recent_hire_date"|"anniversary_date"|"term_date"|"years_of_experience"|"work_email"|"address"|"city"|"state"|"zip"|"country"|"manager_employee_id"|"manager_employee_name"|"fte_status"|"is_per_deim"|"cell_phone"|"work_phone"|"scheduled_weekly_hour"|"active_status"|"termination_reason"|"clinical_level"': None}, {'client_employee_id|"first_name"|"middle_name"|"last_name"|"preferred_name"|"job_code"|"job_title"|"job_start_date"|"organization_id"|"organization_name"|"department_id"|"department_name"|"dob"|"hire_date"|"recent_hire_date"|"anniversary_date"|"term_date"|"years_of_experience"|"work_email"|"address"|"city"|"state"|"zip"|"country"|"manager_employee_id"|"manager_employee_name"|"fte_status"|"is_per_deim"|"cell_phone"|"work_phone"|"scheduled_weekly_hour"|"active_status"|"termination_reason"|"clinical_level"': None})]
(Background on this error at: https://sqlalche.me/e/14/f405)
[2026-03-03T07:40:13.426+0000] {python.py:201} INFO - Done. Returned value was: None
[2026-03-03T07:40:13.442+0000] {taskinstance.py:1138} INFO - Marking task as SUCCESS. dag_id=etl_pipeline, task_id=extract_employee, execution_date=20260303T074007, start_date=20260303T074011, end_date=20260303T074013
[2026-03-03T07:40:13.531+0000] {local_task_job_runner.py:234} INFO - Task exited with return code 0
[2026-03-03T07:40:13.613+0000] {taskinstance.py:3280} INFO - 1 downstream tasks scheduled from follow-on schedule check
