[2026-03-03T17:31:43.456+0000] {taskinstance.py:1956} INFO - Dependencies all met for dep_context=non-requeueable deps ti=<TaskInstance: etl_pipeline.transform_timesheet manual__2026-03-03T17:31:02.198747+00:00 [queued]>
[2026-03-03T17:31:43.465+0000] {taskinstance.py:1956} INFO - Dependencies all met for dep_context=requeueable deps ti=<TaskInstance: etl_pipeline.transform_timesheet manual__2026-03-03T17:31:02.198747+00:00 [queued]>
[2026-03-03T17:31:43.465+0000] {taskinstance.py:2170} INFO - Starting attempt 1 of 2
[2026-03-03T17:31:43.480+0000] {taskinstance.py:2191} INFO - Executing <Task(PythonOperator): transform_timesheet> on 2026-03-03 17:31:02.198747+00:00
[2026-03-03T17:31:43.502+0000] {standard_task_runner.py:60} INFO - Started process 4526 to run task
[2026-03-03T17:31:43.514+0000] {standard_task_runner.py:87} INFO - Running: ['airflow', 'tasks', 'run', 'etl_pipeline', 'transform_timesheet', 'manual__2026-03-03T17:31:02.198747+00:00', '--job-id', '88', '--raw', '--subdir', 'DAGS_FOLDER/etl_dag.py', '--cfg-path', '/tmp/tmpzy5c5atd']
[2026-03-03T17:31:43.518+0000] {standard_task_runner.py:88} INFO - Job 88: Subtask transform_timesheet
[2026-03-03T17:31:43.590+0000] {task_command.py:423} INFO - Running <TaskInstance: etl_pipeline.transform_timesheet manual__2026-03-03T17:31:02.198747+00:00 [running]> on host ad601963dc0b
[2026-03-03T17:31:44.191+0000] {taskinstance.py:2480} INFO - Exporting env vars: AIRFLOW_CTX_DAG_OWNER='etl_user' AIRFLOW_CTX_DAG_ID='etl_pipeline' AIRFLOW_CTX_TASK_ID='transform_timesheet' AIRFLOW_CTX_EXECUTION_DATE='2026-03-03T17:31:02.198747+00:00' AIRFLOW_CTX_TRY_NUMBER='1' AIRFLOW_CTX_DAG_RUN_ID='manual__2026-03-03T17:31:02.198747+00:00'
[2026-03-03T17:31:45.167+0000] {transform_silver.py:179} INFO - Inserted 8 timesheet rows
[2026-03-03T17:31:45.243+0000] {transform_silver.py:179} INFO - Inserted 36 timesheet rows
[2026-03-03T17:31:45.304+0000] {transform_silver.py:179} INFO - Inserted 12 timesheet rows
[2026-03-03T17:31:45.455+0000] {transform_silver.py:179} INFO - Inserted 9 timesheet rows
[2026-03-03T17:31:45.546+0000] {transform_silver.py:179} INFO - Inserted 33 timesheet rows
[2026-03-03T17:31:45.638+0000] {transform_silver.py:179} INFO - Inserted 10 timesheet rows
[2026-03-03T17:31:49.050+0000] {transform_silver.py:179} INFO - Inserted 62 timesheet rows
[2026-03-03T17:31:50.318+0000] {transform_silver.py:179} INFO - Inserted 2 timesheet rows
[2026-03-03T17:31:50.694+0000] {transform_silver.py:179} INFO - Inserted 28 timesheet rows
[2026-03-03T17:31:50.884+0000] {transform_silver.py:179} INFO - Inserted 34 timesheet rows
[2026-03-03T17:31:51.077+0000] {transform_silver.py:179} INFO - Inserted 15 timesheet rows
[2026-03-03T17:31:51.147+0000] {transform_silver.py:179} INFO - Inserted 6 timesheet rows
[2026-03-03T17:31:51.215+0000] {transform_silver.py:179} INFO - Inserted 8 timesheet rows
[2026-03-03T17:31:51.288+0000] {transform_silver.py:179} INFO - Inserted 31 timesheet rows
[2026-03-03T17:31:51.356+0000] {transform_silver.py:179} INFO - Inserted 23 timesheet rows
[2026-03-03T17:31:51.505+0000] {transform_silver.py:179} INFO - Inserted 25 timesheet rows
[2026-03-03T17:31:51.692+0000] {transform_silver.py:179} INFO - Inserted 38 timesheet rows
[2026-03-03T17:31:51.759+0000] {transform_silver.py:179} INFO - Inserted 22 timesheet rows
[2026-03-03T17:31:51.827+0000] {transform_silver.py:179} INFO - Inserted 21 timesheet rows
[2026-03-03T17:31:52.014+0000] {transform_silver.py:179} INFO - Inserted 7 timesheet rows
[2026-03-03T17:31:52.167+0000] {transform_silver.py:179} INFO - Inserted 60 timesheet rows
[2026-03-03T17:31:52.243+0000] {transform_silver.py:179} INFO - Inserted 36 timesheet rows
[2026-03-03T17:31:52.447+0000] {transform_silver.py:179} INFO - Inserted 9 timesheet rows
[2026-03-03T17:31:52.527+0000] {transform_silver.py:179} INFO - Inserted 45 timesheet rows
[2026-03-03T17:31:52.607+0000] {transform_silver.py:179} INFO - Inserted 30 timesheet rows
[2026-03-03T17:31:52.887+0000] {transform_silver.py:181} INFO - Total inserted: 610
[2026-03-03T17:31:52.888+0000] {transform_silver.py:182} WARNING - Total skipped (missing employee): 411961
[2026-03-03T17:31:52.889+0000] {python.py:201} INFO - Done. Returned value was: None
[2026-03-03T17:31:52.909+0000] {taskinstance.py:1138} INFO - Marking task as SUCCESS. dag_id=etl_pipeline, task_id=transform_timesheet, execution_date=20260303T173102, start_date=20260303T173143, end_date=20260303T173152
[2026-03-03T17:31:52.966+0000] {local_task_job_runner.py:234} INFO - Task exited with return code 0
[2026-03-03T17:31:53.036+0000] {taskinstance.py:3280} INFO - 1 downstream tasks scheduled from follow-on schedule check
