[2026-03-03T03:09:55.060+0000] {taskinstance.py:1956} INFO - Dependencies all met for dep_context=non-requeueable deps ti=<TaskInstance: etl_pipeline.transform_employee manual__2026-03-03T03:09:44.581107+00:00 [queued]>
[2026-03-03T03:09:55.078+0000] {taskinstance.py:1956} INFO - Dependencies all met for dep_context=requeueable deps ti=<TaskInstance: etl_pipeline.transform_employee manual__2026-03-03T03:09:44.581107+00:00 [queued]>
[2026-03-03T03:09:55.079+0000] {taskinstance.py:2170} INFO - Starting attempt 1 of 2
[2026-03-03T03:09:55.100+0000] {taskinstance.py:2191} INFO - Executing <Task(PythonOperator): transform_employee> on 2026-03-03 03:09:44.581107+00:00
[2026-03-03T03:09:55.120+0000] {standard_task_runner.py:60} INFO - Started process 2605 to run task
[2026-03-03T03:09:55.128+0000] {standard_task_runner.py:87} INFO - Running: ['airflow', 'tasks', 'run', 'etl_pipeline', 'transform_employee', 'manual__2026-03-03T03:09:44.581107+00:00', '--job-id', '7', '--raw', '--subdir', 'DAGS_FOLDER/etl_dag.py', '--cfg-path', '/tmp/tmpj497vm4c']
[2026-03-03T03:09:55.131+0000] {standard_task_runner.py:88} INFO - Job 7: Subtask transform_employee
[2026-03-03T03:09:55.240+0000] {task_command.py:423} INFO - Running <TaskInstance: etl_pipeline.transform_employee manual__2026-03-03T03:09:44.581107+00:00 [running]> on host ad601963dc0b
[2026-03-03T03:09:55.770+0000] {taskinstance.py:2480} INFO - Exporting env vars: AIRFLOW_CTX_DAG_OWNER='etl_user' AIRFLOW_CTX_DAG_ID='etl_pipeline' AIRFLOW_CTX_TASK_ID='transform_employee' AIRFLOW_CTX_EXECUTION_DATE='2026-03-03T03:09:44.581107+00:00' AIRFLOW_CTX_TRY_NUMBER='1' AIRFLOW_CTX_DAG_RUN_ID='manual__2026-03-03T03:09:44.581107+00:00'
[2026-03-03T03:09:55.832+0000] {transform_silver.py:52} ERROR - Failed to transform employee: Index(['client_employee_id'], dtype='object')
Traceback (most recent call last):
  File "/opt/airflow/src/etl/transform_silver.py", line 32, in transform_employee
    df.drop_duplicates(subset="client_employee_id", inplace=True)
  File "/home/airflow/.local/lib/python3.8/site-packages/pandas/core/frame.py", line 6522, in drop_duplicates
    result = self[-self.duplicated(subset, keep=keep)]
  File "/home/airflow/.local/lib/python3.8/site-packages/pandas/core/frame.py", line 6654, in duplicated
    raise KeyError(Index(diff))
KeyError: Index(['client_employee_id'], dtype='object')
[2026-03-03T03:09:55.844+0000] {python.py:201} INFO - Done. Returned value was: None
[2026-03-03T03:09:55.862+0000] {taskinstance.py:1138} INFO - Marking task as SUCCESS. dag_id=etl_pipeline, task_id=transform_employee, execution_date=20260303T030944, start_date=20260303T030955, end_date=20260303T030955
[2026-03-03T03:09:55.929+0000] {local_task_job_runner.py:234} INFO - Task exited with return code 0
[2026-03-03T03:09:55.978+0000] {taskinstance.py:3280} INFO - 0 downstream tasks scheduled from follow-on schedule check
