[2026-03-03T17:31:08.020+0000] {taskinstance.py:1956} INFO - Dependencies all met for dep_context=non-requeueable deps ti=<TaskInstance: etl_pipeline.extract_timesheets manual__2026-03-03T17:31:02.198747+00:00 [queued]>
[2026-03-03T17:31:08.072+0000] {taskinstance.py:1956} INFO - Dependencies all met for dep_context=requeueable deps ti=<TaskInstance: etl_pipeline.extract_timesheets manual__2026-03-03T17:31:02.198747+00:00 [queued]>
[2026-03-03T17:31:08.107+0000] {taskinstance.py:2170} INFO - Starting attempt 1 of 2
[2026-03-03T17:31:08.187+0000] {taskinstance.py:2191} INFO - Executing <Task(PythonOperator): extract_timesheets> on 2026-03-03 17:31:02.198747+00:00
[2026-03-03T17:31:08.260+0000] {standard_task_runner.py:60} INFO - Started process 4513 to run task
[2026-03-03T17:31:08.294+0000] {standard_task_runner.py:87} INFO - Running: ['airflow', 'tasks', 'run', 'etl_pipeline', 'extract_timesheets', 'manual__2026-03-03T17:31:02.198747+00:00', '--job-id', '85', '--raw', '--subdir', 'DAGS_FOLDER/etl_dag.py', '--cfg-path', '/tmp/tmpb59g_l1n']
[2026-03-03T17:31:08.301+0000] {standard_task_runner.py:88} INFO - Job 85: Subtask extract_timesheets
[2026-03-03T17:31:08.818+0000] {task_command.py:423} INFO - Running <TaskInstance: etl_pipeline.extract_timesheets manual__2026-03-03T17:31:02.198747+00:00 [running]> on host ad601963dc0b
[2026-03-03T17:31:09.809+0000] {taskinstance.py:2480} INFO - Exporting env vars: AIRFLOW_CTX_DAG_OWNER='etl_user' AIRFLOW_CTX_DAG_ID='etl_pipeline' AIRFLOW_CTX_TASK_ID='extract_timesheets' AIRFLOW_CTX_EXECUTION_DATE='2026-03-03T17:31:02.198747+00:00' AIRFLOW_CTX_TRY_NUMBER='1' AIRFLOW_CTX_DAG_RUN_ID='manual__2026-03-03T17:31:02.198747+00:00'
[2026-03-03T17:31:09.813+0000] {extract_bronze.py:66} INFO - Starting timesheet extraction from folder: /opt/airflow/data/timesheets
[2026-03-03T17:31:10.458+0000] {extract_bronze.py:88} INFO - Loaded 5000 rows from /opt/airflow/data/timesheets/timesheet_202510161124.csv to staging_timesheet
[2026-03-03T17:31:10.848+0000] {extract_bronze.py:88} INFO - Loaded 5000 rows from /opt/airflow/data/timesheets/timesheet_202510161124.csv to staging_timesheet
[2026-03-03T17:31:11.378+0000] {extract_bronze.py:88} INFO - Loaded 5000 rows from /opt/airflow/data/timesheets/timesheet_202510161124.csv to staging_timesheet
[2026-03-03T17:31:11.980+0000] {extract_bronze.py:88} INFO - Loaded 5000 rows from /opt/airflow/data/timesheets/timesheet_202510161124.csv to staging_timesheet
[2026-03-03T17:31:12.336+0000] {extract_bronze.py:88} INFO - Loaded 5000 rows from /opt/airflow/data/timesheets/timesheet_202510161124.csv to staging_timesheet
[2026-03-03T17:31:12.705+0000] {extract_bronze.py:88} INFO - Loaded 5000 rows from /opt/airflow/data/timesheets/timesheet_202510161124.csv to staging_timesheet
[2026-03-03T17:31:13.755+0000] {extract_bronze.py:88} INFO - Loaded 5000 rows from /opt/airflow/data/timesheets/timesheet_202510161124.csv to staging_timesheet
[2026-03-03T17:31:14.242+0000] {extract_bronze.py:88} INFO - Loaded 3957 rows from /opt/airflow/data/timesheets/timesheet_202510161124.csv to staging_timesheet
[2026-03-03T17:31:14.947+0000] {extract_bronze.py:88} INFO - Loaded 5000 rows from /opt/airflow/data/timesheets/timesheet_202509151540.csv to staging_timesheet
[2026-03-03T17:31:15.508+0000] {extract_bronze.py:88} INFO - Loaded 5000 rows from /opt/airflow/data/timesheets/timesheet_202509151540.csv to staging_timesheet
[2026-03-03T17:31:15.809+0000] {extract_bronze.py:88} INFO - Loaded 5000 rows from /opt/airflow/data/timesheets/timesheet_202509151540.csv to staging_timesheet
[2026-03-03T17:31:16.070+0000] {extract_bronze.py:88} INFO - Loaded 5000 rows from /opt/airflow/data/timesheets/timesheet_202509151540.csv to staging_timesheet
[2026-03-03T17:31:16.342+0000] {extract_bronze.py:88} INFO - Loaded 5000 rows from /opt/airflow/data/timesheets/timesheet_202509151540.csv to staging_timesheet
[2026-03-03T17:31:16.639+0000] {extract_bronze.py:88} INFO - Loaded 5000 rows from /opt/airflow/data/timesheets/timesheet_202509151540.csv to staging_timesheet
[2026-03-03T17:31:16.908+0000] {extract_bronze.py:88} INFO - Loaded 5000 rows from /opt/airflow/data/timesheets/timesheet_202509151540.csv to staging_timesheet
[2026-03-03T17:31:17.179+0000] {extract_bronze.py:88} INFO - Loaded 5000 rows from /opt/airflow/data/timesheets/timesheet_202509151540.csv to staging_timesheet
[2026-03-03T17:31:17.442+0000] {extract_bronze.py:88} INFO - Loaded 5000 rows from /opt/airflow/data/timesheets/timesheet_202509151540.csv to staging_timesheet
[2026-03-03T17:31:17.728+0000] {extract_bronze.py:88} INFO - Loaded 5000 rows from /opt/airflow/data/timesheets/timesheet_202509151540.csv to staging_timesheet
[2026-03-03T17:31:18.008+0000] {extract_bronze.py:88} INFO - Loaded 5000 rows from /opt/airflow/data/timesheets/timesheet_202509151540.csv to staging_timesheet
[2026-03-03T17:31:18.287+0000] {extract_bronze.py:88} INFO - Loaded 5000 rows from /opt/airflow/data/timesheets/timesheet_202509151540.csv to staging_timesheet
[2026-03-03T17:31:18.587+0000] {extract_bronze.py:88} INFO - Loaded 5000 rows from /opt/airflow/data/timesheets/timesheet_202509151540.csv to staging_timesheet
[2026-03-03T17:31:18.871+0000] {extract_bronze.py:88} INFO - Loaded 5000 rows from /opt/airflow/data/timesheets/timesheet_202509151540.csv to staging_timesheet
[2026-03-03T17:31:19.935+0000] {extract_bronze.py:88} INFO - Loaded 5000 rows from /opt/airflow/data/timesheets/timesheet_202509151540.csv to staging_timesheet
[2026-03-03T17:31:20.236+0000] {extract_bronze.py:88} INFO - Loaded 5000 rows from /opt/airflow/data/timesheets/timesheet_202509151540.csv to staging_timesheet
[2026-03-03T17:31:20.636+0000] {extract_bronze.py:88} INFO - Loaded 5000 rows from /opt/airflow/data/timesheets/timesheet_202509151540.csv to staging_timesheet
[2026-03-03T17:31:20.960+0000] {extract_bronze.py:88} INFO - Loaded 5000 rows from /opt/airflow/data/timesheets/timesheet_202509151540.csv to staging_timesheet
[2026-03-03T17:31:21.231+0000] {extract_bronze.py:88} INFO - Loaded 5000 rows from /opt/airflow/data/timesheets/timesheet_202509151540.csv to staging_timesheet
[2026-03-03T17:31:21.648+0000] {extract_bronze.py:88} INFO - Loaded 5000 rows from /opt/airflow/data/timesheets/timesheet_202509151540.csv to staging_timesheet
[2026-03-03T17:31:22.019+0000] {extract_bronze.py:88} INFO - Loaded 5000 rows from /opt/airflow/data/timesheets/timesheet_202509151540.csv to staging_timesheet
[2026-03-03T17:31:22.364+0000] {extract_bronze.py:88} INFO - Loaded 5000 rows from /opt/airflow/data/timesheets/timesheet_202509151540.csv to staging_timesheet
[2026-03-03T17:31:22.791+0000] {extract_bronze.py:88} INFO - Loaded 5000 rows from /opt/airflow/data/timesheets/timesheet_202509151540.csv to staging_timesheet
[2026-03-03T17:31:23.179+0000] {extract_bronze.py:88} INFO - Loaded 5000 rows from /opt/airflow/data/timesheets/timesheet_202509151540.csv to staging_timesheet
[2026-03-03T17:31:24.595+0000] {extract_bronze.py:88} INFO - Loaded 5000 rows from /opt/airflow/data/timesheets/timesheet_202509151540.csv to staging_timesheet
[2026-03-03T17:31:25.316+0000] {extract_bronze.py:88} INFO - Loaded 5000 rows from /opt/airflow/data/timesheets/timesheet_202509151540.csv to staging_timesheet
[2026-03-03T17:31:25.632+0000] {extract_bronze.py:88} INFO - Loaded 5000 rows from /opt/airflow/data/timesheets/timesheet_202509151540.csv to staging_timesheet
[2026-03-03T17:31:25.982+0000] {extract_bronze.py:88} INFO - Loaded 5000 rows from /opt/airflow/data/timesheets/timesheet_202509151540.csv to staging_timesheet
[2026-03-03T17:31:26.324+0000] {extract_bronze.py:88} INFO - Loaded 5000 rows from /opt/airflow/data/timesheets/timesheet_202509151540.csv to staging_timesheet
[2026-03-03T17:31:26.646+0000] {extract_bronze.py:88} INFO - Loaded 5000 rows from /opt/airflow/data/timesheets/timesheet_202509151540.csv to staging_timesheet
[2026-03-03T17:31:27.035+0000] {extract_bronze.py:88} INFO - Loaded 5000 rows from /opt/airflow/data/timesheets/timesheet_202509151540.csv to staging_timesheet
[2026-03-03T17:31:27.402+0000] {extract_bronze.py:88} INFO - Loaded 5000 rows from /opt/airflow/data/timesheets/timesheet_202509151540.csv to staging_timesheet
[2026-03-03T17:31:27.968+0000] {extract_bronze.py:88} INFO - Loaded 5000 rows from /opt/airflow/data/timesheets/timesheet_202509151540.csv to staging_timesheet
[2026-03-03T17:31:28.415+0000] {extract_bronze.py:88} INFO - Loaded 5000 rows from /opt/airflow/data/timesheets/timesheet_202509151540.csv to staging_timesheet
[2026-03-03T17:31:28.727+0000] {extract_bronze.py:88} INFO - Loaded 5000 rows from /opt/airflow/data/timesheets/timesheet_202509151540.csv to staging_timesheet
[2026-03-03T17:31:29.045+0000] {extract_bronze.py:88} INFO - Loaded 5000 rows from /opt/airflow/data/timesheets/timesheet_202509151540.csv to staging_timesheet
[2026-03-03T17:31:29.474+0000] {extract_bronze.py:88} INFO - Loaded 5000 rows from /opt/airflow/data/timesheets/timesheet_202509151540.csv to staging_timesheet
[2026-03-03T17:31:29.984+0000] {extract_bronze.py:88} INFO - Loaded 5000 rows from /opt/airflow/data/timesheets/timesheet_202509151540.csv to staging_timesheet
[2026-03-03T17:31:30.267+0000] {extract_bronze.py:88} INFO - Loaded 5000 rows from /opt/airflow/data/timesheets/timesheet_202509151540.csv to staging_timesheet
[2026-03-03T17:31:30.639+0000] {extract_bronze.py:88} INFO - Loaded 5000 rows from /opt/airflow/data/timesheets/timesheet_202509151540.csv to staging_timesheet
[2026-03-03T17:31:30.934+0000] {extract_bronze.py:88} INFO - Loaded 5000 rows from /opt/airflow/data/timesheets/timesheet_202509151540.csv to staging_timesheet
[2026-03-03T17:31:31.232+0000] {extract_bronze.py:88} INFO - Loaded 5000 rows from /opt/airflow/data/timesheets/timesheet_202509151540.csv to staging_timesheet
[2026-03-03T17:31:31.507+0000] {extract_bronze.py:88} INFO - Loaded 5000 rows from /opt/airflow/data/timesheets/timesheet_202509151540.csv to staging_timesheet
[2026-03-03T17:31:31.836+0000] {extract_bronze.py:88} INFO - Loaded 5000 rows from /opt/airflow/data/timesheets/timesheet_202509151540.csv to staging_timesheet
[2026-03-03T17:31:32.113+0000] {extract_bronze.py:88} INFO - Loaded 5000 rows from /opt/airflow/data/timesheets/timesheet_202509151540.csv to staging_timesheet
[2026-03-03T17:31:32.383+0000] {extract_bronze.py:88} INFO - Loaded 5000 rows from /opt/airflow/data/timesheets/timesheet_202509151540.csv to staging_timesheet
[2026-03-03T17:31:32.671+0000] {extract_bronze.py:88} INFO - Loaded 5000 rows from /opt/airflow/data/timesheets/timesheet_202509151540.csv to staging_timesheet
[2026-03-03T17:31:32.945+0000] {extract_bronze.py:88} INFO - Loaded 5000 rows from /opt/airflow/data/timesheets/timesheet_202509151540.csv to staging_timesheet
[2026-03-03T17:31:33.267+0000] {extract_bronze.py:88} INFO - Loaded 5000 rows from /opt/airflow/data/timesheets/timesheet_202509151540.csv to staging_timesheet
[2026-03-03T17:31:33.901+0000] {extract_bronze.py:88} INFO - Loaded 5000 rows from /opt/airflow/data/timesheets/timesheet_202509151540.csv to staging_timesheet
[2026-03-03T17:31:34.227+0000] {extract_bronze.py:88} INFO - Loaded 5000 rows from /opt/airflow/data/timesheets/timesheet_202509151540.csv to staging_timesheet
[2026-03-03T17:31:34.598+0000] {extract_bronze.py:88} INFO - Loaded 5000 rows from /opt/airflow/data/timesheets/timesheet_202509151540.csv to staging_timesheet
[2026-03-03T17:31:34.865+0000] {extract_bronze.py:88} INFO - Loaded 5000 rows from /opt/airflow/data/timesheets/timesheet_202509151540.csv to staging_timesheet
[2026-03-03T17:31:35.106+0000] {extract_bronze.py:88} INFO - Loaded 4921 rows from /opt/airflow/data/timesheets/timesheet_202509151540.csv to staging_timesheet
[2026-03-03T17:31:35.457+0000] {extract_bronze.py:88} INFO - Loaded 5000 rows from /opt/airflow/data/timesheets/timesheet_202510161122.csv to staging_timesheet
[2026-03-03T17:31:35.681+0000] {extract_bronze.py:88} INFO - Loaded 5000 rows from /opt/airflow/data/timesheets/timesheet_202510161122.csv to staging_timesheet
[2026-03-03T17:31:35.909+0000] {extract_bronze.py:88} INFO - Loaded 5000 rows from /opt/airflow/data/timesheets/timesheet_202510161122.csv to staging_timesheet
[2026-03-03T17:31:36.127+0000] {extract_bronze.py:88} INFO - Loaded 5000 rows from /opt/airflow/data/timesheets/timesheet_202510161122.csv to staging_timesheet
[2026-03-03T17:31:36.345+0000] {extract_bronze.py:88} INFO - Loaded 5000 rows from /opt/airflow/data/timesheets/timesheet_202510161122.csv to staging_timesheet
[2026-03-03T17:31:36.566+0000] {extract_bronze.py:88} INFO - Loaded 5000 rows from /opt/airflow/data/timesheets/timesheet_202510161122.csv to staging_timesheet
[2026-03-03T17:31:36.842+0000] {extract_bronze.py:88} INFO - Loaded 5000 rows from /opt/airflow/data/timesheets/timesheet_202510161122.csv to staging_timesheet
[2026-03-03T17:31:37.093+0000] {extract_bronze.py:88} INFO - Loaded 5000 rows from /opt/airflow/data/timesheets/timesheet_202510161122.csv to staging_timesheet
[2026-03-03T17:31:37.640+0000] {extract_bronze.py:88} INFO - Loaded 5000 rows from /opt/airflow/data/timesheets/timesheet_202510161122.csv to staging_timesheet
[2026-03-03T17:31:37.886+0000] {extract_bronze.py:88} INFO - Loaded 5000 rows from /opt/airflow/data/timesheets/timesheet_202510161122.csv to staging_timesheet
[2026-03-03T17:31:38.118+0000] {extract_bronze.py:88} INFO - Loaded 5000 rows from /opt/airflow/data/timesheets/timesheet_202510161122.csv to staging_timesheet
[2026-03-03T17:31:38.144+0000] {extract_bronze.py:88} INFO - Loaded 435 rows from /opt/airflow/data/timesheets/timesheet_202510161122.csv to staging_timesheet
[2026-03-03T17:31:38.507+0000] {extract_bronze.py:88} INFO - Loaded 5000 rows from /opt/airflow/data/timesheets/timesheet_202510161121.csv to staging_timesheet
[2026-03-03T17:31:38.828+0000] {extract_bronze.py:88} INFO - Loaded 5000 rows from /opt/airflow/data/timesheets/timesheet_202510161121.csv to staging_timesheet
[2026-03-03T17:31:39.340+0000] {extract_bronze.py:88} INFO - Loaded 5000 rows from /opt/airflow/data/timesheets/timesheet_202510161121.csv to staging_timesheet
[2026-03-03T17:31:39.942+0000] {extract_bronze.py:88} INFO - Loaded 5000 rows from /opt/airflow/data/timesheets/timesheet_202510161121.csv to staging_timesheet
[2026-03-03T17:31:40.263+0000] {extract_bronze.py:88} INFO - Loaded 5000 rows from /opt/airflow/data/timesheets/timesheet_202510161121.csv to staging_timesheet
[2026-03-03T17:31:40.560+0000] {extract_bronze.py:88} INFO - Loaded 5000 rows from /opt/airflow/data/timesheets/timesheet_202510161121.csv to staging_timesheet
[2026-03-03T17:31:40.784+0000] {extract_bronze.py:88} INFO - Loaded 5000 rows from /opt/airflow/data/timesheets/timesheet_202510161121.csv to staging_timesheet
[2026-03-03T17:31:41.030+0000] {extract_bronze.py:88} INFO - Loaded 5000 rows from /opt/airflow/data/timesheets/timesheet_202510161121.csv to staging_timesheet
[2026-03-03T17:31:41.533+0000] {extract_bronze.py:88} INFO - Loaded 5000 rows from /opt/airflow/data/timesheets/timesheet_202510161121.csv to staging_timesheet
[2026-03-03T17:31:41.703+0000] {extract_bronze.py:88} INFO - Loaded 3258 rows from /opt/airflow/data/timesheets/timesheet_202510161121.csv to staging_timesheet
[2026-03-03T17:31:41.703+0000] {extract_bronze.py:93} INFO - Total timesheet rows loaded: 412571
[2026-03-03T17:31:41.704+0000] {python.py:201} INFO - Done. Returned value was: None
[2026-03-03T17:31:41.726+0000] {taskinstance.py:1138} INFO - Marking task as SUCCESS. dag_id=etl_pipeline, task_id=extract_timesheets, execution_date=20260303T173102, start_date=20260303T173108, end_date=20260303T173141
[2026-03-03T17:31:41.768+0000] {local_task_job_runner.py:234} INFO - Task exited with return code 0
[2026-03-03T17:31:41.818+0000] {taskinstance.py:3280} INFO - 1 downstream tasks scheduled from follow-on schedule check
