[2026-03-03T14:09:56.742+0000] {taskinstance.py:1956} INFO - Dependencies all met for dep_context=non-requeueable deps ti=<TaskInstance: etl_pipeline.extract_timesheets manual__2026-03-03T14:09:52.641765+00:00 [queued]>
[2026-03-03T14:09:56.753+0000] {taskinstance.py:1956} INFO - Dependencies all met for dep_context=requeueable deps ti=<TaskInstance: etl_pipeline.extract_timesheets manual__2026-03-03T14:09:52.641765+00:00 [queued]>
[2026-03-03T14:09:56.754+0000] {taskinstance.py:2170} INFO - Starting attempt 1 of 2
[2026-03-03T14:09:56.774+0000] {taskinstance.py:2191} INFO - Executing <Task(PythonOperator): extract_timesheets> on 2026-03-03 14:09:52.641765+00:00
[2026-03-03T14:09:56.781+0000] {standard_task_runner.py:60} INFO - Started process 2364 to run task
[2026-03-03T14:09:56.785+0000] {standard_task_runner.py:87} INFO - Running: ['airflow', 'tasks', 'run', 'etl_pipeline', 'extract_timesheets', 'manual__2026-03-03T14:09:52.641765+00:00', '--job-id', '81', '--raw', '--subdir', 'DAGS_FOLDER/etl_dag.py', '--cfg-path', '/tmp/tmpkry4vxab']
[2026-03-03T14:09:56.794+0000] {standard_task_runner.py:88} INFO - Job 81: Subtask extract_timesheets
[2026-03-03T14:09:56.860+0000] {task_command.py:423} INFO - Running <TaskInstance: etl_pipeline.extract_timesheets manual__2026-03-03T14:09:52.641765+00:00 [running]> on host ad601963dc0b
[2026-03-03T14:09:57.001+0000] {taskinstance.py:2480} INFO - Exporting env vars: AIRFLOW_CTX_DAG_OWNER='etl_user' AIRFLOW_CTX_DAG_ID='etl_pipeline' AIRFLOW_CTX_TASK_ID='extract_timesheets' AIRFLOW_CTX_EXECUTION_DATE='2026-03-03T14:09:52.641765+00:00' AIRFLOW_CTX_TRY_NUMBER='1' AIRFLOW_CTX_DAG_RUN_ID='manual__2026-03-03T14:09:52.641765+00:00'
[2026-03-03T14:09:57.009+0000] {extract_bronze.py:66} INFO - Starting timesheet extraction from folder: /opt/airflow/data/timesheets
[2026-03-03T14:09:58.197+0000] {extract_bronze.py:88} INFO - Loaded 5000 rows from /opt/airflow/data/timesheets/timesheet_202510161124.csv to staging_timesheet
[2026-03-03T14:09:58.686+0000] {extract_bronze.py:88} INFO - Loaded 5000 rows from /opt/airflow/data/timesheets/timesheet_202510161124.csv to staging_timesheet
[2026-03-03T14:09:59.421+0000] {extract_bronze.py:88} INFO - Loaded 5000 rows from /opt/airflow/data/timesheets/timesheet_202510161124.csv to staging_timesheet
[2026-03-03T14:10:00.389+0000] {extract_bronze.py:88} INFO - Loaded 5000 rows from /opt/airflow/data/timesheets/timesheet_202510161124.csv to staging_timesheet
[2026-03-03T14:10:00.967+0000] {extract_bronze.py:88} INFO - Loaded 5000 rows from /opt/airflow/data/timesheets/timesheet_202510161124.csv to staging_timesheet
[2026-03-03T14:10:01.539+0000] {extract_bronze.py:88} INFO - Loaded 5000 rows from /opt/airflow/data/timesheets/timesheet_202510161124.csv to staging_timesheet
[2026-03-03T14:10:02.294+0000] {extract_bronze.py:88} INFO - Loaded 5000 rows from /opt/airflow/data/timesheets/timesheet_202510161124.csv to staging_timesheet
[2026-03-03T14:10:02.885+0000] {extract_bronze.py:88} INFO - Loaded 3957 rows from /opt/airflow/data/timesheets/timesheet_202510161124.csv to staging_timesheet
[2026-03-03T14:10:04.098+0000] {extract_bronze.py:88} INFO - Loaded 5000 rows from /opt/airflow/data/timesheets/timesheet_202509151540.csv to staging_timesheet
[2026-03-03T14:10:04.563+0000] {extract_bronze.py:88} INFO - Loaded 5000 rows from /opt/airflow/data/timesheets/timesheet_202509151540.csv to staging_timesheet
[2026-03-03T14:10:04.924+0000] {extract_bronze.py:88} INFO - Loaded 5000 rows from /opt/airflow/data/timesheets/timesheet_202509151540.csv to staging_timesheet
[2026-03-03T14:10:05.927+0000] {extract_bronze.py:88} INFO - Loaded 5000 rows from /opt/airflow/data/timesheets/timesheet_202509151540.csv to staging_timesheet
[2026-03-03T14:10:06.323+0000] {extract_bronze.py:88} INFO - Loaded 5000 rows from /opt/airflow/data/timesheets/timesheet_202509151540.csv to staging_timesheet
[2026-03-03T14:10:06.641+0000] {extract_bronze.py:88} INFO - Loaded 5000 rows from /opt/airflow/data/timesheets/timesheet_202509151540.csv to staging_timesheet
[2026-03-03T14:10:07.085+0000] {extract_bronze.py:88} INFO - Loaded 5000 rows from /opt/airflow/data/timesheets/timesheet_202509151540.csv to staging_timesheet
[2026-03-03T14:10:07.416+0000] {extract_bronze.py:88} INFO - Loaded 5000 rows from /opt/airflow/data/timesheets/timesheet_202509151540.csv to staging_timesheet
[2026-03-03T14:10:07.760+0000] {extract_bronze.py:88} INFO - Loaded 5000 rows from /opt/airflow/data/timesheets/timesheet_202509151540.csv to staging_timesheet
[2026-03-03T14:10:08.044+0000] {extract_bronze.py:88} INFO - Loaded 5000 rows from /opt/airflow/data/timesheets/timesheet_202509151540.csv to staging_timesheet
[2026-03-03T14:10:08.512+0000] {extract_bronze.py:88} INFO - Loaded 5000 rows from /opt/airflow/data/timesheets/timesheet_202509151540.csv to staging_timesheet
[2026-03-03T14:10:09.077+0000] {extract_bronze.py:88} INFO - Loaded 5000 rows from /opt/airflow/data/timesheets/timesheet_202509151540.csv to staging_timesheet
[2026-03-03T14:10:09.865+0000] {extract_bronze.py:88} INFO - Loaded 5000 rows from /opt/airflow/data/timesheets/timesheet_202509151540.csv to staging_timesheet
[2026-03-03T14:10:10.205+0000] {extract_bronze.py:88} INFO - Loaded 5000 rows from /opt/airflow/data/timesheets/timesheet_202509151540.csv to staging_timesheet
[2026-03-03T14:10:10.576+0000] {extract_bronze.py:88} INFO - Loaded 5000 rows from /opt/airflow/data/timesheets/timesheet_202509151540.csv to staging_timesheet
[2026-03-03T14:10:12.000+0000] {extract_bronze.py:88} INFO - Loaded 5000 rows from /opt/airflow/data/timesheets/timesheet_202509151540.csv to staging_timesheet
[2026-03-03T14:10:12.836+0000] {extract_bronze.py:88} INFO - Loaded 5000 rows from /opt/airflow/data/timesheets/timesheet_202509151540.csv to staging_timesheet
[2026-03-03T14:10:13.288+0000] {extract_bronze.py:88} INFO - Loaded 5000 rows from /opt/airflow/data/timesheets/timesheet_202509151540.csv to staging_timesheet
[2026-03-03T14:10:13.562+0000] {extract_bronze.py:88} INFO - Loaded 5000 rows from /opt/airflow/data/timesheets/timesheet_202509151540.csv to staging_timesheet
[2026-03-03T14:10:13.833+0000] {extract_bronze.py:88} INFO - Loaded 5000 rows from /opt/airflow/data/timesheets/timesheet_202509151540.csv to staging_timesheet
[2026-03-03T14:10:14.147+0000] {extract_bronze.py:88} INFO - Loaded 5000 rows from /opt/airflow/data/timesheets/timesheet_202509151540.csv to staging_timesheet
[2026-03-03T14:10:14.596+0000] {extract_bronze.py:88} INFO - Loaded 5000 rows from /opt/airflow/data/timesheets/timesheet_202509151540.csv to staging_timesheet
[2026-03-03T14:10:15.208+0000] {extract_bronze.py:88} INFO - Loaded 5000 rows from /opt/airflow/data/timesheets/timesheet_202509151540.csv to staging_timesheet
[2026-03-03T14:10:16.131+0000] {extract_bronze.py:88} INFO - Loaded 5000 rows from /opt/airflow/data/timesheets/timesheet_202509151540.csv to staging_timesheet
[2026-03-03T14:10:17.348+0000] {extract_bronze.py:88} INFO - Loaded 5000 rows from /opt/airflow/data/timesheets/timesheet_202509151540.csv to staging_timesheet
[2026-03-03T14:10:18.039+0000] {extract_bronze.py:88} INFO - Loaded 5000 rows from /opt/airflow/data/timesheets/timesheet_202509151540.csv to staging_timesheet
[2026-03-03T14:10:18.707+0000] {extract_bronze.py:88} INFO - Loaded 5000 rows from /opt/airflow/data/timesheets/timesheet_202509151540.csv to staging_timesheet
[2026-03-03T14:10:18.981+0000] {extract_bronze.py:88} INFO - Loaded 5000 rows from /opt/airflow/data/timesheets/timesheet_202509151540.csv to staging_timesheet
[2026-03-03T14:10:19.290+0000] {extract_bronze.py:88} INFO - Loaded 5000 rows from /opt/airflow/data/timesheets/timesheet_202509151540.csv to staging_timesheet
[2026-03-03T14:10:19.536+0000] {extract_bronze.py:88} INFO - Loaded 5000 rows from /opt/airflow/data/timesheets/timesheet_202509151540.csv to staging_timesheet
[2026-03-03T14:10:19.855+0000] {extract_bronze.py:88} INFO - Loaded 5000 rows from /opt/airflow/data/timesheets/timesheet_202509151540.csv to staging_timesheet
[2026-03-03T14:10:20.104+0000] {extract_bronze.py:88} INFO - Loaded 5000 rows from /opt/airflow/data/timesheets/timesheet_202509151540.csv to staging_timesheet
[2026-03-03T14:10:20.345+0000] {extract_bronze.py:88} INFO - Loaded 5000 rows from /opt/airflow/data/timesheets/timesheet_202509151540.csv to staging_timesheet
[2026-03-03T14:10:20.597+0000] {extract_bronze.py:88} INFO - Loaded 5000 rows from /opt/airflow/data/timesheets/timesheet_202509151540.csv to staging_timesheet
[2026-03-03T14:10:20.846+0000] {extract_bronze.py:88} INFO - Loaded 5000 rows from /opt/airflow/data/timesheets/timesheet_202509151540.csv to staging_timesheet
[2026-03-03T14:10:21.090+0000] {extract_bronze.py:88} INFO - Loaded 5000 rows from /opt/airflow/data/timesheets/timesheet_202509151540.csv to staging_timesheet
[2026-03-03T14:10:21.358+0000] {extract_bronze.py:88} INFO - Loaded 5000 rows from /opt/airflow/data/timesheets/timesheet_202509151540.csv to staging_timesheet
[2026-03-03T14:10:21.701+0000] {extract_bronze.py:88} INFO - Loaded 5000 rows from /opt/airflow/data/timesheets/timesheet_202509151540.csv to staging_timesheet
[2026-03-03T14:10:22.744+0000] {extract_bronze.py:88} INFO - Loaded 5000 rows from /opt/airflow/data/timesheets/timesheet_202509151540.csv to staging_timesheet
[2026-03-03T14:10:23.352+0000] {extract_bronze.py:88} INFO - Loaded 5000 rows from /opt/airflow/data/timesheets/timesheet_202509151540.csv to staging_timesheet
[2026-03-03T14:10:23.621+0000] {extract_bronze.py:88} INFO - Loaded 5000 rows from /opt/airflow/data/timesheets/timesheet_202509151540.csv to staging_timesheet
[2026-03-03T14:10:23.880+0000] {extract_bronze.py:88} INFO - Loaded 5000 rows from /opt/airflow/data/timesheets/timesheet_202509151540.csv to staging_timesheet
[2026-03-03T14:10:24.120+0000] {extract_bronze.py:88} INFO - Loaded 5000 rows from /opt/airflow/data/timesheets/timesheet_202509151540.csv to staging_timesheet
[2026-03-03T14:10:24.391+0000] {extract_bronze.py:88} INFO - Loaded 5000 rows from /opt/airflow/data/timesheets/timesheet_202509151540.csv to staging_timesheet
[2026-03-03T14:10:24.651+0000] {extract_bronze.py:88} INFO - Loaded 5000 rows from /opt/airflow/data/timesheets/timesheet_202509151540.csv to staging_timesheet
[2026-03-03T14:10:24.904+0000] {extract_bronze.py:88} INFO - Loaded 5000 rows from /opt/airflow/data/timesheets/timesheet_202509151540.csv to staging_timesheet
[2026-03-03T14:10:25.149+0000] {extract_bronze.py:88} INFO - Loaded 5000 rows from /opt/airflow/data/timesheets/timesheet_202509151540.csv to staging_timesheet
[2026-03-03T14:10:25.427+0000] {extract_bronze.py:88} INFO - Loaded 5000 rows from /opt/airflow/data/timesheets/timesheet_202509151540.csv to staging_timesheet
[2026-03-03T14:10:25.706+0000] {extract_bronze.py:88} INFO - Loaded 5000 rows from /opt/airflow/data/timesheets/timesheet_202509151540.csv to staging_timesheet
[2026-03-03T14:10:25.961+0000] {extract_bronze.py:88} INFO - Loaded 5000 rows from /opt/airflow/data/timesheets/timesheet_202509151540.csv to staging_timesheet
[2026-03-03T14:10:26.206+0000] {extract_bronze.py:88} INFO - Loaded 5000 rows from /opt/airflow/data/timesheets/timesheet_202509151540.csv to staging_timesheet
[2026-03-03T14:10:26.627+0000] {extract_bronze.py:88} INFO - Loaded 5000 rows from /opt/airflow/data/timesheets/timesheet_202509151540.csv to staging_timesheet
[2026-03-03T14:10:27.121+0000] {extract_bronze.py:88} INFO - Loaded 5000 rows from /opt/airflow/data/timesheets/timesheet_202509151540.csv to staging_timesheet
[2026-03-03T14:10:28.132+0000] {extract_bronze.py:88} INFO - Loaded 4921 rows from /opt/airflow/data/timesheets/timesheet_202509151540.csv to staging_timesheet
[2026-03-03T14:10:28.650+0000] {extract_bronze.py:88} INFO - Loaded 5000 rows from /opt/airflow/data/timesheets/timesheet_202510161122.csv to staging_timesheet
[2026-03-03T14:10:29.013+0000] {extract_bronze.py:88} INFO - Loaded 5000 rows from /opt/airflow/data/timesheets/timesheet_202510161122.csv to staging_timesheet
[2026-03-03T14:10:29.639+0000] {extract_bronze.py:88} INFO - Loaded 5000 rows from /opt/airflow/data/timesheets/timesheet_202510161122.csv to staging_timesheet
[2026-03-03T14:10:29.928+0000] {extract_bronze.py:88} INFO - Loaded 5000 rows from /opt/airflow/data/timesheets/timesheet_202510161122.csv to staging_timesheet
[2026-03-03T14:10:30.164+0000] {extract_bronze.py:88} INFO - Loaded 5000 rows from /opt/airflow/data/timesheets/timesheet_202510161122.csv to staging_timesheet
[2026-03-03T14:10:30.698+0000] {extract_bronze.py:88} INFO - Loaded 5000 rows from /opt/airflow/data/timesheets/timesheet_202510161122.csv to staging_timesheet
[2026-03-03T14:10:31.154+0000] {extract_bronze.py:88} INFO - Loaded 5000 rows from /opt/airflow/data/timesheets/timesheet_202510161122.csv to staging_timesheet
[2026-03-03T14:10:31.657+0000] {extract_bronze.py:88} INFO - Loaded 5000 rows from /opt/airflow/data/timesheets/timesheet_202510161122.csv to staging_timesheet
[2026-03-03T14:10:31.893+0000] {extract_bronze.py:88} INFO - Loaded 5000 rows from /opt/airflow/data/timesheets/timesheet_202510161122.csv to staging_timesheet
[2026-03-03T14:10:32.412+0000] {extract_bronze.py:88} INFO - Loaded 5000 rows from /opt/airflow/data/timesheets/timesheet_202510161122.csv to staging_timesheet
[2026-03-03T14:10:33.118+0000] {extract_bronze.py:88} INFO - Loaded 5000 rows from /opt/airflow/data/timesheets/timesheet_202510161122.csv to staging_timesheet
[2026-03-03T14:10:33.153+0000] {extract_bronze.py:88} INFO - Loaded 435 rows from /opt/airflow/data/timesheets/timesheet_202510161122.csv to staging_timesheet
[2026-03-03T14:10:34.346+0000] {extract_bronze.py:88} INFO - Loaded 5000 rows from /opt/airflow/data/timesheets/timesheet_202510161121.csv to staging_timesheet
[2026-03-03T14:10:35.809+0000] {extract_bronze.py:88} INFO - Loaded 5000 rows from /opt/airflow/data/timesheets/timesheet_202510161121.csv to staging_timesheet
[2026-03-03T14:10:36.172+0000] {extract_bronze.py:88} INFO - Loaded 5000 rows from /opt/airflow/data/timesheets/timesheet_202510161121.csv to staging_timesheet
[2026-03-03T14:10:36.698+0000] {extract_bronze.py:88} INFO - Loaded 5000 rows from /opt/airflow/data/timesheets/timesheet_202510161121.csv to staging_timesheet
[2026-03-03T14:10:36.980+0000] {extract_bronze.py:88} INFO - Loaded 5000 rows from /opt/airflow/data/timesheets/timesheet_202510161121.csv to staging_timesheet
[2026-03-03T14:10:37.252+0000] {extract_bronze.py:88} INFO - Loaded 5000 rows from /opt/airflow/data/timesheets/timesheet_202510161121.csv to staging_timesheet
[2026-03-03T14:10:37.495+0000] {extract_bronze.py:88} INFO - Loaded 5000 rows from /opt/airflow/data/timesheets/timesheet_202510161121.csv to staging_timesheet
[2026-03-03T14:10:37.731+0000] {extract_bronze.py:88} INFO - Loaded 5000 rows from /opt/airflow/data/timesheets/timesheet_202510161121.csv to staging_timesheet
[2026-03-03T14:10:37.966+0000] {extract_bronze.py:88} INFO - Loaded 5000 rows from /opt/airflow/data/timesheets/timesheet_202510161121.csv to staging_timesheet
[2026-03-03T14:10:38.113+0000] {extract_bronze.py:88} INFO - Loaded 3258 rows from /opt/airflow/data/timesheets/timesheet_202510161121.csv to staging_timesheet
[2026-03-03T14:10:38.114+0000] {extract_bronze.py:93} INFO - Total timesheet rows loaded: 412571
[2026-03-03T14:10:38.115+0000] {python.py:201} INFO - Done. Returned value was: None
[2026-03-03T14:10:38.154+0000] {taskinstance.py:1138} INFO - Marking task as SUCCESS. dag_id=etl_pipeline, task_id=extract_timesheets, execution_date=20260303T140952, start_date=20260303T140956, end_date=20260303T141038
[2026-03-03T14:10:38.201+0000] {local_task_job_runner.py:234} INFO - Task exited with return code 0
[2026-03-03T14:10:38.270+0000] {taskinstance.py:3280} INFO - 1 downstream tasks scheduled from follow-on schedule check
