[2026-03-03T04:26:12.896+0000] {taskinstance.py:1956} INFO - Dependencies all met for dep_context=non-requeueable deps ti=<TaskInstance: etl_pipeline.transform_employee manual__2026-03-03T04:26:07.739517+00:00 [queued]>
[2026-03-03T04:26:12.906+0000] {taskinstance.py:1956} INFO - Dependencies all met for dep_context=requeueable deps ti=<TaskInstance: etl_pipeline.transform_employee manual__2026-03-03T04:26:07.739517+00:00 [queued]>
[2026-03-03T04:26:12.907+0000] {taskinstance.py:2170} INFO - Starting attempt 1 of 2
[2026-03-03T04:26:12.920+0000] {taskinstance.py:2191} INFO - Executing <Task(PythonOperator): transform_employee> on 2026-03-03 04:26:07.739517+00:00
[2026-03-03T04:26:12.930+0000] {standard_task_runner.py:60} INFO - Started process 717 to run task
[2026-03-03T04:26:12.943+0000] {standard_task_runner.py:87} INFO - Running: ['airflow', 'tasks', 'run', 'etl_pipeline', 'transform_employee', 'manual__2026-03-03T04:26:07.739517+00:00', '--job-id', '35', '--raw', '--subdir', 'DAGS_FOLDER/etl_dag.py', '--cfg-path', '/tmp/tmpbn0_dmif']
[2026-03-03T04:26:12.949+0000] {standard_task_runner.py:88} INFO - Job 35: Subtask transform_employee
[2026-03-03T04:26:13.073+0000] {task_command.py:423} INFO - Running <TaskInstance: etl_pipeline.transform_employee manual__2026-03-03T04:26:07.739517+00:00 [running]> on host ad601963dc0b
[2026-03-03T04:26:13.678+0000] {taskinstance.py:2480} INFO - Exporting env vars: AIRFLOW_CTX_DAG_OWNER='etl_user' AIRFLOW_CTX_DAG_ID='etl_pipeline' AIRFLOW_CTX_TASK_ID='transform_employee' AIRFLOW_CTX_EXECUTION_DATE='2026-03-03T04:26:07.739517+00:00' AIRFLOW_CTX_TRY_NUMBER='1' AIRFLOW_CTX_DAG_RUN_ID='manual__2026-03-03T04:26:07.739517+00:00'
[2026-03-03T04:26:13.745+0000] {logging_mixin.py:188} WARNING - /opt/airflow/src/etl/transform_silver.py:41 UserWarning: Could not infer format, so each element will be parsed individually, falling back to `dateutil`. To ensure parsing is consistent and as-expected, please specify a format.
[2026-03-03T04:26:13.908+0000] {transform_silver.py:52} ERROR - Failed to transform employee: (psycopg2.errors.DependentObjectsStillExist) cannot drop table employee because other objects depend on it
DETAIL:  constraint fk_employee on table timesheet depends on table employee
HINT:  Use DROP ... CASCADE to drop the dependent objects too.

[SQL: 
DROP TABLE employee]
(Background on this error at: https://sqlalche.me/e/14/2j85)
Traceback (most recent call last):
  File "/home/airflow/.local/lib/python3.8/site-packages/sqlalchemy/engine/base.py", line 1910, in _execute_context
    self.dialect.do_execute(
  File "/home/airflow/.local/lib/python3.8/site-packages/sqlalchemy/engine/default.py", line 736, in do_execute
    cursor.execute(statement, parameters)
psycopg2.errors.DependentObjectsStillExist: cannot drop table employee because other objects depend on it
DETAIL:  constraint fk_employee on table timesheet depends on table employee
HINT:  Use DROP ... CASCADE to drop the dependent objects too.


The above exception was the direct cause of the following exception:

Traceback (most recent call last):
  File "/opt/airflow/src/etl/transform_silver.py", line 49, in transform_employee
    df.to_sql("employee", engine, if_exists="replace", index=False)
  File "/home/airflow/.local/lib/python3.8/site-packages/pandas/core/generic.py", line 2878, in to_sql
    return sql.to_sql(
  File "/home/airflow/.local/lib/python3.8/site-packages/pandas/io/sql.py", line 769, in to_sql
    return pandas_sql.to_sql(
  File "/home/airflow/.local/lib/python3.8/site-packages/pandas/io/sql.py", line 1910, in to_sql
    table = self.prep_table(
  File "/home/airflow/.local/lib/python3.8/site-packages/pandas/io/sql.py", line 1814, in prep_table
    table.create()
  File "/home/airflow/.local/lib/python3.8/site-packages/pandas/io/sql.py", line 907, in create
    self.pd_sql.drop_table(self.name, self.schema)
  File "/home/airflow/.local/lib/python3.8/site-packages/pandas/io/sql.py", line 1963, in drop_table
    self.get_table(table_name, schema).drop(bind=self.con)
  File "/home/airflow/.local/lib/python3.8/site-packages/sqlalchemy/sql/schema.py", line 979, in drop
    bind._run_ddl_visitor(ddl.SchemaDropper, self, checkfirst=checkfirst)
  File "/home/airflow/.local/lib/python3.8/site-packages/sqlalchemy/engine/base.py", line 2221, in _run_ddl_visitor
    visitorcallable(self.dialect, self, **kwargs).traverse_single(element)
  File "/home/airflow/.local/lib/python3.8/site-packages/sqlalchemy/sql/visitors.py", line 524, in traverse_single
    return meth(obj, **kw)
  File "/home/airflow/.local/lib/python3.8/site-packages/sqlalchemy/sql/ddl.py", line 1106, in visit_table
    self.connection.execute(DropTable(table))
  File "/home/airflow/.local/lib/python3.8/site-packages/sqlalchemy/engine/base.py", line 1385, in execute
    return meth(self, multiparams, params, _EMPTY_EXECUTION_OPTS)
  File "/home/airflow/.local/lib/python3.8/site-packages/sqlalchemy/sql/ddl.py", line 80, in _execute_on_connection
    return connection._execute_ddl(
  File "/home/airflow/.local/lib/python3.8/site-packages/sqlalchemy/engine/base.py", line 1477, in _execute_ddl
    ret = self._execute_context(
  File "/home/airflow/.local/lib/python3.8/site-packages/sqlalchemy/engine/base.py", line 1953, in _execute_context
    self._handle_dbapi_exception(
  File "/home/airflow/.local/lib/python3.8/site-packages/sqlalchemy/engine/base.py", line 2134, in _handle_dbapi_exception
    util.raise_(
  File "/home/airflow/.local/lib/python3.8/site-packages/sqlalchemy/util/compat.py", line 211, in raise_
    raise exception
  File "/home/airflow/.local/lib/python3.8/site-packages/sqlalchemy/engine/base.py", line 1910, in _execute_context
    self.dialect.do_execute(
  File "/home/airflow/.local/lib/python3.8/site-packages/sqlalchemy/engine/default.py", line 736, in do_execute
    cursor.execute(statement, parameters)
sqlalchemy.exc.InternalError: (psycopg2.errors.DependentObjectsStillExist) cannot drop table employee because other objects depend on it
DETAIL:  constraint fk_employee on table timesheet depends on table employee
HINT:  Use DROP ... CASCADE to drop the dependent objects too.

[SQL: 
DROP TABLE employee]
(Background on this error at: https://sqlalche.me/e/14/2j85)
[2026-03-03T04:26:13.965+0000] {python.py:201} INFO - Done. Returned value was: None
[2026-03-03T04:26:14.034+0000] {taskinstance.py:1138} INFO - Marking task as SUCCESS. dag_id=etl_pipeline, task_id=transform_employee, execution_date=20260303T042607, start_date=20260303T042612, end_date=20260303T042614
[2026-03-03T04:26:14.118+0000] {local_task_job_runner.py:234} INFO - Task exited with return code 0
[2026-03-03T04:26:14.271+0000] {taskinstance.py:3280} INFO - 0 downstream tasks scheduled from follow-on schedule check
