[2026-03-03T08:06:06.679+0000] {taskinstance.py:1956} INFO - Dependencies all met for dep_context=non-requeueable deps ti=<TaskInstance: etl_pipeline.extract_timesheets manual__2026-03-03T08:06:04.255902+00:00 [queued]>
[2026-03-03T08:06:06.703+0000] {taskinstance.py:1956} INFO - Dependencies all met for dep_context=requeueable deps ti=<TaskInstance: etl_pipeline.extract_timesheets manual__2026-03-03T08:06:04.255902+00:00 [queued]>
[2026-03-03T08:06:06.705+0000] {taskinstance.py:2170} INFO - Starting attempt 1 of 2
[2026-03-03T08:06:06.746+0000] {taskinstance.py:2191} INFO - Executing <Task(PythonOperator): extract_timesheets> on 2026-03-03 08:06:04.255902+00:00
[2026-03-03T08:06:06.764+0000] {standard_task_runner.py:60} INFO - Started process 178 to run task
[2026-03-03T08:06:06.768+0000] {standard_task_runner.py:87} INFO - Running: ['airflow', 'tasks', 'run', 'etl_pipeline', 'extract_timesheets', 'manual__2026-03-03T08:06:04.255902+00:00', '--job-id', '65', '--raw', '--subdir', 'DAGS_FOLDER/etl_dag.py', '--cfg-path', '/tmp/tmpwjhlmpjd']
[2026-03-03T08:06:06.787+0000] {standard_task_runner.py:88} INFO - Job 65: Subtask extract_timesheets
[2026-03-03T08:06:07.045+0000] {task_command.py:423} INFO - Running <TaskInstance: etl_pipeline.extract_timesheets manual__2026-03-03T08:06:04.255902+00:00 [running]> on host ad601963dc0b
[2026-03-03T08:06:08.699+0000] {taskinstance.py:2480} INFO - Exporting env vars: AIRFLOW_CTX_DAG_OWNER='etl_user' AIRFLOW_CTX_DAG_ID='etl_pipeline' AIRFLOW_CTX_TASK_ID='extract_timesheets' AIRFLOW_CTX_EXECUTION_DATE='2026-03-03T08:06:04.255902+00:00' AIRFLOW_CTX_TRY_NUMBER='1' AIRFLOW_CTX_DAG_RUN_ID='manual__2026-03-03T08:06:04.255902+00:00'
[2026-03-03T08:06:08.707+0000] {extract_bronze.py:66} INFO - Starting timesheet extraction from folder: /opt/airflow/data/timesheets
[2026-03-03T08:06:09.259+0000] {extract_bronze.py:88} INFO - Loaded 5000 rows from /opt/airflow/data/timesheets/timesheet_202510161124.csv to staging_timesheet
[2026-03-03T08:06:09.551+0000] {extract_bronze.py:88} INFO - Loaded 5000 rows from /opt/airflow/data/timesheets/timesheet_202510161124.csv to staging_timesheet
[2026-03-03T08:06:09.835+0000] {extract_bronze.py:88} INFO - Loaded 5000 rows from /opt/airflow/data/timesheets/timesheet_202510161124.csv to staging_timesheet
[2026-03-03T08:06:10.101+0000] {extract_bronze.py:88} INFO - Loaded 5000 rows from /opt/airflow/data/timesheets/timesheet_202510161124.csv to staging_timesheet
[2026-03-03T08:06:10.319+0000] {extract_bronze.py:88} INFO - Loaded 5000 rows from /opt/airflow/data/timesheets/timesheet_202510161124.csv to staging_timesheet
[2026-03-03T08:06:10.547+0000] {extract_bronze.py:88} INFO - Loaded 5000 rows from /opt/airflow/data/timesheets/timesheet_202510161124.csv to staging_timesheet
[2026-03-03T08:06:10.780+0000] {extract_bronze.py:88} INFO - Loaded 5000 rows from /opt/airflow/data/timesheets/timesheet_202510161124.csv to staging_timesheet
[2026-03-03T08:06:10.945+0000] {extract_bronze.py:88} INFO - Loaded 3957 rows from /opt/airflow/data/timesheets/timesheet_202510161124.csv to staging_timesheet
[2026-03-03T08:06:11.431+0000] {extract_bronze.py:88} INFO - Loaded 5000 rows from /opt/airflow/data/timesheets/timesheet_202509151540.csv to staging_timesheet
[2026-03-03T08:06:12.016+0000] {extract_bronze.py:88} INFO - Loaded 5000 rows from /opt/airflow/data/timesheets/timesheet_202509151540.csv to staging_timesheet
[2026-03-03T08:06:12.318+0000] {extract_bronze.py:88} INFO - Loaded 5000 rows from /opt/airflow/data/timesheets/timesheet_202509151540.csv to staging_timesheet
[2026-03-03T08:06:12.587+0000] {extract_bronze.py:88} INFO - Loaded 5000 rows from /opt/airflow/data/timesheets/timesheet_202509151540.csv to staging_timesheet
[2026-03-03T08:06:12.847+0000] {extract_bronze.py:88} INFO - Loaded 5000 rows from /opt/airflow/data/timesheets/timesheet_202509151540.csv to staging_timesheet
[2026-03-03T08:06:13.122+0000] {extract_bronze.py:88} INFO - Loaded 5000 rows from /opt/airflow/data/timesheets/timesheet_202509151540.csv to staging_timesheet
[2026-03-03T08:06:13.410+0000] {extract_bronze.py:88} INFO - Loaded 5000 rows from /opt/airflow/data/timesheets/timesheet_202509151540.csv to staging_timesheet
[2026-03-03T08:06:13.693+0000] {extract_bronze.py:88} INFO - Loaded 5000 rows from /opt/airflow/data/timesheets/timesheet_202509151540.csv to staging_timesheet
[2026-03-03T08:06:13.944+0000] {extract_bronze.py:88} INFO - Loaded 5000 rows from /opt/airflow/data/timesheets/timesheet_202509151540.csv to staging_timesheet
[2026-03-03T08:06:14.237+0000] {extract_bronze.py:88} INFO - Loaded 5000 rows from /opt/airflow/data/timesheets/timesheet_202509151540.csv to staging_timesheet
[2026-03-03T08:06:14.531+0000] {extract_bronze.py:88} INFO - Loaded 5000 rows from /opt/airflow/data/timesheets/timesheet_202509151540.csv to staging_timesheet
[2026-03-03T08:06:14.805+0000] {extract_bronze.py:88} INFO - Loaded 5000 rows from /opt/airflow/data/timesheets/timesheet_202509151540.csv to staging_timesheet
[2026-03-03T08:06:15.077+0000] {extract_bronze.py:88} INFO - Loaded 5000 rows from /opt/airflow/data/timesheets/timesheet_202509151540.csv to staging_timesheet
[2026-03-03T08:06:15.365+0000] {extract_bronze.py:88} INFO - Loaded 5000 rows from /opt/airflow/data/timesheets/timesheet_202509151540.csv to staging_timesheet
[2026-03-03T08:06:15.791+0000] {extract_bronze.py:88} INFO - Loaded 5000 rows from /opt/airflow/data/timesheets/timesheet_202509151540.csv to staging_timesheet
[2026-03-03T08:06:16.027+0000] {extract_bronze.py:88} INFO - Loaded 5000 rows from /opt/airflow/data/timesheets/timesheet_202509151540.csv to staging_timesheet
[2026-03-03T08:06:16.329+0000] {extract_bronze.py:88} INFO - Loaded 5000 rows from /opt/airflow/data/timesheets/timesheet_202509151540.csv to staging_timesheet
[2026-03-03T08:06:16.646+0000] {extract_bronze.py:88} INFO - Loaded 5000 rows from /opt/airflow/data/timesheets/timesheet_202509151540.csv to staging_timesheet
[2026-03-03T08:06:16.946+0000] {extract_bronze.py:88} INFO - Loaded 5000 rows from /opt/airflow/data/timesheets/timesheet_202509151540.csv to staging_timesheet
[2026-03-03T08:06:17.215+0000] {extract_bronze.py:88} INFO - Loaded 5000 rows from /opt/airflow/data/timesheets/timesheet_202509151540.csv to staging_timesheet
[2026-03-03T08:06:17.466+0000] {extract_bronze.py:88} INFO - Loaded 5000 rows from /opt/airflow/data/timesheets/timesheet_202509151540.csv to staging_timesheet
[2026-03-03T08:06:17.715+0000] {extract_bronze.py:88} INFO - Loaded 5000 rows from /opt/airflow/data/timesheets/timesheet_202509151540.csv to staging_timesheet
[2026-03-03T08:06:17.954+0000] {extract_bronze.py:88} INFO - Loaded 5000 rows from /opt/airflow/data/timesheets/timesheet_202509151540.csv to staging_timesheet
[2026-03-03T08:06:18.202+0000] {extract_bronze.py:88} INFO - Loaded 5000 rows from /opt/airflow/data/timesheets/timesheet_202509151540.csv to staging_timesheet
[2026-03-03T08:06:18.432+0000] {extract_bronze.py:88} INFO - Loaded 5000 rows from /opt/airflow/data/timesheets/timesheet_202509151540.csv to staging_timesheet
[2026-03-03T08:06:18.810+0000] {extract_bronze.py:88} INFO - Loaded 5000 rows from /opt/airflow/data/timesheets/timesheet_202509151540.csv to staging_timesheet
[2026-03-03T08:06:19.072+0000] {extract_bronze.py:88} INFO - Loaded 5000 rows from /opt/airflow/data/timesheets/timesheet_202509151540.csv to staging_timesheet
[2026-03-03T08:06:19.340+0000] {extract_bronze.py:88} INFO - Loaded 5000 rows from /opt/airflow/data/timesheets/timesheet_202509151540.csv to staging_timesheet
[2026-03-03T08:06:19.569+0000] {extract_bronze.py:88} INFO - Loaded 5000 rows from /opt/airflow/data/timesheets/timesheet_202509151540.csv to staging_timesheet
[2026-03-03T08:06:19.805+0000] {extract_bronze.py:88} INFO - Loaded 5000 rows from /opt/airflow/data/timesheets/timesheet_202509151540.csv to staging_timesheet
[2026-03-03T08:06:20.047+0000] {extract_bronze.py:88} INFO - Loaded 5000 rows from /opt/airflow/data/timesheets/timesheet_202509151540.csv to staging_timesheet
[2026-03-03T08:06:20.282+0000] {extract_bronze.py:88} INFO - Loaded 5000 rows from /opt/airflow/data/timesheets/timesheet_202509151540.csv to staging_timesheet
[2026-03-03T08:06:20.641+0000] {extract_bronze.py:88} INFO - Loaded 5000 rows from /opt/airflow/data/timesheets/timesheet_202509151540.csv to staging_timesheet
[2026-03-03T08:06:20.959+0000] {extract_bronze.py:88} INFO - Loaded 5000 rows from /opt/airflow/data/timesheets/timesheet_202509151540.csv to staging_timesheet
[2026-03-03T08:06:21.207+0000] {extract_bronze.py:88} INFO - Loaded 5000 rows from /opt/airflow/data/timesheets/timesheet_202509151540.csv to staging_timesheet
[2026-03-03T08:06:21.451+0000] {extract_bronze.py:88} INFO - Loaded 5000 rows from /opt/airflow/data/timesheets/timesheet_202509151540.csv to staging_timesheet
[2026-03-03T08:06:21.684+0000] {extract_bronze.py:88} INFO - Loaded 5000 rows from /opt/airflow/data/timesheets/timesheet_202509151540.csv to staging_timesheet
[2026-03-03T08:06:22.206+0000] {extract_bronze.py:88} INFO - Loaded 5000 rows from /opt/airflow/data/timesheets/timesheet_202509151540.csv to staging_timesheet
[2026-03-03T08:06:22.442+0000] {extract_bronze.py:88} INFO - Loaded 5000 rows from /opt/airflow/data/timesheets/timesheet_202509151540.csv to staging_timesheet
[2026-03-03T08:06:22.840+0000] {extract_bronze.py:88} INFO - Loaded 5000 rows from /opt/airflow/data/timesheets/timesheet_202509151540.csv to staging_timesheet
[2026-03-03T08:06:23.280+0000] {extract_bronze.py:88} INFO - Loaded 5000 rows from /opt/airflow/data/timesheets/timesheet_202509151540.csv to staging_timesheet
[2026-03-03T08:06:23.657+0000] {extract_bronze.py:88} INFO - Loaded 5000 rows from /opt/airflow/data/timesheets/timesheet_202509151540.csv to staging_timesheet
[2026-03-03T08:06:24.051+0000] {extract_bronze.py:88} INFO - Loaded 5000 rows from /opt/airflow/data/timesheets/timesheet_202509151540.csv to staging_timesheet
[2026-03-03T08:06:24.308+0000] {extract_bronze.py:88} INFO - Loaded 5000 rows from /opt/airflow/data/timesheets/timesheet_202509151540.csv to staging_timesheet
[2026-03-03T08:06:24.550+0000] {extract_bronze.py:88} INFO - Loaded 5000 rows from /opt/airflow/data/timesheets/timesheet_202509151540.csv to staging_timesheet
[2026-03-03T08:06:24.788+0000] {extract_bronze.py:88} INFO - Loaded 5000 rows from /opt/airflow/data/timesheets/timesheet_202509151540.csv to staging_timesheet
[2026-03-03T08:06:25.019+0000] {extract_bronze.py:88} INFO - Loaded 5000 rows from /opt/airflow/data/timesheets/timesheet_202509151540.csv to staging_timesheet
[2026-03-03T08:06:25.258+0000] {extract_bronze.py:88} INFO - Loaded 5000 rows from /opt/airflow/data/timesheets/timesheet_202509151540.csv to staging_timesheet
[2026-03-03T08:06:25.485+0000] {extract_bronze.py:88} INFO - Loaded 5000 rows from /opt/airflow/data/timesheets/timesheet_202509151540.csv to staging_timesheet
[2026-03-03T08:06:26.005+0000] {extract_bronze.py:88} INFO - Loaded 5000 rows from /opt/airflow/data/timesheets/timesheet_202509151540.csv to staging_timesheet
[2026-03-03T08:06:26.262+0000] {extract_bronze.py:88} INFO - Loaded 5000 rows from /opt/airflow/data/timesheets/timesheet_202509151540.csv to staging_timesheet
[2026-03-03T08:06:26.514+0000] {extract_bronze.py:88} INFO - Loaded 5000 rows from /opt/airflow/data/timesheets/timesheet_202509151540.csv to staging_timesheet
[2026-03-03T08:06:26.752+0000] {extract_bronze.py:88} INFO - Loaded 5000 rows from /opt/airflow/data/timesheets/timesheet_202509151540.csv to staging_timesheet
[2026-03-03T08:06:27.015+0000] {extract_bronze.py:88} INFO - Loaded 4921 rows from /opt/airflow/data/timesheets/timesheet_202509151540.csv to staging_timesheet
[2026-03-03T08:06:27.398+0000] {extract_bronze.py:88} INFO - Loaded 5000 rows from /opt/airflow/data/timesheets/timesheet_202510161122.csv to staging_timesheet
[2026-03-03T08:06:27.598+0000] {extract_bronze.py:88} INFO - Loaded 5000 rows from /opt/airflow/data/timesheets/timesheet_202510161122.csv to staging_timesheet
[2026-03-03T08:06:27.799+0000] {extract_bronze.py:88} INFO - Loaded 5000 rows from /opt/airflow/data/timesheets/timesheet_202510161122.csv to staging_timesheet
[2026-03-03T08:06:28.004+0000] {extract_bronze.py:88} INFO - Loaded 5000 rows from /opt/airflow/data/timesheets/timesheet_202510161122.csv to staging_timesheet
[2026-03-03T08:06:28.213+0000] {extract_bronze.py:88} INFO - Loaded 5000 rows from /opt/airflow/data/timesheets/timesheet_202510161122.csv to staging_timesheet
[2026-03-03T08:06:28.410+0000] {extract_bronze.py:88} INFO - Loaded 5000 rows from /opt/airflow/data/timesheets/timesheet_202510161122.csv to staging_timesheet
[2026-03-03T08:06:28.615+0000] {extract_bronze.py:88} INFO - Loaded 5000 rows from /opt/airflow/data/timesheets/timesheet_202510161122.csv to staging_timesheet
[2026-03-03T08:06:28.828+0000] {extract_bronze.py:88} INFO - Loaded 5000 rows from /opt/airflow/data/timesheets/timesheet_202510161122.csv to staging_timesheet
[2026-03-03T08:06:29.302+0000] {extract_bronze.py:88} INFO - Loaded 5000 rows from /opt/airflow/data/timesheets/timesheet_202510161122.csv to staging_timesheet
[2026-03-03T08:06:29.502+0000] {extract_bronze.py:88} INFO - Loaded 5000 rows from /opt/airflow/data/timesheets/timesheet_202510161122.csv to staging_timesheet
[2026-03-03T08:06:29.713+0000] {extract_bronze.py:88} INFO - Loaded 5000 rows from /opt/airflow/data/timesheets/timesheet_202510161122.csv to staging_timesheet
[2026-03-03T08:06:29.736+0000] {extract_bronze.py:88} INFO - Loaded 435 rows from /opt/airflow/data/timesheets/timesheet_202510161122.csv to staging_timesheet
[2026-03-03T08:06:30.022+0000] {extract_bronze.py:88} INFO - Loaded 5000 rows from /opt/airflow/data/timesheets/timesheet_202510161121.csv to staging_timesheet
[2026-03-03T08:06:30.288+0000] {extract_bronze.py:88} INFO - Loaded 5000 rows from /opt/airflow/data/timesheets/timesheet_202510161121.csv to staging_timesheet
[2026-03-03T08:06:30.542+0000] {extract_bronze.py:88} INFO - Loaded 5000 rows from /opt/airflow/data/timesheets/timesheet_202510161121.csv to staging_timesheet
[2026-03-03T08:06:30.801+0000] {extract_bronze.py:88} INFO - Loaded 5000 rows from /opt/airflow/data/timesheets/timesheet_202510161121.csv to staging_timesheet
[2026-03-03T08:06:31.031+0000] {extract_bronze.py:88} INFO - Loaded 5000 rows from /opt/airflow/data/timesheets/timesheet_202510161121.csv to staging_timesheet
[2026-03-03T08:06:31.266+0000] {extract_bronze.py:88} INFO - Loaded 5000 rows from /opt/airflow/data/timesheets/timesheet_202510161121.csv to staging_timesheet
[2026-03-03T08:06:31.515+0000] {extract_bronze.py:88} INFO - Loaded 5000 rows from /opt/airflow/data/timesheets/timesheet_202510161121.csv to staging_timesheet
[2026-03-03T08:06:31.746+0000] {extract_bronze.py:88} INFO - Loaded 5000 rows from /opt/airflow/data/timesheets/timesheet_202510161121.csv to staging_timesheet
[2026-03-03T08:06:32.064+0000] {extract_bronze.py:88} INFO - Loaded 5000 rows from /opt/airflow/data/timesheets/timesheet_202510161121.csv to staging_timesheet
[2026-03-03T08:06:32.216+0000] {extract_bronze.py:88} INFO - Loaded 3258 rows from /opt/airflow/data/timesheets/timesheet_202510161121.csv to staging_timesheet
[2026-03-03T08:06:32.216+0000] {extract_bronze.py:93} INFO - Total timesheet rows loaded: 412571
[2026-03-03T08:06:32.217+0000] {python.py:201} INFO - Done. Returned value was: None
[2026-03-03T08:06:32.237+0000] {taskinstance.py:1138} INFO - Marking task as SUCCESS. dag_id=etl_pipeline, task_id=extract_timesheets, execution_date=20260303T080604, start_date=20260303T080606, end_date=20260303T080632
[2026-03-03T08:06:32.270+0000] {local_task_job_runner.py:234} INFO - Task exited with return code 0
[2026-03-03T08:06:32.297+0000] {taskinstance.py:3280} INFO - 1 downstream tasks scheduled from follow-on schedule check
